#
# There is insufficient memory for the Java Runtime Environment to continue.
# Native memory allocation (malloc) failed to allocate 32744 bytes for ChunkPool::allocate
# Possible reasons:
#   The system is out of physical RAM or swap space
#   The process is running with CompressedOops enabled, and the Java Heap may be blocking the growth of the native heap
# Possible solutions:
#   Reduce memory load on the system
#   Increase physical memory or swap space
#   Check if swap backing store is full
#   Decrease Java heap size (-Xmx/-Xms)
#   Decrease number of Java threads
#   Decrease Java thread stack sizes (-Xss)
#   Set larger code cache with -XX:ReservedCodeCacheSize=
#   JVM is running with Unscaled Compressed Oops mode in which the Java heap is
#     placed in the first 4GB address space. The Java Heap base address is the
#     maximum limit for the native heap growth. Please use -XX:HeapBaseMinAddress
#     to set the Java Heap base and to place the Java Heap above 4GB virtual address.
# This output file may be truncated or incomplete.
#
#  Out of Memory Error (arena.cpp:78), pid=16060, tid=15624
#
# JRE version: Java(TM) SE Runtime Environment (17.0.11+7) (build 17.0.11+7-LTS-207)
# Java VM: Java HotSpot(TM) 64-Bit Server VM (17.0.11+7-LTS-207, mixed mode, sharing, tiered, compressed oops, compressed class ptrs, g1 gc, windows-amd64)
# No core dump will be written. Minidumps are not enabled by default on client versions of Windows
#

---------------  S U M M A R Y ------------

Command Line: -Dorg.gradle.internal.worker.tmpdir=C:\Users\user\Desktop\new-folder\KDT_DBE1_Toy_Project2\shop29\build\tmp\test\work -Xmx512m -Dfile.encoding=UTF-8 -Duser.country=KR -Duser.language=ko -Duser.variant -ea worker.org.gradle.process.internal.worker.GradleWorkerMain 'Gradle Test Executor 35'

Host: 11th Gen Intel(R) Core(TM) i5-1135G7 @ 2.40GHz, 8 cores, 15G,  Windows 11 , 64 bit Build 22621 (10.0.22621.3672)
Time: Fri Aug 16 00:11:21 2024  Windows 11 , 64 bit Build 22621 (10.0.22621.3672) elapsed time: 0.539637 seconds (0d 0h 0m 0s)

---------------  T H R E A D  ---------------

Current thread (0x000001e3f90f0450):  JavaThread "C1 CompilerThread0" daemon [_thread_in_native, id=15624, stack(0x000000a902700000,0x000000a902800000)]


Current CompileTask:
C1:    539 1057       3       java.net.URLStreamHandler::parseURL (1201 bytes)

Stack: [0x000000a902700000,0x000000a902800000]
Native frames: (J=compiled Java code, j=interpreted, Vv=VM code, C=native code)
V  [jvm.dll+0x679cca]
V  [jvm.dll+0x7da13d]
V  [jvm.dll+0x7dba83]
V  [jvm.dll+0x7dc0f3]
V  [jvm.dll+0x2449af]
V  [jvm.dll+0xaba8c]
V  [jvm.dll+0xabe1c]
V  [jvm.dll+0x11c425]
V  [jvm.dll+0x178d71]
V  [jvm.dll+0x179353]
V  [jvm.dll+0x134ce3]
V  [jvm.dll+0x1345af]
V  [jvm.dll+0x1347f8]
V  [jvm.dll+0x133c81]
V  [jvm.dll+0x13596d]
V  [jvm.dll+0x225a2b]
V  [jvm.dll+0x223bcb]
V  [jvm.dll+0x7903ec]
V  [jvm.dll+0x78a85a]
V  [jvm.dll+0x678bb5]
C  [ucrtbase.dll+0x29333]
C  [KERNEL32.DLL+0x1257d]
C  [ntdll.dll+0x5af28]


---------------  P R O C E S S  ---------------

Threads class SMR info:
_java_thread_list=0x000001e3f9a40370, length=16, elements={
0x000001e3ed7baa00, 0x000001e3f90c7d20, 0x000001e3f90c88e0, 0x000001e3f90e8790,
0x000001e3f90eb770, 0x000001e3f90ee240, 0x000001e3f90eec00, 0x000001e3f90ef9a0,
0x000001e3f90f0450, 0x000001e3f90f1260, 0x000001e3f92343a0, 0x000001e3f9238f60,
0x000001e3f99e6530, 0x000001e3f9ab9040, 0x000001e3f9a94920, 0x000001e3f9806010
}

Java Threads: ( => current thread )
  0x000001e3ed7baa00 JavaThread "Test worker" [_thread_in_vm, id=10800, stack(0x000000a901900000,0x000000a901a00000)]
  0x000001e3f90c7d20 JavaThread "Reference Handler" daemon [_thread_blocked, id=5488, stack(0x000000a902000000,0x000000a902100000)]
  0x000001e3f90c88e0 JavaThread "Finalizer" daemon [_thread_blocked, id=3672, stack(0x000000a902100000,0x000000a902200000)]
  0x000001e3f90e8790 JavaThread "Signal Dispatcher" daemon [_thread_blocked, id=11656, stack(0x000000a902200000,0x000000a902300000)]
  0x000001e3f90eb770 JavaThread "Attach Listener" daemon [_thread_blocked, id=5056, stack(0x000000a902300000,0x000000a902400000)]
  0x000001e3f90ee240 JavaThread "Service Thread" daemon [_thread_blocked, id=11092, stack(0x000000a902400000,0x000000a902500000)]
  0x000001e3f90eec00 JavaThread "Monitor Deflation Thread" daemon [_thread_blocked, id=7156, stack(0x000000a902500000,0x000000a902600000)]
  0x000001e3f90ef9a0 JavaThread "C2 CompilerThread0" daemon [_thread_in_native, id=3844, stack(0x000000a902600000,0x000000a902700000)]
=>0x000001e3f90f0450 JavaThread "C1 CompilerThread0" daemon [_thread_in_native, id=15624, stack(0x000000a902700000,0x000000a902800000)]
  0x000001e3f90f1260 JavaThread "Sweeper thread" daemon [_thread_blocked, id=17048, stack(0x000000a902800000,0x000000a902900000)]
  0x000001e3f92343a0 JavaThread "Notification Thread" daemon [_thread_blocked, id=1364, stack(0x000000a902900000,0x000000a902a00000)]
  0x000001e3f9238f60 JavaThread "Common-Cleaner" daemon [_thread_blocked, id=5284, stack(0x000000a902b00000,0x000000a902c00000)]
  0x000001e3f99e6530 JavaThread "/127.0.0.1:52508 to /127.0.0.1:52507 workers" [_thread_blocked, id=2028, stack(0x000000a902d00000,0x000000a902e00000)]
  0x000001e3f9ab9040 JavaThread "C2 CompilerThread1" daemon [_thread_in_native, id=7668, stack(0x000000a902e00000,0x000000a902f00000)]
  0x000001e3f9a94920 JavaThread "/127.0.0.1:52508 to /127.0.0.1:52507 workers Thread 2" [_thread_blocked, id=15052, stack(0x000000a902f00000,0x000000a903000000)]
  0x000001e3f9806010 JavaThread "/127.0.0.1:52508 to /127.0.0.1:52507 workers Thread 3" [_thread_in_native, id=13444, stack(0x000000a903000000,0x000000a903100000)]

Other Threads:
  0x000001e3f90bfad0 VMThread "VM Thread" [stack: 0x000000a901f00000,0x000000a902000000] [id=7920]
  0x000001e3f9235ee0 WatcherThread [stack: 0x000000a902a00000,0x000000a902b00000] [id=3696]
  0x000001e3ed7ef6d0 GCTaskThread "GC Thread#0" [stack: 0x000000a901a00000,0x000000a901b00000] [id=2140]
  0x000001e3ed7f2600 ConcurrentGCThread "G1 Main Marker" [stack: 0x000000a901b00000,0x000000a901c00000] [id=6964]
  0x000001e3ed7f3010 ConcurrentGCThread "G1 Conc#0" [stack: 0x000000a901c00000,0x000000a901d00000] [id=14708]
  0x000001e3ed86e360 ConcurrentGCThread "G1 Refine#0" [stack: 0x000000a901d00000,0x000000a901e00000] [id=12504]
  0x000001e3f8f83150 ConcurrentGCThread "G1 Service" [stack: 0x000000a901e00000,0x000000a901f00000] [id=6112]

Threads with active compile tasks:
C2 CompilerThread0      551 1066   !   4       java.util.zip.ZipFile$Source::getEntryPos (181 bytes)
C1 CompilerThread0      551 1057       3       java.net.URLStreamHandler::parseURL (1201 bytes)
C2 CompilerThread1      551 1034   !   4       jdk.internal.loader.URLClassPath$JarLoader::getResource (65 bytes)

VM state: not at safepoint (normal execution)

VM Mutex/Monitor currently owned by a thread: None

Heap address: 0x00000000e0000000, size: 512 MB, Compressed Oops mode: 32-bit

CDS archive(s) mapped at: [0x000001e38f000000-0x000001e38fbd0000-0x000001e38fbd0000), size 12386304, SharedBaseAddress: 0x000001e38f000000, ArchiveRelocationMode: 1.
Compressed class space mapped at: 0x000001e390000000-0x000001e3d0000000, reserved size: 1073741824
Narrow klass base: 0x000001e38f000000, Narrow klass shift: 0, Narrow klass range: 0x100000000

GC Precious Log:
 CPUs: 8 total, 8 available
 Memory: 16183M
 Large Page Support: Disabled
 NUMA Support: Disabled
 Compressed Oops: Enabled (32-bit)
 Heap Region Size: 1M
 Heap Min Capacity: 8M
 Heap Initial Capacity: 254M
 Heap Max Capacity: 512M
 Pre-touch: Disabled
 Parallel Workers: 8
 Concurrent Workers: 2
 Concurrent Refinement Workers: 8
 Periodic GC: Disabled

Heap:
 garbage-first heap   total 260096K, used 21504K [0x00000000e0000000, 0x0000000100000000)
  region size 1024K, 23 young (23552K), 0 survivors (0K)
 Metaspace       used 5870K, committed 6080K, reserved 1114112K
  class space    used 752K, committed 896K, reserved 1048576K

Heap Regions: E=young(eden), S=young(survivor), O=old, HS=humongous(starts), HC=humongous(continues), CS=collection set, F=free, OA=open archive, CA=closed archive, TAMS=top-at-mark-start (previous, next)
|   0|0x00000000e0000000, 0x00000000e0000000, 0x00000000e0100000|  0%| F|  |TAMS 0x00000000e0000000, 0x00000000e0000000| Untracked 
|   1|0x00000000e0100000, 0x00000000e0100000, 0x00000000e0200000|  0%| F|  |TAMS 0x00000000e0100000, 0x00000000e0100000| Untracked 
|   2|0x00000000e0200000, 0x00000000e0200000, 0x00000000e0300000|  0%| F|  |TAMS 0x00000000e0200000, 0x00000000e0200000| Untracked 
|   3|0x00000000e0300000, 0x00000000e0300000, 0x00000000e0400000|  0%| F|  |TAMS 0x00000000e0300000, 0x00000000e0300000| Untracked 
|   4|0x00000000e0400000, 0x00000000e0400000, 0x00000000e0500000|  0%| F|  |TAMS 0x00000000e0400000, 0x00000000e0400000| Untracked 
|   5|0x00000000e0500000, 0x00000000e0500000, 0x00000000e0600000|  0%| F|  |TAMS 0x00000000e0500000, 0x00000000e0500000| Untracked 
|   6|0x00000000e0600000, 0x00000000e0600000, 0x00000000e0700000|  0%| F|  |TAMS 0x00000000e0600000, 0x00000000e0600000| Untracked 
|   7|0x00000000e0700000, 0x00000000e0700000, 0x00000000e0800000|  0%| F|  |TAMS 0x00000000e0700000, 0x00000000e0700000| Untracked 
|   8|0x00000000e0800000, 0x00000000e0800000, 0x00000000e0900000|  0%| F|  |TAMS 0x00000000e0800000, 0x00000000e0800000| Untracked 
|   9|0x00000000e0900000, 0x00000000e0900000, 0x00000000e0a00000|  0%| F|  |TAMS 0x00000000e0900000, 0x00000000e0900000| Untracked 
|  10|0x00000000e0a00000, 0x00000000e0a00000, 0x00000000e0b00000|  0%| F|  |TAMS 0x00000000e0a00000, 0x00000000e0a00000| Untracked 
|  11|0x00000000e0b00000, 0x00000000e0b00000, 0x00000000e0c00000|  0%| F|  |TAMS 0x00000000e0b00000, 0x00000000e0b00000| Untracked 
|  12|0x00000000e0c00000, 0x00000000e0c00000, 0x00000000e0d00000|  0%| F|  |TAMS 0x00000000e0c00000, 0x00000000e0c00000| Untracked 
|  13|0x00000000e0d00000, 0x00000000e0d00000, 0x00000000e0e00000|  0%| F|  |TAMS 0x00000000e0d00000, 0x00000000e0d00000| Untracked 
|  14|0x00000000e0e00000, 0x00000000e0e00000, 0x00000000e0f00000|  0%| F|  |TAMS 0x00000000e0e00000, 0x00000000e0e00000| Untracked 
|  15|0x00000000e0f00000, 0x00000000e0f00000, 0x00000000e1000000|  0%| F|  |TAMS 0x00000000e0f00000, 0x00000000e0f00000| Untracked 
|  16|0x00000000e1000000, 0x00000000e1000000, 0x00000000e1100000|  0%| F|  |TAMS 0x00000000e1000000, 0x00000000e1000000| Untracked 
|  17|0x00000000e1100000, 0x00000000e1100000, 0x00000000e1200000|  0%| F|  |TAMS 0x00000000e1100000, 0x00000000e1100000| Untracked 
|  18|0x00000000e1200000, 0x00000000e1200000, 0x00000000e1300000|  0%| F|  |TAMS 0x00000000e1200000, 0x00000000e1200000| Untracked 
|  19|0x00000000e1300000, 0x00000000e1300000, 0x00000000e1400000|  0%| F|  |TAMS 0x00000000e1300000, 0x00000000e1300000| Untracked 
|  20|0x00000000e1400000, 0x00000000e1400000, 0x00000000e1500000|  0%| F|  |TAMS 0x00000000e1400000, 0x00000000e1400000| Untracked 
|  21|0x00000000e1500000, 0x00000000e1500000, 0x00000000e1600000|  0%| F|  |TAMS 0x00000000e1500000, 0x00000000e1500000| Untracked 
|  22|0x00000000e1600000, 0x00000000e1600000, 0x00000000e1700000|  0%| F|  |TAMS 0x00000000e1600000, 0x00000000e1600000| Untracked 
|  23|0x00000000e1700000, 0x00000000e1700000, 0x00000000e1800000|  0%| F|  |TAMS 0x00000000e1700000, 0x00000000e1700000| Untracked 
|  24|0x00000000e1800000, 0x00000000e1800000, 0x00000000e1900000|  0%| F|  |TAMS 0x00000000e1800000, 0x00000000e1800000| Untracked 
|  25|0x00000000e1900000, 0x00000000e1900000, 0x00000000e1a00000|  0%| F|  |TAMS 0x00000000e1900000, 0x00000000e1900000| Untracked 
|  26|0x00000000e1a00000, 0x00000000e1a00000, 0x00000000e1b00000|  0%| F|  |TAMS 0x00000000e1a00000, 0x00000000e1a00000| Untracked 
|  27|0x00000000e1b00000, 0x00000000e1b00000, 0x00000000e1c00000|  0%| F|  |TAMS 0x00000000e1b00000, 0x00000000e1b00000| Untracked 
|  28|0x00000000e1c00000, 0x00000000e1c00000, 0x00000000e1d00000|  0%| F|  |TAMS 0x00000000e1c00000, 0x00000000e1c00000| Untracked 
|  29|0x00000000e1d00000, 0x00000000e1d00000, 0x00000000e1e00000|  0%| F|  |TAMS 0x00000000e1d00000, 0x00000000e1d00000| Untracked 
|  30|0x00000000e1e00000, 0x00000000e1e00000, 0x00000000e1f00000|  0%| F|  |TAMS 0x00000000e1e00000, 0x00000000e1e00000| Untracked 
|  31|0x00000000e1f00000, 0x00000000e1f00000, 0x00000000e2000000|  0%| F|  |TAMS 0x00000000e1f00000, 0x00000000e1f00000| Untracked 
|  32|0x00000000e2000000, 0x00000000e2000000, 0x00000000e2100000|  0%| F|  |TAMS 0x00000000e2000000, 0x00000000e2000000| Untracked 
|  33|0x00000000e2100000, 0x00000000e2100000, 0x00000000e2200000|  0%| F|  |TAMS 0x00000000e2100000, 0x00000000e2100000| Untracked 
|  34|0x00000000e2200000, 0x00000000e2200000, 0x00000000e2300000|  0%| F|  |TAMS 0x00000000e2200000, 0x00000000e2200000| Untracked 
|  35|0x00000000e2300000, 0x00000000e2300000, 0x00000000e2400000|  0%| F|  |TAMS 0x00000000e2300000, 0x00000000e2300000| Untracked 
|  36|0x00000000e2400000, 0x00000000e2400000, 0x00000000e2500000|  0%| F|  |TAMS 0x00000000e2400000, 0x00000000e2400000| Untracked 
|  37|0x00000000e2500000, 0x00000000e2500000, 0x00000000e2600000|  0%| F|  |TAMS 0x00000000e2500000, 0x00000000e2500000| Untracked 
|  38|0x00000000e2600000, 0x00000000e2600000, 0x00000000e2700000|  0%| F|  |TAMS 0x00000000e2600000, 0x00000000e2600000| Untracked 
|  39|0x00000000e2700000, 0x00000000e2700000, 0x00000000e2800000|  0%| F|  |TAMS 0x00000000e2700000, 0x00000000e2700000| Untracked 
|  40|0x00000000e2800000, 0x00000000e2800000, 0x00000000e2900000|  0%| F|  |TAMS 0x00000000e2800000, 0x00000000e2800000| Untracked 
|  41|0x00000000e2900000, 0x00000000e2900000, 0x00000000e2a00000|  0%| F|  |TAMS 0x00000000e2900000, 0x00000000e2900000| Untracked 
|  42|0x00000000e2a00000, 0x00000000e2a00000, 0x00000000e2b00000|  0%| F|  |TAMS 0x00000000e2a00000, 0x00000000e2a00000| Untracked 
|  43|0x00000000e2b00000, 0x00000000e2b00000, 0x00000000e2c00000|  0%| F|  |TAMS 0x00000000e2b00000, 0x00000000e2b00000| Untracked 
|  44|0x00000000e2c00000, 0x00000000e2c00000, 0x00000000e2d00000|  0%| F|  |TAMS 0x00000000e2c00000, 0x00000000e2c00000| Untracked 
|  45|0x00000000e2d00000, 0x00000000e2d00000, 0x00000000e2e00000|  0%| F|  |TAMS 0x00000000e2d00000, 0x00000000e2d00000| Untracked 
|  46|0x00000000e2e00000, 0x00000000e2e00000, 0x00000000e2f00000|  0%| F|  |TAMS 0x00000000e2e00000, 0x00000000e2e00000| Untracked 
|  47|0x00000000e2f00000, 0x00000000e2f00000, 0x00000000e3000000|  0%| F|  |TAMS 0x00000000e2f00000, 0x00000000e2f00000| Untracked 
|  48|0x00000000e3000000, 0x00000000e3000000, 0x00000000e3100000|  0%| F|  |TAMS 0x00000000e3000000, 0x00000000e3000000| Untracked 
|  49|0x00000000e3100000, 0x00000000e3100000, 0x00000000e3200000|  0%| F|  |TAMS 0x00000000e3100000, 0x00000000e3100000| Untracked 
|  50|0x00000000e3200000, 0x00000000e3200000, 0x00000000e3300000|  0%| F|  |TAMS 0x00000000e3200000, 0x00000000e3200000| Untracked 
|  51|0x00000000e3300000, 0x00000000e3300000, 0x00000000e3400000|  0%| F|  |TAMS 0x00000000e3300000, 0x00000000e3300000| Untracked 
|  52|0x00000000e3400000, 0x00000000e3400000, 0x00000000e3500000|  0%| F|  |TAMS 0x00000000e3400000, 0x00000000e3400000| Untracked 
|  53|0x00000000e3500000, 0x00000000e3500000, 0x00000000e3600000|  0%| F|  |TAMS 0x00000000e3500000, 0x00000000e3500000| Untracked 
|  54|0x00000000e3600000, 0x00000000e3600000, 0x00000000e3700000|  0%| F|  |TAMS 0x00000000e3600000, 0x00000000e3600000| Untracked 
|  55|0x00000000e3700000, 0x00000000e3700000, 0x00000000e3800000|  0%| F|  |TAMS 0x00000000e3700000, 0x00000000e3700000| Untracked 
|  56|0x00000000e3800000, 0x00000000e3800000, 0x00000000e3900000|  0%| F|  |TAMS 0x00000000e3800000, 0x00000000e3800000| Untracked 
|  57|0x00000000e3900000, 0x00000000e3900000, 0x00000000e3a00000|  0%| F|  |TAMS 0x00000000e3900000, 0x00000000e3900000| Untracked 
|  58|0x00000000e3a00000, 0x00000000e3a00000, 0x00000000e3b00000|  0%| F|  |TAMS 0x00000000e3a00000, 0x00000000e3a00000| Untracked 
|  59|0x00000000e3b00000, 0x00000000e3b00000, 0x00000000e3c00000|  0%| F|  |TAMS 0x00000000e3b00000, 0x00000000e3b00000| Untracked 
|  60|0x00000000e3c00000, 0x00000000e3c00000, 0x00000000e3d00000|  0%| F|  |TAMS 0x00000000e3c00000, 0x00000000e3c00000| Untracked 
|  61|0x00000000e3d00000, 0x00000000e3d00000, 0x00000000e3e00000|  0%| F|  |TAMS 0x00000000e3d00000, 0x00000000e3d00000| Untracked 
|  62|0x00000000e3e00000, 0x00000000e3e00000, 0x00000000e3f00000|  0%| F|  |TAMS 0x00000000e3e00000, 0x00000000e3e00000| Untracked 
|  63|0x00000000e3f00000, 0x00000000e3f00000, 0x00000000e4000000|  0%| F|  |TAMS 0x00000000e3f00000, 0x00000000e3f00000| Untracked 
|  64|0x00000000e4000000, 0x00000000e4000000, 0x00000000e4100000|  0%| F|  |TAMS 0x00000000e4000000, 0x00000000e4000000| Untracked 
|  65|0x00000000e4100000, 0x00000000e4100000, 0x00000000e4200000|  0%| F|  |TAMS 0x00000000e4100000, 0x00000000e4100000| Untracked 
|  66|0x00000000e4200000, 0x00000000e4200000, 0x00000000e4300000|  0%| F|  |TAMS 0x00000000e4200000, 0x00000000e4200000| Untracked 
|  67|0x00000000e4300000, 0x00000000e4300000, 0x00000000e4400000|  0%| F|  |TAMS 0x00000000e4300000, 0x00000000e4300000| Untracked 
|  68|0x00000000e4400000, 0x00000000e4400000, 0x00000000e4500000|  0%| F|  |TAMS 0x00000000e4400000, 0x00000000e4400000| Untracked 
|  69|0x00000000e4500000, 0x00000000e4500000, 0x00000000e4600000|  0%| F|  |TAMS 0x00000000e4500000, 0x00000000e4500000| Untracked 
|  70|0x00000000e4600000, 0x00000000e4600000, 0x00000000e4700000|  0%| F|  |TAMS 0x00000000e4600000, 0x00000000e4600000| Untracked 
|  71|0x00000000e4700000, 0x00000000e4700000, 0x00000000e4800000|  0%| F|  |TAMS 0x00000000e4700000, 0x00000000e4700000| Untracked 
|  72|0x00000000e4800000, 0x00000000e4800000, 0x00000000e4900000|  0%| F|  |TAMS 0x00000000e4800000, 0x00000000e4800000| Untracked 
|  73|0x00000000e4900000, 0x00000000e4900000, 0x00000000e4a00000|  0%| F|  |TAMS 0x00000000e4900000, 0x00000000e4900000| Untracked 
|  74|0x00000000e4a00000, 0x00000000e4a00000, 0x00000000e4b00000|  0%| F|  |TAMS 0x00000000e4a00000, 0x00000000e4a00000| Untracked 
|  75|0x00000000e4b00000, 0x00000000e4b00000, 0x00000000e4c00000|  0%| F|  |TAMS 0x00000000e4b00000, 0x00000000e4b00000| Untracked 
|  76|0x00000000e4c00000, 0x00000000e4c00000, 0x00000000e4d00000|  0%| F|  |TAMS 0x00000000e4c00000, 0x00000000e4c00000| Untracked 
|  77|0x00000000e4d00000, 0x00000000e4d00000, 0x00000000e4e00000|  0%| F|  |TAMS 0x00000000e4d00000, 0x00000000e4d00000| Untracked 
|  78|0x00000000e4e00000, 0x00000000e4e00000, 0x00000000e4f00000|  0%| F|  |TAMS 0x00000000e4e00000, 0x00000000e4e00000| Untracked 
|  79|0x00000000e4f00000, 0x00000000e4f00000, 0x00000000e5000000|  0%| F|  |TAMS 0x00000000e4f00000, 0x00000000e4f00000| Untracked 
|  80|0x00000000e5000000, 0x00000000e5000000, 0x00000000e5100000|  0%| F|  |TAMS 0x00000000e5000000, 0x00000000e5000000| Untracked 
|  81|0x00000000e5100000, 0x00000000e5100000, 0x00000000e5200000|  0%| F|  |TAMS 0x00000000e5100000, 0x00000000e5100000| Untracked 
|  82|0x00000000e5200000, 0x00000000e5200000, 0x00000000e5300000|  0%| F|  |TAMS 0x00000000e5200000, 0x00000000e5200000| Untracked 
|  83|0x00000000e5300000, 0x00000000e5300000, 0x00000000e5400000|  0%| F|  |TAMS 0x00000000e5300000, 0x00000000e5300000| Untracked 
|  84|0x00000000e5400000, 0x00000000e5400000, 0x00000000e5500000|  0%| F|  |TAMS 0x00000000e5400000, 0x00000000e5400000| Untracked 
|  85|0x00000000e5500000, 0x00000000e5500000, 0x00000000e5600000|  0%| F|  |TAMS 0x00000000e5500000, 0x00000000e5500000| Untracked 
|  86|0x00000000e5600000, 0x00000000e5600000, 0x00000000e5700000|  0%| F|  |TAMS 0x00000000e5600000, 0x00000000e5600000| Untracked 
|  87|0x00000000e5700000, 0x00000000e5700000, 0x00000000e5800000|  0%| F|  |TAMS 0x00000000e5700000, 0x00000000e5700000| Untracked 
|  88|0x00000000e5800000, 0x00000000e5800000, 0x00000000e5900000|  0%| F|  |TAMS 0x00000000e5800000, 0x00000000e5800000| Untracked 
|  89|0x00000000e5900000, 0x00000000e5900000, 0x00000000e5a00000|  0%| F|  |TAMS 0x00000000e5900000, 0x00000000e5900000| Untracked 
|  90|0x00000000e5a00000, 0x00000000e5a00000, 0x00000000e5b00000|  0%| F|  |TAMS 0x00000000e5a00000, 0x00000000e5a00000| Untracked 
|  91|0x00000000e5b00000, 0x00000000e5b00000, 0x00000000e5c00000|  0%| F|  |TAMS 0x00000000e5b00000, 0x00000000e5b00000| Untracked 
|  92|0x00000000e5c00000, 0x00000000e5c00000, 0x00000000e5d00000|  0%| F|  |TAMS 0x00000000e5c00000, 0x00000000e5c00000| Untracked 
|  93|0x00000000e5d00000, 0x00000000e5d00000, 0x00000000e5e00000|  0%| F|  |TAMS 0x00000000e5d00000, 0x00000000e5d00000| Untracked 
|  94|0x00000000e5e00000, 0x00000000e5e00000, 0x00000000e5f00000|  0%| F|  |TAMS 0x00000000e5e00000, 0x00000000e5e00000| Untracked 
|  95|0x00000000e5f00000, 0x00000000e5f00000, 0x00000000e6000000|  0%| F|  |TAMS 0x00000000e5f00000, 0x00000000e5f00000| Untracked 
|  96|0x00000000e6000000, 0x00000000e6000000, 0x00000000e6100000|  0%| F|  |TAMS 0x00000000e6000000, 0x00000000e6000000| Untracked 
|  97|0x00000000e6100000, 0x00000000e6100000, 0x00000000e6200000|  0%| F|  |TAMS 0x00000000e6100000, 0x00000000e6100000| Untracked 
|  98|0x00000000e6200000, 0x00000000e6200000, 0x00000000e6300000|  0%| F|  |TAMS 0x00000000e6200000, 0x00000000e6200000| Untracked 
|  99|0x00000000e6300000, 0x00000000e6300000, 0x00000000e6400000|  0%| F|  |TAMS 0x00000000e6300000, 0x00000000e6300000| Untracked 
| 100|0x00000000e6400000, 0x00000000e6400000, 0x00000000e6500000|  0%| F|  |TAMS 0x00000000e6400000, 0x00000000e6400000| Untracked 
| 101|0x00000000e6500000, 0x00000000e6500000, 0x00000000e6600000|  0%| F|  |TAMS 0x00000000e6500000, 0x00000000e6500000| Untracked 
| 102|0x00000000e6600000, 0x00000000e6600000, 0x00000000e6700000|  0%| F|  |TAMS 0x00000000e6600000, 0x00000000e6600000| Untracked 
| 103|0x00000000e6700000, 0x00000000e6700000, 0x00000000e6800000|  0%| F|  |TAMS 0x00000000e6700000, 0x00000000e6700000| Untracked 
| 104|0x00000000e6800000, 0x00000000e6800000, 0x00000000e6900000|  0%| F|  |TAMS 0x00000000e6800000, 0x00000000e6800000| Untracked 
| 105|0x00000000e6900000, 0x00000000e6900000, 0x00000000e6a00000|  0%| F|  |TAMS 0x00000000e6900000, 0x00000000e6900000| Untracked 
| 106|0x00000000e6a00000, 0x00000000e6a00000, 0x00000000e6b00000|  0%| F|  |TAMS 0x00000000e6a00000, 0x00000000e6a00000| Untracked 
| 107|0x00000000e6b00000, 0x00000000e6b00000, 0x00000000e6c00000|  0%| F|  |TAMS 0x00000000e6b00000, 0x00000000e6b00000| Untracked 
| 108|0x00000000e6c00000, 0x00000000e6c00000, 0x00000000e6d00000|  0%| F|  |TAMS 0x00000000e6c00000, 0x00000000e6c00000| Untracked 
| 109|0x00000000e6d00000, 0x00000000e6d00000, 0x00000000e6e00000|  0%| F|  |TAMS 0x00000000e6d00000, 0x00000000e6d00000| Untracked 
| 110|0x00000000e6e00000, 0x00000000e6e00000, 0x00000000e6f00000|  0%| F|  |TAMS 0x00000000e6e00000, 0x00000000e6e00000| Untracked 
| 111|0x00000000e6f00000, 0x00000000e6f00000, 0x00000000e7000000|  0%| F|  |TAMS 0x00000000e6f00000, 0x00000000e6f00000| Untracked 
| 112|0x00000000e7000000, 0x00000000e7000000, 0x00000000e7100000|  0%| F|  |TAMS 0x00000000e7000000, 0x00000000e7000000| Untracked 
| 113|0x00000000e7100000, 0x00000000e7100000, 0x00000000e7200000|  0%| F|  |TAMS 0x00000000e7100000, 0x00000000e7100000| Untracked 
| 114|0x00000000e7200000, 0x00000000e7200000, 0x00000000e7300000|  0%| F|  |TAMS 0x00000000e7200000, 0x00000000e7200000| Untracked 
| 115|0x00000000e7300000, 0x00000000e7300000, 0x00000000e7400000|  0%| F|  |TAMS 0x00000000e7300000, 0x00000000e7300000| Untracked 
| 116|0x00000000e7400000, 0x00000000e7400000, 0x00000000e7500000|  0%| F|  |TAMS 0x00000000e7400000, 0x00000000e7400000| Untracked 
| 117|0x00000000e7500000, 0x00000000e7500000, 0x00000000e7600000|  0%| F|  |TAMS 0x00000000e7500000, 0x00000000e7500000| Untracked 
| 118|0x00000000e7600000, 0x00000000e7600000, 0x00000000e7700000|  0%| F|  |TAMS 0x00000000e7600000, 0x00000000e7600000| Untracked 
| 119|0x00000000e7700000, 0x00000000e7700000, 0x00000000e7800000|  0%| F|  |TAMS 0x00000000e7700000, 0x00000000e7700000| Untracked 
| 120|0x00000000e7800000, 0x00000000e7800000, 0x00000000e7900000|  0%| F|  |TAMS 0x00000000e7800000, 0x00000000e7800000| Untracked 
| 121|0x00000000e7900000, 0x00000000e7900000, 0x00000000e7a00000|  0%| F|  |TAMS 0x00000000e7900000, 0x00000000e7900000| Untracked 
| 122|0x00000000e7a00000, 0x00000000e7a00000, 0x00000000e7b00000|  0%| F|  |TAMS 0x00000000e7a00000, 0x00000000e7a00000| Untracked 
| 123|0x00000000e7b00000, 0x00000000e7b00000, 0x00000000e7c00000|  0%| F|  |TAMS 0x00000000e7b00000, 0x00000000e7b00000| Untracked 
| 124|0x00000000e7c00000, 0x00000000e7c00000, 0x00000000e7d00000|  0%| F|  |TAMS 0x00000000e7c00000, 0x00000000e7c00000| Untracked 
| 125|0x00000000e7d00000, 0x00000000e7d00000, 0x00000000e7e00000|  0%| F|  |TAMS 0x00000000e7d00000, 0x00000000e7d00000| Untracked 
| 126|0x00000000e7e00000, 0x00000000e7e00000, 0x00000000e7f00000|  0%| F|  |TAMS 0x00000000e7e00000, 0x00000000e7e00000| Untracked 
| 127|0x00000000e7f00000, 0x00000000e7f00000, 0x00000000e8000000|  0%| F|  |TAMS 0x00000000e7f00000, 0x00000000e7f00000| Untracked 
| 128|0x00000000e8000000, 0x00000000e8000000, 0x00000000e8100000|  0%| F|  |TAMS 0x00000000e8000000, 0x00000000e8000000| Untracked 
| 129|0x00000000e8100000, 0x00000000e8100000, 0x00000000e8200000|  0%| F|  |TAMS 0x00000000e8100000, 0x00000000e8100000| Untracked 
| 130|0x00000000e8200000, 0x00000000e8200000, 0x00000000e8300000|  0%| F|  |TAMS 0x00000000e8200000, 0x00000000e8200000| Untracked 
| 131|0x00000000e8300000, 0x00000000e8300000, 0x00000000e8400000|  0%| F|  |TAMS 0x00000000e8300000, 0x00000000e8300000| Untracked 
| 132|0x00000000e8400000, 0x00000000e8400000, 0x00000000e8500000|  0%| F|  |TAMS 0x00000000e8400000, 0x00000000e8400000| Untracked 
| 133|0x00000000e8500000, 0x00000000e8500000, 0x00000000e8600000|  0%| F|  |TAMS 0x00000000e8500000, 0x00000000e8500000| Untracked 
| 134|0x00000000e8600000, 0x00000000e8600000, 0x00000000e8700000|  0%| F|  |TAMS 0x00000000e8600000, 0x00000000e8600000| Untracked 
| 135|0x00000000e8700000, 0x00000000e8700000, 0x00000000e8800000|  0%| F|  |TAMS 0x00000000e8700000, 0x00000000e8700000| Untracked 
| 136|0x00000000e8800000, 0x00000000e8800000, 0x00000000e8900000|  0%| F|  |TAMS 0x00000000e8800000, 0x00000000e8800000| Untracked 
| 137|0x00000000e8900000, 0x00000000e8900000, 0x00000000e8a00000|  0%| F|  |TAMS 0x00000000e8900000, 0x00000000e8900000| Untracked 
| 138|0x00000000e8a00000, 0x00000000e8a00000, 0x00000000e8b00000|  0%| F|  |TAMS 0x00000000e8a00000, 0x00000000e8a00000| Untracked 
| 139|0x00000000e8b00000, 0x00000000e8b00000, 0x00000000e8c00000|  0%| F|  |TAMS 0x00000000e8b00000, 0x00000000e8b00000| Untracked 
| 140|0x00000000e8c00000, 0x00000000e8c00000, 0x00000000e8d00000|  0%| F|  |TAMS 0x00000000e8c00000, 0x00000000e8c00000| Untracked 
| 141|0x00000000e8d00000, 0x00000000e8d00000, 0x00000000e8e00000|  0%| F|  |TAMS 0x00000000e8d00000, 0x00000000e8d00000| Untracked 
| 142|0x00000000e8e00000, 0x00000000e8e00000, 0x00000000e8f00000|  0%| F|  |TAMS 0x00000000e8e00000, 0x00000000e8e00000| Untracked 
| 143|0x00000000e8f00000, 0x00000000e8f00000, 0x00000000e9000000|  0%| F|  |TAMS 0x00000000e8f00000, 0x00000000e8f00000| Untracked 
| 144|0x00000000e9000000, 0x00000000e9000000, 0x00000000e9100000|  0%| F|  |TAMS 0x00000000e9000000, 0x00000000e9000000| Untracked 
| 145|0x00000000e9100000, 0x00000000e9100000, 0x00000000e9200000|  0%| F|  |TAMS 0x00000000e9100000, 0x00000000e9100000| Untracked 
| 146|0x00000000e9200000, 0x00000000e9200000, 0x00000000e9300000|  0%| F|  |TAMS 0x00000000e9200000, 0x00000000e9200000| Untracked 
| 147|0x00000000e9300000, 0x00000000e9300000, 0x00000000e9400000|  0%| F|  |TAMS 0x00000000e9300000, 0x00000000e9300000| Untracked 
| 148|0x00000000e9400000, 0x00000000e9400000, 0x00000000e9500000|  0%| F|  |TAMS 0x00000000e9400000, 0x00000000e9400000| Untracked 
| 149|0x00000000e9500000, 0x00000000e9500000, 0x00000000e9600000|  0%| F|  |TAMS 0x00000000e9500000, 0x00000000e9500000| Untracked 
| 150|0x00000000e9600000, 0x00000000e9600000, 0x00000000e9700000|  0%| F|  |TAMS 0x00000000e9600000, 0x00000000e9600000| Untracked 
| 151|0x00000000e9700000, 0x00000000e9700000, 0x00000000e9800000|  0%| F|  |TAMS 0x00000000e9700000, 0x00000000e9700000| Untracked 
| 152|0x00000000e9800000, 0x00000000e9800000, 0x00000000e9900000|  0%| F|  |TAMS 0x00000000e9800000, 0x00000000e9800000| Untracked 
| 153|0x00000000e9900000, 0x00000000e9900000, 0x00000000e9a00000|  0%| F|  |TAMS 0x00000000e9900000, 0x00000000e9900000| Untracked 
| 154|0x00000000e9a00000, 0x00000000e9a00000, 0x00000000e9b00000|  0%| F|  |TAMS 0x00000000e9a00000, 0x00000000e9a00000| Untracked 
| 155|0x00000000e9b00000, 0x00000000e9b00000, 0x00000000e9c00000|  0%| F|  |TAMS 0x00000000e9b00000, 0x00000000e9b00000| Untracked 
| 156|0x00000000e9c00000, 0x00000000e9c00000, 0x00000000e9d00000|  0%| F|  |TAMS 0x00000000e9c00000, 0x00000000e9c00000| Untracked 
| 157|0x00000000e9d00000, 0x00000000e9d00000, 0x00000000e9e00000|  0%| F|  |TAMS 0x00000000e9d00000, 0x00000000e9d00000| Untracked 
| 158|0x00000000e9e00000, 0x00000000e9e00000, 0x00000000e9f00000|  0%| F|  |TAMS 0x00000000e9e00000, 0x00000000e9e00000| Untracked 
| 159|0x00000000e9f00000, 0x00000000e9f00000, 0x00000000ea000000|  0%| F|  |TAMS 0x00000000e9f00000, 0x00000000e9f00000| Untracked 
| 160|0x00000000ea000000, 0x00000000ea000000, 0x00000000ea100000|  0%| F|  |TAMS 0x00000000ea000000, 0x00000000ea000000| Untracked 
| 161|0x00000000ea100000, 0x00000000ea100000, 0x00000000ea200000|  0%| F|  |TAMS 0x00000000ea100000, 0x00000000ea100000| Untracked 
| 162|0x00000000ea200000, 0x00000000ea200000, 0x00000000ea300000|  0%| F|  |TAMS 0x00000000ea200000, 0x00000000ea200000| Untracked 
| 163|0x00000000ea300000, 0x00000000ea300000, 0x00000000ea400000|  0%| F|  |TAMS 0x00000000ea300000, 0x00000000ea300000| Untracked 
| 164|0x00000000ea400000, 0x00000000ea400000, 0x00000000ea500000|  0%| F|  |TAMS 0x00000000ea400000, 0x00000000ea400000| Untracked 
| 165|0x00000000ea500000, 0x00000000ea500000, 0x00000000ea600000|  0%| F|  |TAMS 0x00000000ea500000, 0x00000000ea500000| Untracked 
| 166|0x00000000ea600000, 0x00000000ea600000, 0x00000000ea700000|  0%| F|  |TAMS 0x00000000ea600000, 0x00000000ea600000| Untracked 
| 167|0x00000000ea700000, 0x00000000ea700000, 0x00000000ea800000|  0%| F|  |TAMS 0x00000000ea700000, 0x00000000ea700000| Untracked 
| 168|0x00000000ea800000, 0x00000000ea800000, 0x00000000ea900000|  0%| F|  |TAMS 0x00000000ea800000, 0x00000000ea800000| Untracked 
| 169|0x00000000ea900000, 0x00000000ea900000, 0x00000000eaa00000|  0%| F|  |TAMS 0x00000000ea900000, 0x00000000ea900000| Untracked 
| 170|0x00000000eaa00000, 0x00000000eaa00000, 0x00000000eab00000|  0%| F|  |TAMS 0x00000000eaa00000, 0x00000000eaa00000| Untracked 
| 171|0x00000000eab00000, 0x00000000eab00000, 0x00000000eac00000|  0%| F|  |TAMS 0x00000000eab00000, 0x00000000eab00000| Untracked 
| 172|0x00000000eac00000, 0x00000000eac00000, 0x00000000ead00000|  0%| F|  |TAMS 0x00000000eac00000, 0x00000000eac00000| Untracked 
| 173|0x00000000ead00000, 0x00000000ead00000, 0x00000000eae00000|  0%| F|  |TAMS 0x00000000ead00000, 0x00000000ead00000| Untracked 
| 174|0x00000000eae00000, 0x00000000eae00000, 0x00000000eaf00000|  0%| F|  |TAMS 0x00000000eae00000, 0x00000000eae00000| Untracked 
| 175|0x00000000eaf00000, 0x00000000eaf00000, 0x00000000eb000000|  0%| F|  |TAMS 0x00000000eaf00000, 0x00000000eaf00000| Untracked 
| 176|0x00000000eb000000, 0x00000000eb000000, 0x00000000eb100000|  0%| F|  |TAMS 0x00000000eb000000, 0x00000000eb000000| Untracked 
| 177|0x00000000eb100000, 0x00000000eb100000, 0x00000000eb200000|  0%| F|  |TAMS 0x00000000eb100000, 0x00000000eb100000| Untracked 
| 178|0x00000000eb200000, 0x00000000eb200000, 0x00000000eb300000|  0%| F|  |TAMS 0x00000000eb200000, 0x00000000eb200000| Untracked 
| 179|0x00000000eb300000, 0x00000000eb300000, 0x00000000eb400000|  0%| F|  |TAMS 0x00000000eb300000, 0x00000000eb300000| Untracked 
| 180|0x00000000eb400000, 0x00000000eb400000, 0x00000000eb500000|  0%| F|  |TAMS 0x00000000eb400000, 0x00000000eb400000| Untracked 
| 181|0x00000000eb500000, 0x00000000eb500000, 0x00000000eb600000|  0%| F|  |TAMS 0x00000000eb500000, 0x00000000eb500000| Untracked 
| 182|0x00000000eb600000, 0x00000000eb600000, 0x00000000eb700000|  0%| F|  |TAMS 0x00000000eb600000, 0x00000000eb600000| Untracked 
| 183|0x00000000eb700000, 0x00000000eb700000, 0x00000000eb800000|  0%| F|  |TAMS 0x00000000eb700000, 0x00000000eb700000| Untracked 
| 184|0x00000000eb800000, 0x00000000eb800000, 0x00000000eb900000|  0%| F|  |TAMS 0x00000000eb800000, 0x00000000eb800000| Untracked 
| 185|0x00000000eb900000, 0x00000000eb900000, 0x00000000eba00000|  0%| F|  |TAMS 0x00000000eb900000, 0x00000000eb900000| Untracked 
| 186|0x00000000eba00000, 0x00000000eba00000, 0x00000000ebb00000|  0%| F|  |TAMS 0x00000000eba00000, 0x00000000eba00000| Untracked 
| 187|0x00000000ebb00000, 0x00000000ebb00000, 0x00000000ebc00000|  0%| F|  |TAMS 0x00000000ebb00000, 0x00000000ebb00000| Untracked 
| 188|0x00000000ebc00000, 0x00000000ebc00000, 0x00000000ebd00000|  0%| F|  |TAMS 0x00000000ebc00000, 0x00000000ebc00000| Untracked 
| 189|0x00000000ebd00000, 0x00000000ebd00000, 0x00000000ebe00000|  0%| F|  |TAMS 0x00000000ebd00000, 0x00000000ebd00000| Untracked 
| 190|0x00000000ebe00000, 0x00000000ebe00000, 0x00000000ebf00000|  0%| F|  |TAMS 0x00000000ebe00000, 0x00000000ebe00000| Untracked 
| 191|0x00000000ebf00000, 0x00000000ebf00000, 0x00000000ec000000|  0%| F|  |TAMS 0x00000000ebf00000, 0x00000000ebf00000| Untracked 
| 192|0x00000000ec000000, 0x00000000ec000000, 0x00000000ec100000|  0%| F|  |TAMS 0x00000000ec000000, 0x00000000ec000000| Untracked 
| 193|0x00000000ec100000, 0x00000000ec100000, 0x00000000ec200000|  0%| F|  |TAMS 0x00000000ec100000, 0x00000000ec100000| Untracked 
| 194|0x00000000ec200000, 0x00000000ec200000, 0x00000000ec300000|  0%| F|  |TAMS 0x00000000ec200000, 0x00000000ec200000| Untracked 
| 195|0x00000000ec300000, 0x00000000ec300000, 0x00000000ec400000|  0%| F|  |TAMS 0x00000000ec300000, 0x00000000ec300000| Untracked 
| 196|0x00000000ec400000, 0x00000000ec400000, 0x00000000ec500000|  0%| F|  |TAMS 0x00000000ec400000, 0x00000000ec400000| Untracked 
| 197|0x00000000ec500000, 0x00000000ec500000, 0x00000000ec600000|  0%| F|  |TAMS 0x00000000ec500000, 0x00000000ec500000| Untracked 
| 198|0x00000000ec600000, 0x00000000ec600000, 0x00000000ec700000|  0%| F|  |TAMS 0x00000000ec600000, 0x00000000ec600000| Untracked 
| 199|0x00000000ec700000, 0x00000000ec700000, 0x00000000ec800000|  0%| F|  |TAMS 0x00000000ec700000, 0x00000000ec700000| Untracked 
| 200|0x00000000ec800000, 0x00000000ec800000, 0x00000000ec900000|  0%| F|  |TAMS 0x00000000ec800000, 0x00000000ec800000| Untracked 
| 201|0x00000000ec900000, 0x00000000ec900000, 0x00000000eca00000|  0%| F|  |TAMS 0x00000000ec900000, 0x00000000ec900000| Untracked 
| 202|0x00000000eca00000, 0x00000000eca00000, 0x00000000ecb00000|  0%| F|  |TAMS 0x00000000eca00000, 0x00000000eca00000| Untracked 
| 203|0x00000000ecb00000, 0x00000000ecb00000, 0x00000000ecc00000|  0%| F|  |TAMS 0x00000000ecb00000, 0x00000000ecb00000| Untracked 
| 204|0x00000000ecc00000, 0x00000000ecc00000, 0x00000000ecd00000|  0%| F|  |TAMS 0x00000000ecc00000, 0x00000000ecc00000| Untracked 
| 205|0x00000000ecd00000, 0x00000000ecd00000, 0x00000000ece00000|  0%| F|  |TAMS 0x00000000ecd00000, 0x00000000ecd00000| Untracked 
| 206|0x00000000ece00000, 0x00000000ece00000, 0x00000000ecf00000|  0%| F|  |TAMS 0x00000000ece00000, 0x00000000ece00000| Untracked 
| 207|0x00000000ecf00000, 0x00000000ecf00000, 0x00000000ed000000|  0%| F|  |TAMS 0x00000000ecf00000, 0x00000000ecf00000| Untracked 
| 208|0x00000000ed000000, 0x00000000ed000000, 0x00000000ed100000|  0%| F|  |TAMS 0x00000000ed000000, 0x00000000ed000000| Untracked 
| 209|0x00000000ed100000, 0x00000000ed100000, 0x00000000ed200000|  0%| F|  |TAMS 0x00000000ed100000, 0x00000000ed100000| Untracked 
| 210|0x00000000ed200000, 0x00000000ed200000, 0x00000000ed300000|  0%| F|  |TAMS 0x00000000ed200000, 0x00000000ed200000| Untracked 
| 211|0x00000000ed300000, 0x00000000ed300000, 0x00000000ed400000|  0%| F|  |TAMS 0x00000000ed300000, 0x00000000ed300000| Untracked 
| 212|0x00000000ed400000, 0x00000000ed400000, 0x00000000ed500000|  0%| F|  |TAMS 0x00000000ed400000, 0x00000000ed400000| Untracked 
| 213|0x00000000ed500000, 0x00000000ed500000, 0x00000000ed600000|  0%| F|  |TAMS 0x00000000ed500000, 0x00000000ed500000| Untracked 
| 214|0x00000000ed600000, 0x00000000ed600000, 0x00000000ed700000|  0%| F|  |TAMS 0x00000000ed600000, 0x00000000ed600000| Untracked 
| 215|0x00000000ed700000, 0x00000000ed700000, 0x00000000ed800000|  0%| F|  |TAMS 0x00000000ed700000, 0x00000000ed700000| Untracked 
| 216|0x00000000ed800000, 0x00000000ed800000, 0x00000000ed900000|  0%| F|  |TAMS 0x00000000ed800000, 0x00000000ed800000| Untracked 
| 217|0x00000000ed900000, 0x00000000ed900000, 0x00000000eda00000|  0%| F|  |TAMS 0x00000000ed900000, 0x00000000ed900000| Untracked 
| 218|0x00000000eda00000, 0x00000000eda00000, 0x00000000edb00000|  0%| F|  |TAMS 0x00000000eda00000, 0x00000000eda00000| Untracked 
| 219|0x00000000edb00000, 0x00000000edb00000, 0x00000000edc00000|  0%| F|  |TAMS 0x00000000edb00000, 0x00000000edb00000| Untracked 
| 220|0x00000000edc00000, 0x00000000edc00000, 0x00000000edd00000|  0%| F|  |TAMS 0x00000000edc00000, 0x00000000edc00000| Untracked 
| 221|0x00000000edd00000, 0x00000000edd00000, 0x00000000ede00000|  0%| F|  |TAMS 0x00000000edd00000, 0x00000000edd00000| Untracked 
| 222|0x00000000ede00000, 0x00000000ede00000, 0x00000000edf00000|  0%| F|  |TAMS 0x00000000ede00000, 0x00000000ede00000| Untracked 
| 223|0x00000000edf00000, 0x00000000edf00000, 0x00000000ee000000|  0%| F|  |TAMS 0x00000000edf00000, 0x00000000edf00000| Untracked 
| 224|0x00000000ee000000, 0x00000000ee000000, 0x00000000ee100000|  0%| F|  |TAMS 0x00000000ee000000, 0x00000000ee000000| Untracked 
| 225|0x00000000ee100000, 0x00000000ee100000, 0x00000000ee200000|  0%| F|  |TAMS 0x00000000ee100000, 0x00000000ee100000| Untracked 
| 226|0x00000000ee200000, 0x00000000ee200000, 0x00000000ee300000|  0%| F|  |TAMS 0x00000000ee200000, 0x00000000ee200000| Untracked 
| 227|0x00000000ee300000, 0x00000000ee300000, 0x00000000ee400000|  0%| F|  |TAMS 0x00000000ee300000, 0x00000000ee300000| Untracked 
| 228|0x00000000ee400000, 0x00000000ee400000, 0x00000000ee500000|  0%| F|  |TAMS 0x00000000ee400000, 0x00000000ee400000| Untracked 
| 229|0x00000000ee500000, 0x00000000ee500000, 0x00000000ee600000|  0%| F|  |TAMS 0x00000000ee500000, 0x00000000ee500000| Untracked 
| 230|0x00000000ee600000, 0x00000000ee600000, 0x00000000ee700000|  0%| F|  |TAMS 0x00000000ee600000, 0x00000000ee600000| Untracked 
| 231|0x00000000ee700000, 0x00000000ee776450, 0x00000000ee800000| 46%| E|  |TAMS 0x00000000ee700000, 0x00000000ee700000| Complete 
| 232|0x00000000ee800000, 0x00000000ee900000, 0x00000000ee900000|100%| E|CS|TAMS 0x00000000ee800000, 0x00000000ee800000| Complete 
| 233|0x00000000ee900000, 0x00000000eea00000, 0x00000000eea00000|100%| E|CS|TAMS 0x00000000ee900000, 0x00000000ee900000| Complete 
| 234|0x00000000eea00000, 0x00000000eeb00000, 0x00000000eeb00000|100%| E|CS|TAMS 0x00000000eea00000, 0x00000000eea00000| Complete 
| 235|0x00000000eeb00000, 0x00000000eec00000, 0x00000000eec00000|100%| E|CS|TAMS 0x00000000eeb00000, 0x00000000eeb00000| Complete 
| 236|0x00000000eec00000, 0x00000000eed00000, 0x00000000eed00000|100%| E|CS|TAMS 0x00000000eec00000, 0x00000000eec00000| Complete 
| 237|0x00000000eed00000, 0x00000000eee00000, 0x00000000eee00000|100%| E|CS|TAMS 0x00000000eed00000, 0x00000000eed00000| Complete 
| 238|0x00000000eee00000, 0x00000000eef00000, 0x00000000eef00000|100%| E|CS|TAMS 0x00000000eee00000, 0x00000000eee00000| Complete 
| 239|0x00000000eef00000, 0x00000000ef000000, 0x00000000ef000000|100%| E|CS|TAMS 0x00000000eef00000, 0x00000000eef00000| Complete 
| 240|0x00000000ef000000, 0x00000000ef100000, 0x00000000ef100000|100%| E|CS|TAMS 0x00000000ef000000, 0x00000000ef000000| Complete 
| 241|0x00000000ef100000, 0x00000000ef200000, 0x00000000ef200000|100%| E|CS|TAMS 0x00000000ef100000, 0x00000000ef100000| Complete 
| 242|0x00000000ef200000, 0x00000000ef300000, 0x00000000ef300000|100%| E|CS|TAMS 0x00000000ef200000, 0x00000000ef200000| Complete 
| 243|0x00000000ef300000, 0x00000000ef400000, 0x00000000ef400000|100%| E|CS|TAMS 0x00000000ef300000, 0x00000000ef300000| Complete 
| 244|0x00000000ef400000, 0x00000000ef500000, 0x00000000ef500000|100%| E|CS|TAMS 0x00000000ef400000, 0x00000000ef400000| Complete 
| 245|0x00000000ef500000, 0x00000000ef600000, 0x00000000ef600000|100%| E|CS|TAMS 0x00000000ef500000, 0x00000000ef500000| Complete 
| 246|0x00000000ef600000, 0x00000000ef700000, 0x00000000ef700000|100%| E|CS|TAMS 0x00000000ef600000, 0x00000000ef600000| Complete 
| 247|0x00000000ef700000, 0x00000000ef800000, 0x00000000ef800000|100%| E|CS|TAMS 0x00000000ef700000, 0x00000000ef700000| Complete 
| 248|0x00000000ef800000, 0x00000000ef900000, 0x00000000ef900000|100%| E|  |TAMS 0x00000000ef800000, 0x00000000ef800000| Complete 
| 249|0x00000000ef900000, 0x00000000efa00000, 0x00000000efa00000|100%| E|CS|TAMS 0x00000000ef900000, 0x00000000ef900000| Complete 
| 250|0x00000000efa00000, 0x00000000efb00000, 0x00000000efb00000|100%| E|CS|TAMS 0x00000000efa00000, 0x00000000efa00000| Complete 
| 251|0x00000000efb00000, 0x00000000efc00000, 0x00000000efc00000|100%| E|CS|TAMS 0x00000000efb00000, 0x00000000efb00000| Complete 
| 252|0x00000000efc00000, 0x00000000efd00000, 0x00000000efd00000|100%| E|CS|TAMS 0x00000000efc00000, 0x00000000efc00000| Complete 
| 253|0x00000000efd00000, 0x00000000efe00000, 0x00000000efe00000|100%| E|CS|TAMS 0x00000000efd00000, 0x00000000efd00000| Complete 

Card table byte_map: [0x000001e3f54a0000,0x000001e3f55a0000] _byte_map_base: 0x000001e3f4da0000

Marking Bits (Prev, Next): (CMBitMap*) 0x000001e3ed7efcf0, (CMBitMap*) 0x000001e3ed7efd30
 Prev Bits: [0x000001e3f56a0000, 0x000001e3f5ea0000)
 Next Bits: [0x000001e3f5ea0000, 0x000001e3f66a0000)

Polling page: 0x000001e3eb750000

Metaspace:

Usage:
  Non-class:      5.00 MB used.
      Class:    752.83 KB used.
       Both:      5.73 MB used.

Virtual space:
  Non-class space:       64.00 MB reserved,       5.06 MB (  8%) committed,  1 nodes.
      Class space:        1.00 GB reserved,     896.00 KB ( <1%) committed,  1 nodes.
             Both:        1.06 GB reserved,       5.94 MB ( <1%) committed. 

Chunk freelists:
   Non-Class:  10.20 MB
       Class:  15.05 MB
        Both:  25.25 MB

MaxMetaspaceSize: unlimited
CompressedClassSpaceSize: 1.00 GB
Initial GC threshold: 21.00 MB
Current GC threshold: 21.00 MB
CDS: on
MetaspaceReclaimPolicy: balanced
 - commit_granule_bytes: 65536.
 - commit_granule_words: 8192.
 - virtual_space_node_default_size: 8388608.
 - enlarge_chunks_in_place: 1.
 - new_chunks_are_fully_committed: 0.
 - uncommit_free_chunks: 1.
 - use_allocation_guard: 0.
 - handle_deallocations: 1.


Internal statistics:

num_allocs_failed_limit: 0.
num_arena_births: 84.
num_arena_deaths: 0.
num_vsnodes_births: 2.
num_vsnodes_deaths: 0.
num_space_committed: 95.
num_space_uncommitted: 0.
num_chunks_returned_to_freelist: 0.
num_chunks_taken_from_freelist: 219.
num_chunk_merges: 0.
num_chunk_splits: 131.
num_chunks_enlarged: 89.
num_inconsistent_stats: 0.

CodeHeap 'non-profiled nmethods': size=120000Kb used=331Kb max_used=331Kb free=119668Kb
 bounds [0x000001e387ad0000, 0x000001e387d40000, 0x000001e38f000000]
CodeHeap 'profiled nmethods': size=120000Kb used=2033Kb max_used=2033Kb free=117966Kb
 bounds [0x000001e380000000, 0x000001e380270000, 0x000001e387530000]
CodeHeap 'non-nmethods': size=5760Kb used=1172Kb max_used=1188Kb free=4587Kb
 bounds [0x000001e387530000, 0x000001e3877a0000, 0x000001e387ad0000]
 total_blobs=1510 nmethods=1059 adapters=364
 compilation: enabled
              stopped_count=0, restarted_count=0
 full_count=0

Compilation events (20 events):
Event: 0.527 Thread 0x000001e3f90f0450 nmethod 1047 0x000001e3801f9010 code [0x000001e3801f92c0, 0x000001e3801f9ee8]
Event: 0.527 Thread 0x000001e3f90f0450 1048       3       jdk.internal.module.SystemModuleFinders$SystemModuleReader::containsImageLocation (42 bytes)
Event: 0.527 Thread 0x000001e3f90f0450 nmethod 1048 0x000001e3801fa390 code [0x000001e3801fa5a0, 0x000001e3801fac78]
Event: 0.527 Thread 0x000001e3f90f0450 1049       3       jdk.internal.jimage.ImageReader::verifyLocation (14 bytes)
Event: 0.528 Thread 0x000001e3f90f0450 nmethod 1049 0x000001e3801faf10 code [0x000001e3801fb0e0, 0x000001e3801fb438]
Event: 0.528 Thread 0x000001e3f90f0450 1044       3       jdk.internal.org.objectweb.asm.SymbolTable$Entry::<init> (20 bytes)
Event: 0.528 Thread 0x000001e3f90f0450 nmethod 1044 0x000001e3801fb590 code [0x000001e3801fb720, 0x000001e3801fb868]
Event: 0.528 Thread 0x000001e3f9ab9040 nmethod 1046 0x000001e387b20990 code [0x000001e387b20b20, 0x000001e387b20c58]
Event: 0.528 Thread 0x000001e3f9ab9040 1040   !   4       java.util.jar.JarFile::isMultiRelease (33 bytes)
Event: 0.529 Thread 0x000001e3f9ab9040 nmethod 1040 0x000001e387b20e10 code [0x000001e387b20fa0, 0x000001e387b21088]
Event: 0.529 Thread 0x000001e3f9ab9040 1054       4       java.lang.StringBuilder::toString (35 bytes)
Event: 0.530 Thread 0x000001e3f90f0450 1055       3       java.lang.invoke.MethodHandles$Lookup::isClassAccessible (53 bytes)
Event: 0.530 Thread 0x000001e3f90f0450 nmethod 1055 0x000001e3801fb910 code [0x000001e3801fbb20, 0x000001e3801fc0f8]
Event: 0.531 Thread 0x000001e3f90f0450 1056       3       sun.net.www.protocol.file.Handler::parseURL (18 bytes)
Event: 0.532 Thread 0x000001e3f90f0450 nmethod 1056 0x000001e3801fc310 code [0x000001e3801fc4c0, 0x000001e3801fc678]
Event: 0.532 Thread 0x000001e3f90f0450 1057       3       java.net.URLStreamHandler::parseURL (1201 bytes)
Event: 0.533 Thread 0x000001e3f9ab9040 nmethod 1054 0x000001e387b21110 code [0x000001e387b212a0, 0x000001e387b21758]
Event: 0.533 Thread 0x000001e3f9ab9040 1034   !   4       jdk.internal.loader.URLClassPath$JarLoader::getResource (65 bytes)
Event: 0.534 Thread 0x000001e3f90ef9a0 nmethod 1053% 0x000001e387b21910 code [0x000001e387b21aa0, 0x000001e387b21e78]
Event: 0.534 Thread 0x000001e3f90ef9a0 1060       4       java.util.zip.ZipCoder::hash (36 bytes)

GC Heap History (0 events):
No events

Deoptimization events (20 events):
Event: 0.343 Thread 0x000001e3ed7baa00 DEOPT PACKING pc=0x000001e387ade45c sp=0x000000a9019feba0
Event: 0.343 Thread 0x000001e3ed7baa00 DEOPT UNPACKING pc=0x000001e387585ba3 sp=0x000000a9019feb30 mode 2
Event: 0.344 Thread 0x000001e3ed7baa00 Uncommon trap: trap_request=0xffffff45 fr.pc=0x000001e387b095c8 relative=0x0000000000000188
Event: 0.344 Thread 0x000001e3ed7baa00 Uncommon trap: reason=unstable_if action=reinterpret pc=0x000001e387b095c8 method=java.util.HashMap.getNode(Ljava/lang/Object;)Ljava/util/HashMap$Node; @ 118 c2
Event: 0.344 Thread 0x000001e3ed7baa00 DEOPT PACKING pc=0x000001e387b095c8 sp=0x000000a9019fe910
Event: 0.344 Thread 0x000001e3ed7baa00 DEOPT UNPACKING pc=0x000001e387585ba3 sp=0x000000a9019fe878 mode 2
Event: 0.425 Thread 0x000001e3ed7baa00 Uncommon trap: trap_request=0xffffff45 fr.pc=0x000001e387b130d0 relative=0x00000000000001d0
Event: 0.425 Thread 0x000001e3ed7baa00 Uncommon trap: reason=unstable_if action=reinterpret pc=0x000001e387b130d0 method=java.util.HashMap.putVal(ILjava/lang/Object;Ljava/lang/Object;ZZ)Ljava/lang/Object; @ 162 c2
Event: 0.425 Thread 0x000001e3ed7baa00 DEOPT PACKING pc=0x000001e387b130d0 sp=0x000000a9019fc7c0
Event: 0.425 Thread 0x000001e3ed7baa00 DEOPT UNPACKING pc=0x000001e387585ba3 sp=0x000000a9019fc750 mode 2
Event: 0.493 Thread 0x000001e3ed7baa00 DEOPT PACKING pc=0x000001e38007ed68 sp=0x000000a9019f9580
Event: 0.493 Thread 0x000001e3ed7baa00 DEOPT UNPACKING pc=0x000001e3875866e3 sp=0x000000a9019f8a10 mode 0
Event: 0.505 Thread 0x000001e3ed7baa00 DEOPT PACKING pc=0x000001e38001f5e5 sp=0x000000a9019fc760
Event: 0.505 Thread 0x000001e3ed7baa00 DEOPT UNPACKING pc=0x000001e3875866e3 sp=0x000000a9019fbbb0 mode 0
Event: 0.516 Thread 0x000001e3ed7baa00 DEOPT PACKING pc=0x000001e38001f5e5 sp=0x000000a9019fbfd0
Event: 0.516 Thread 0x000001e3ed7baa00 DEOPT UNPACKING pc=0x000001e3875866e3 sp=0x000000a9019fb420 mode 0
Event: 0.522 Thread 0x000001e3ed7baa00 DEOPT PACKING pc=0x000001e38001f643 sp=0x000000a9019faeb0
Event: 0.522 Thread 0x000001e3ed7baa00 DEOPT UNPACKING pc=0x000001e3875866e3 sp=0x000000a9019fa300 mode 0
Event: 0.524 Thread 0x000001e3ed7baa00 DEOPT PACKING pc=0x000001e38001f5e5 sp=0x000000a9019fb0d0
Event: 0.524 Thread 0x000001e3ed7baa00 DEOPT UNPACKING pc=0x000001e3875866e3 sp=0x000000a9019fa520 mode 0

Classes unloaded (0 events):
No events

Classes redefined (0 events):
No events

Internal exceptions (16 events):
Event: 0.101 Thread 0x000001e3ed7baa00 Exception <a 'java/lang/NoSuchMethodError'{0x00000000efb57e50}: 'void java.lang.invoke.DirectMethodHandle$Holder.invokeInterface(java.lang.Object, java.lang.Object, java.lang.Object)'> (0x00000000efb57e50) 
thrown [s\open\src\hotspot\share\interpreter\linkResolver.cpp, line 759]
Event: 0.221 Thread 0x000001e3ed7baa00 Exception <a 'java/lang/NoSuchMethodError'{0x00000000ef343330}: 'java.lang.Object java.lang.invoke.DirectMethodHandle$Holder.invokeStaticInit(java.lang.Object)'> (0x00000000ef343330) 
thrown [s\open\src\hotspot\share\interpreter\linkResolver.cpp, line 759]
Event: 0.231 Thread 0x000001e3ed7baa00 Exception <a 'java/lang/NoSuchMethodError'{0x00000000ef398b58}: static Ljava/lang/Object;.<clinit>()V> (0x00000000ef398b58) 
thrown [s\open\src\hotspot\share\prims\jni.cpp, line 1112]
Event: 0.246 Thread 0x000001e3ed7baa00 Exception <a 'java/lang/NoSuchMethodError'{0x00000000ef3f8168}: static Lorg/gradle/api/internal/tasks/testing/junitplatform/JUnitPlatformTestClassProcessorFactory;.<clinit>()V> (0x00000000ef3f8168) 
thrown [s\open\src\hotspot\share\prims\jni.cpp, line 1112]
Event: 0.247 Thread 0x000001e3ed7baa00 Exception <a 'java/lang/NoSuchMethodError'{0x00000000ef2067e0}: static Lorg/gradle/api/internal/tasks/testing/junitplatform/JUnitPlatformSpec;.<clinit>()V> (0x00000000ef2067e0) 
thrown [s\open\src\hotspot\share\prims\jni.cpp, line 1112]
Event: 0.250 Thread 0x000001e3ed7baa00 Exception <a 'java/lang/NoSuchMethodError'{0x00000000ef222f98}: static Lorg/gradle/api/internal/tasks/testing/filter/TestFilterSpec;.<clinit>()V> (0x00000000ef222f98) 
thrown [s\open\src\hotspot\share\prims\jni.cpp, line 1112]
Event: 0.286 Thread 0x000001e3ed7baa00 Exception <a 'java/lang/NoSuchMethodError'{0x00000000ef1b6a80}: 'java.lang.Object java.lang.invoke.DirectMethodHandle$Holder.invokeVirtual(java.lang.Object, java.lang.Object, java.lang.Object)'> (0x00000000ef1b6a80) 
thrown [s\open\src\hotspot\share\interpreter\linkResolver.cpp, line 759]
Event: 0.290 Thread 0x000001e3ed7baa00 Exception <a 'java/lang/NoSuchMethodError'{0x00000000ef1efd40}: 'java.lang.Object java.lang.invoke.DirectMethodHandle$Holder.invokeVirtual(java.lang.Object, java.lang.Object, java.lang.Object, java.lang.Object, java.lang.Object, java.lang.Object, java.lang.Object)'> (0x00000000ef1efd40) 
thrown [s\open\src\hotspot\share\interpreter\linkResolver.cpp, line 759]
Event: 0.292 Thread 0x000001e3ed7baa00 Exception <a 'java/lang/NoSuchMethodError'{0x00000000ef000ee0}: 'java.lang.Object java.lang.invoke.Invokers$Holder.invoker(java.lang.Object, java.lang.Object, java.lang.Object)'> (0x00000000ef000ee0) 
thrown [s\open\src\hotspot\share\interpreter\linkResolver.cpp, line 759]
Event: 0.293 Thread 0x000001e3ed7baa00 Exception <a 'java/lang/NoSuchMethodError'{0x00000000ef009a58}: 'java.lang.Object java.lang.invoke.DirectMethodHandle$Holder.invokeStatic(java.lang.Object, java.lang.Object, int)'> (0x00000000ef009a58) 
thrown [s\open\src\hotspot\share\interpreter\linkResolver.cpp, line 759]
Event: 0.294 Thread 0x000001e3ed7baa00 Exception <a 'java/lang/NoSuchMethodError'{0x00000000ef015748}: 'void java.lang.invoke.DelegatingMethodHandle$Holder.delegate(java.lang.Object, java.lang.Object, int, java.lang.Object)'> (0x00000000ef015748) 
thrown [s\open\src\hotspot\share\interpreter\linkResolver.cpp, line 759]
Event: 0.294 Thread 0x000001e3ed7baa00 Exception <a 'java/lang/NoSuchMethodError'{0x00000000ef019900}: 'int java.lang.invoke.DirectMethodHandle$Holder.invokeSpecial(java.lang.Object, java.lang.Object, java.lang.Object)'> (0x00000000ef019900) 
thrown [s\open\src\hotspot\share\interpreter\linkResolver.cpp, line 759]
Event: 0.296 Thread 0x000001e3ed7baa00 Exception <a 'java/lang/NoSuchMethodError'{0x00000000ef02ca10}: 'java.lang.Object java.lang.invoke.Invokers$Holder.invokeExact_MT(java.lang.Object, java.lang.Object, java.lang.Object, java.lang.Object)'> (0x00000000ef02ca10) 
thrown [s\open\src\hotspot\share\interpreter\linkResolver.cpp, line 759]
Event: 0.404 Thread 0x000001e3ed7baa00 Exception <a 'java/lang/NoSuchMethodError'{0x00000000eec31500}: 'java.lang.Object java.lang.invoke.DirectMethodHandle$Holder.invokeStaticInit(java.lang.Object, int, int, int, int)'> (0x00000000eec31500) 
thrown [s\open\src\hotspot\share\interpreter\linkResolver.cpp, line 759]
Event: 0.471 Thread 0x000001e3ed7baa00 Exception <a 'java/lang/NoSuchMethodError'{0x00000000eea4ddf8}: 'java.lang.Object java.lang.invoke.DirectMethodHandle$Holder.invokeStaticInit(java.lang.Object, java.lang.Object, int, int, int, int)'> (0x00000000eea4ddf8) 
thrown [s\open\src\hotspot\share\interpreter\linkResolver.cpp, line 759]
Event: 0.514 Thread 0x000001e3ed7baa00 Exception <a 'java/lang/NoSuchMethodError'{0x00000000ee82fbc0}: 'void java.lang.invoke.DirectMethodHandle$Holder.invokeStatic(java.lang.Object, java.lang.Object, java.lang.Object)'> (0x00000000ee82fbc0) 
thrown [s\open\src\hotspot\share\interpreter\linkResolver.cpp, line 759]

VM Operations (16 events):
Event: 0.108 Executing VM operation: HandshakeAllThreads
Event: 0.108 Executing VM operation: HandshakeAllThreads done
Event: 0.162 Executing VM operation: HandshakeAllThreads
Event: 0.162 Executing VM operation: HandshakeAllThreads done
Event: 0.164 Executing VM operation: HandshakeAllThreads
Event: 0.164 Executing VM operation: HandshakeAllThreads done
Event: 0.224 Executing VM operation: HandshakeAllThreads
Event: 0.224 Executing VM operation: HandshakeAllThreads done
Event: 0.270 Executing VM operation: HandshakeAllThreads
Event: 0.270 Executing VM operation: HandshakeAllThreads done
Event: 0.299 Executing VM operation: HandshakeAllThreads
Event: 0.299 Executing VM operation: HandshakeAllThreads done
Event: 0.410 Executing VM operation: HandshakeAllThreads
Event: 0.410 Executing VM operation: HandshakeAllThreads done
Event: 0.521 Executing VM operation: HandshakeAllThreads
Event: 0.521 Executing VM operation: HandshakeAllThreads done

Events (20 events):
Event: 0.490 loading class java/io/StreamCorruptedException done
Event: 0.490 loading class java/util/AbstractList$ListItr done
Event: 0.492 loading class java/security/AccessControlException
Event: 0.492 loading class java/security/AccessControlException done
Event: 0.520 loading class sun/net/www/protocol/jar/JarURLConnection
Event: 0.520 loading class java/net/JarURLConnection
Event: 0.520 loading class java/net/JarURLConnection done
Event: 0.520 loading class sun/net/www/protocol/jar/JarURLConnection done
Event: 0.520 loading class sun/net/www/protocol/jar/JarFileFactory
Event: 0.520 loading class sun/net/www/protocol/jar/URLJarFile$URLJarFileCloseController
Event: 0.520 loading class sun/net/www/protocol/jar/URLJarFile$URLJarFileCloseController done
Event: 0.520 loading class sun/net/www/protocol/jar/JarFileFactory done
Event: 0.520 loading class sun/net/www/protocol/jar/URLJarFile
Event: 0.520 loading class sun/net/www/protocol/jar/URLJarFile done
Event: 0.521 loading class sun/net/www/protocol/jar/URLJarFile$URLJarFileEntry
Event: 0.521 loading class sun/net/www/protocol/jar/URLJarFile$URLJarFileEntry done
Event: 0.521 loading class sun/net/www/protocol/jar/JarURLConnection$JarURLInputStream
Event: 0.521 loading class sun/net/www/protocol/jar/JarURLConnection$JarURLInputStream done
Event: 0.535 loading class jdk/internal/misc/ScopedMemoryAccess$Scope
Event: 0.535 loading class jdk/internal/misc/ScopedMemoryAccess$Scope done


Dynamic libraries:
0x00007ff6efd00000 - 0x00007ff6efd10000 	C:\Program Files\Java\jdk-17\bin\java.exe
0x00007ffe1ceb0000 - 0x00007ffe1d0c7000 	C:\WINDOWS\SYSTEM32\ntdll.dll
0x00007ffe1b750000 - 0x00007ffe1b814000 	C:\WINDOWS\System32\KERNEL32.DLL
0x00007ffe1a1e0000 - 0x00007ffe1a58d000 	C:\WINDOWS\System32\KERNELBASE.dll
0x00007ffe1a630000 - 0x00007ffe1a741000 	C:\WINDOWS\System32\ucrtbase.dll
0x00007ffda11d0000 - 0x00007ffda11e9000 	C:\Program Files\Java\jdk-17\bin\jli.dll
0x00007ffe16b80000 - 0x00007ffe16b9b000 	C:\Program Files\Java\jdk-17\bin\VCRUNTIME140.dll
0x00007ffe1bd30000 - 0x00007ffe1bde2000 	C:\WINDOWS\System32\ADVAPI32.dll
0x00007ffe1b840000 - 0x00007ffe1b8e7000 	C:\WINDOWS\System32\msvcrt.dll
0x00007ffe1b6a0000 - 0x00007ffe1b749000 	C:\WINDOWS\System32\sechost.dll
0x00007ffe1aa60000 - 0x00007ffe1aa88000 	C:\WINDOWS\System32\bcrypt.dll
0x00007ffe1b570000 - 0x00007ffe1b684000 	C:\WINDOWS\System32\RPCRT4.dll
0x00007ffe1bb80000 - 0x00007ffe1bd2e000 	C:\WINDOWS\System32\USER32.dll
0x00007ffe1aa90000 - 0x00007ffe1aab6000 	C:\WINDOWS\System32\win32u.dll
0x00007ffdf4540000 - 0x00007ffdf47d3000 	C:\WINDOWS\WinSxS\amd64_microsoft.windows.common-controls_6595b64144ccf1df_6.0.22621.3672_none_2713b9d173822955\COMCTL32.dll
0x00007ffe1cba0000 - 0x00007ffe1cbc9000 	C:\WINDOWS\System32\GDI32.dll
0x00007ffe1a750000 - 0x00007ffe1a869000 	C:\WINDOWS\System32\gdi32full.dll
0x00007ffe1a590000 - 0x00007ffe1a62a000 	C:\WINDOWS\System32\msvcp_win.dll
0x00007ffe15f70000 - 0x00007ffe15f7a000 	C:\WINDOWS\SYSTEM32\VERSION.dll
0x00007ffe1b9c0000 - 0x00007ffe1b9f1000 	C:\WINDOWS\System32\IMM32.DLL
0x00007ffd9eff0000 - 0x00007ffd9effc000 	C:\Program Files\Java\jdk-17\bin\vcruntime140_1.dll
0x00007ffd9dc30000 - 0x00007ffd9dcbe000 	C:\Program Files\Java\jdk-17\bin\msvcp140.dll
0x00007ffd83d20000 - 0x00007ffd84900000 	C:\Program Files\Java\jdk-17\bin\server\jvm.dll
0x00007ffe1bb00000 - 0x00007ffe1bb08000 	C:\WINDOWS\System32\PSAPI.DLL
0x00007ffdfb810000 - 0x00007ffdfb819000 	C:\WINDOWS\SYSTEM32\WSOCK32.dll
0x00007ffe10610000 - 0x00007ffe10644000 	C:\WINDOWS\SYSTEM32\WINMM.dll
0x00007ffe1b450000 - 0x00007ffe1b4c1000 	C:\WINDOWS\System32\WS2_32.dll
0x00007ffe19210000 - 0x00007ffe19228000 	C:\WINDOWS\SYSTEM32\kernel.appcore.dll
0x00007ffd9ee90000 - 0x00007ffd9ee9a000 	C:\Program Files\Java\jdk-17\bin\jimage.dll
0x00007ffe17940000 - 0x00007ffe17b72000 	C:\WINDOWS\SYSTEM32\DBGHELP.DLL
0x00007ffe1bea0000 - 0x00007ffe1c228000 	C:\WINDOWS\System32\combase.dll
0x00007ffe1cbd0000 - 0x00007ffe1cca7000 	C:\WINDOWS\System32\OLEAUT32.dll
0x00007ffe16b40000 - 0x00007ffe16b72000 	C:\WINDOWS\SYSTEM32\dbgcore.DLL
0x00007ffe1a9e0000 - 0x00007ffe1aa5b000 	C:\WINDOWS\System32\bcryptPrimitives.dll
0x00007ffd9dc00000 - 0x00007ffd9dc25000 	C:\Program Files\Java\jdk-17\bin\java.dll
0x00007ffd99590000 - 0x00007ffd99667000 	C:\Program Files\Java\jdk-17\bin\jsvml.dll
0x00007ffe1abf0000 - 0x00007ffe1b44f000 	C:\WINDOWS\System32\SHELL32.dll
0x00007ffe18130000 - 0x00007ffe18a2c000 	C:\WINDOWS\SYSTEM32\windows.storage.dll
0x00007ffe17ff0000 - 0x00007ffe1812f000 	C:\WINDOWS\SYSTEM32\wintypes.dll
0x00007ffe1caa0000 - 0x00007ffe1cb94000 	C:\WINDOWS\System32\SHCORE.dll
0x00007ffe1c3e0000 - 0x00007ffe1c43e000 	C:\WINDOWS\System32\shlwapi.dll
0x00007ffe1a110000 - 0x00007ffe1a131000 	C:\WINDOWS\SYSTEM32\profapi.dll
0x00007ffd9d9b0000 - 0x00007ffd9d9c9000 	C:\Program Files\Java\jdk-17\bin\net.dll
0x00007ffe0c570000 - 0x00007ffe0c6a6000 	C:\WINDOWS\SYSTEM32\WINHTTP.dll
0x00007ffe19680000 - 0x00007ffe196e9000 	C:\WINDOWS\system32\mswsock.dll
0x00007ffd9b2b0000 - 0x00007ffd9b2c6000 	C:\Program Files\Java\jdk-17\bin\nio.dll
0x00007ffd9b290000 - 0x00007ffd9b2a8000 	C:\Program Files\Java\jdk-17\bin\zip.dll
0x00007ffde2090000 - 0x00007ffde20a0000 	C:\Program Files\Java\jdk-17\bin\verify.dll
0x00007ffd9d9a0000 - 0x00007ffd9d9ae000 	C:\Program Files\Java\jdk-17\bin\sunmscapi.dll
0x00007ffe1a870000 - 0x00007ffe1a9d7000 	C:\WINDOWS\System32\CRYPT32.dll
0x00007ffe19b90000 - 0x00007ffe19bbe000 	C:\WINDOWS\SYSTEM32\ncrypt.dll
0x00007ffe19b50000 - 0x00007ffe19b87000 	C:\WINDOWS\SYSTEM32\NTASN1.dll
0x00007ffde9050000 - 0x00007ffde9058000 	C:\WINDOWS\system32\wshunix.dll
0x00007ffe19950000 - 0x00007ffe1996b000 	C:\WINDOWS\SYSTEM32\CRYPTSP.dll
0x00007ffe19170000 - 0x00007ffe191a5000 	C:\WINDOWS\system32\rsaenh.dll
0x00007ffe197f0000 - 0x00007ffe19818000 	C:\WINDOWS\SYSTEM32\USERENV.dll
0x00007ffe19970000 - 0x00007ffe1997c000 	C:\WINDOWS\SYSTEM32\CRYPTBASE.dll
0x00007ffe18c90000 - 0x00007ffe18cbd000 	C:\WINDOWS\SYSTEM32\IPHLPAPI.DLL
0x00007ffe1bb10000 - 0x00007ffe1bb19000 	C:\WINDOWS\System32\NSI.dll
0x00007ffe111c0000 - 0x00007ffe111d9000 	C:\WINDOWS\SYSTEM32\dhcpcsvc6.DLL
0x00007ffe111a0000 - 0x00007ffe111bf000 	C:\WINDOWS\SYSTEM32\dhcpcsvc.DLL
0x00007ffe18d00000 - 0x00007ffe18df8000 	C:\WINDOWS\SYSTEM32\DNSAPI.dll

dbghelp: loaded successfully - version: 4.0.5 - missing functions: none
symbol engine: initialized successfully - sym options: 0x614 - pdb path: .;C:\Program Files\Java\jdk-17\bin;C:\WINDOWS\SYSTEM32;C:\WINDOWS\WinSxS\amd64_microsoft.windows.common-controls_6595b64144ccf1df_6.0.22621.3672_none_2713b9d173822955;C:\Program Files\Java\jdk-17\bin\server

VM Arguments:
jvm_args: -Dorg.gradle.internal.worker.tmpdir=C:\Users\user\Desktop\new-folder\KDT_DBE1_Toy_Project2\shop29\build\tmp\test\work -Xmx512m -Dfile.encoding=UTF-8 -Duser.country=KR -Duser.language=ko -Duser.variant -ea 
java_command: worker.org.gradle.process.internal.worker.GradleWorkerMain 'Gradle Test Executor 35'
java_class_path (initial): C:\Program Files\gradle-7.6.4\caches\8.8\workerMain\gradle-worker.jar;C:\Users\user\Desktop\new-folder\KDT_DBE1_Toy_Project2\shop29\build\classes\java\test;C:\Users\user\Desktop\new-folder\KDT_DBE1_Toy_Project2\shop29\build\classes\java\main;C:\Users\user\Desktop\new-folder\KDT_DBE1_Toy_Project2\shop29\build\resources\main;C:\Program Files\gradle-7.6.4\caches\modules-2\files-2.1\nz.net.ultraq.thymeleaf\thymeleaf-layout-dialect\3.3.0\275da01788302e514c0549a4db5fa6b29ef84ba6\thymeleaf-layout-dialect-3.3.0.jar;C:\Program Files\gradle-7.6.4\caches\modules-2\files-2.1\org.mybatis.spring.boot\mybatis-spring-boot-starter\3.0.3\19528356bf8bad2be5f8bf796dfc30bcc4996054\mybatis-spring-boot-starter-3.0.3.jar;C:\Program Files\gradle-7.6.4\caches\modules-2\files-2.1\org.springframework.boot\spring-boot-starter-jdbc\3.3.2\544775d745288972598ab2e872e5a4816b6d9b39\spring-boot-starter-jdbc-3.3.2.jar;C:\Program Files\gradle-7.6.4\caches\modules-2\files-2.1\org.springframework.boot\spring-boot-starter-thymeleaf\3.3.2\cdcc62e2bb84c080a474281cf09c28cdfd423955\spring-boot-starter-thymeleaf-3.3.2.jar;C:\Program Files\gradle-7.6.4\caches\modules-2\files-2.1\org.springframework.boot\spring-boot-starter-validation\3.3.2\81ee06b318ed35c2a3f4882a0f7b9946a39e1b39\spring-boot-starter-validation-3.3.2.jar;C:\Program Files\gradle-7.6.4\caches\modules-2\files-2.1\org.springframework.boot\spring-boot-starter-web\3.3.2\720418538668a8742d0ae24097811d5250cf5c32\spring-boot-starter-web-3.3.2.jar;C:\Program Files\gradle-7.6.4\caches\modules-2\files-2.1\com.mysql\mysql-connector-j\8.3.0\1cc7fa5d61f4bbc113531a4ba6d85d41cf3d57e1\mysql-connector-j-8.3.0.jar;C:\Program Files\gradle-7.6.4\caches\modules-2\files-2.1\org.mybatis.spring.boot\mybatis-spring-boot-starter-test\3.0.3\b1ad9be6dce278ad0587e473342b0396881de49c\mybatis-spring-boot-starter-test-3.0.3.jar;C:\Program Files\gradle-7.6.4\caches\modules-2\files-2.1\org.springframework.boot\spring-boot-starter-test\3.3.2\7b4eb23bcd4
Launcher Type: SUN_STANDARD

[Global flags]
     intx CICompilerCount                          = 4                                         {product} {ergonomic}
     uint ConcGCThreads                            = 2                                         {product} {ergonomic}
     uint G1ConcRefinementThreads                  = 8                                         {product} {ergonomic}
   size_t G1HeapRegionSize                         = 1048576                                   {product} {ergonomic}
    uintx GCDrainStackTargetSize                   = 64                                        {product} {ergonomic}
   size_t InitialHeapSize                          = 266338304                                 {product} {ergonomic}
   size_t MarkStackSize                            = 4194304                                   {product} {ergonomic}
   size_t MaxHeapSize                              = 536870912                                 {product} {command line}
   size_t MaxNewSize                               = 321912832                                 {product} {ergonomic}
   size_t MinHeapDeltaBytes                        = 1048576                                   {product} {ergonomic}
   size_t MinHeapSize                              = 8388608                                   {product} {ergonomic}
    uintx NonNMethodCodeHeapSize                   = 5839372                                {pd product} {ergonomic}
    uintx NonProfiledCodeHeapSize                  = 122909434                              {pd product} {ergonomic}
    uintx ProfiledCodeHeapSize                     = 122909434                              {pd product} {ergonomic}
    uintx ReservedCodeCacheSize                    = 251658240                              {pd product} {ergonomic}
     bool SegmentedCodeCache                       = true                                      {product} {ergonomic}
   size_t SoftMaxHeapSize                          = 536870912                              {manageable} {ergonomic}
     bool UseCompressedClassPointers               = true                           {product lp64_product} {ergonomic}
     bool UseCompressedOops                        = true                           {product lp64_product} {ergonomic}
     bool UseG1GC                                  = true                                      {product} {ergonomic}
     bool UseLargePagesIndividualAllocation        = false                                  {pd product} {ergonomic}

Logging:
Log output configuration:
 #0: stdout all=warning uptime,level,tags
 #1: stderr all=off uptime,level,tags

Environment Variables:
JAVA_HOME=C:\Program Files\Java\jdk-17
PATH=C:\Program Files\Java\jdk-17\bin;C:\app\user\product\21c\dbhomeXE\bin;C:\Program Files\Common Files\Oracle\Java\javapath;C:\Program Files\Java\jdk-17\bin\;C:\WINDOWS\system32;C:\WINDOWS;C:\WINDOWS\System32\Wbem;C:\WINDOWS\System32\WindowsPowerShell\v1.0\;C:\WINDOWS\System32\OpenSSH\;C:\Program Files\Git\cmd;C:\Program Files\gradle-7.6.4\bin;C:\Program Files\Microsoft VS Code\bin;C:\Users\user\AppData\Local\Programs\Python\Launcher\;C:\Program Files\MySQL\MySQL Shell 8.0\bin\;C:\Users\user\AppData\Local\Microsoft\WindowsApps;;C:\Program Files\JetBrains\IntelliJ IDEA 2024.1.2\bin;;C:\Users\user\AppData\Local\afreeca
USERNAME=user
OS=Windows_NT
PROCESSOR_IDENTIFIER=Intel64 Family 6 Model 140 Stepping 1, GenuineIntel



---------------  S Y S T E M  ---------------

OS:
 Windows 11 , 64 bit Build 22621 (10.0.22621.3672)
OS uptime: 0 days 7:50 hours

CPU: total 8 (initial active 8) (4 cores per cpu, 2 threads per core) family 6 model 140 stepping 1 microcode 0x6e, cx8, cmov, fxsr, ht, mmx, 3dnowpref, sse, sse2, sse3, ssse3, sse4.1, sse4.2, popcnt, lzcnt, tsc, tscinvbit, avx, avx2, aes, erms, clmul, bmi1, bmi2, adx, avx512f, avx512dq, avx512cd, avx512bw, avx512vl, sha, fma, vzeroupper, avx512_vpopcntdq, avx512_vpclmulqdq, avx512_vaes, avx512_vnni, clflush, clflushopt, clwb, avx512_vbmi2, avx512_vbmi

Memory: 4k page, system-wide physical 16183M (3439M free)
TotalPageFile size 19183M (AvailPageFile size 4M)
current process WorkingSet (physical memory assigned to process): 80M, peak: 80M
current process commit charge ("private bytes"): 362M, peak: 362M

vm_info: Java HotSpot(TM) 64-Bit Server VM (17.0.11+7-LTS-207) for windows-amd64 JRE (17.0.11+7-LTS-207), built on Mar 11 2024 19:01:50 by "mach5one" with MS VC++ 17.6 (VS2022)

END.
