#
# There is insufficient memory for the Java Runtime Environment to continue.
# Native memory allocation (malloc) failed to allocate 2133664 bytes for Chunk::new
# Possible reasons:
#   The system is out of physical RAM or swap space
#   The process is running with CompressedOops enabled, and the Java Heap may be blocking the growth of the native heap
# Possible solutions:
#   Reduce memory load on the system
#   Increase physical memory or swap space
#   Check if swap backing store is full
#   Decrease Java heap size (-Xmx/-Xms)
#   Decrease number of Java threads
#   Decrease Java thread stack sizes (-Xss)
#   Set larger code cache with -XX:ReservedCodeCacheSize=
#   JVM is running with Unscaled Compressed Oops mode in which the Java heap is
#     placed in the first 4GB address space. The Java Heap base address is the
#     maximum limit for the native heap growth. Please use -XX:HeapBaseMinAddress
#     to set the Java Heap base and to place the Java Heap above 4GB virtual address.
# This output file may be truncated or incomplete.
#
#  Out of Memory Error (arena.cpp:189), pid=16600, tid=1632
#
# JRE version: Java(TM) SE Runtime Environment (17.0.11+7) (build 17.0.11+7-LTS-207)
# Java VM: Java HotSpot(TM) 64-Bit Server VM (17.0.11+7-LTS-207, mixed mode, sharing, tiered, compressed oops, compressed class ptrs, g1 gc, windows-amd64)
# No core dump will be written. Minidumps are not enabled by default on client versions of Windows
#

---------------  S U M M A R Y ------------

Command Line: -Dorg.gradle.internal.worker.tmpdir=C:\Users\user\Desktop\new-folder\KDT_DBE1_Toy_Project2\shop29\build\tmp\test\work -Xmx512m -Dfile.encoding=UTF-8 -Duser.country=KR -Duser.language=ko -Duser.variant -ea worker.org.gradle.process.internal.worker.GradleWorkerMain 'Gradle Test Executor 31'

Host: 11th Gen Intel(R) Core(TM) i5-1135G7 @ 2.40GHz, 8 cores, 15G,  Windows 11 , 64 bit Build 22621 (10.0.22621.3672)
Time: Fri Aug 16 00:05:58 2024  Windows 11 , 64 bit Build 22621 (10.0.22621.3672) elapsed time: 4.455154 seconds (0d 0h 0m 4s)

---------------  T H R E A D  ---------------

Current thread (0x0000026c7c2ae5f0):  JavaThread "C2 CompilerThread0" daemon [_thread_in_native, id=1632, stack(0x000000c951500000,0x000000c951600000)]


Current CompileTask:
C2:   4455 4727   !   4       org.springframework.core.annotation.AnnotationsScanner::processMethodHierarchy (276 bytes)

Stack: [0x000000c951500000,0x000000c951600000]
Native frames: (J=compiled Java code, j=interpreted, Vv=VM code, C=native code)
V  [jvm.dll+0x679cca]
V  [jvm.dll+0x7da13d]
V  [jvm.dll+0x7dba83]
V  [jvm.dll+0x7dc0f3]
V  [jvm.dll+0x2449af]
V  [jvm.dll+0xab83b]
V  [jvm.dll+0xabe1c]
V  [jvm.dll+0x3615ae]
V  [jvm.dll+0x32bd61]
V  [jvm.dll+0x32b1fa]
V  [jvm.dll+0x2161df]
V  [jvm.dll+0x21560f]
V  [jvm.dll+0x1a2040]
V  [jvm.dll+0x225a2b]
V  [jvm.dll+0x223bcb]
V  [jvm.dll+0x7903ec]
V  [jvm.dll+0x78a85a]
V  [jvm.dll+0x678bb5]
C  [ucrtbase.dll+0x29333]
C  [KERNEL32.DLL+0x1257d]
C  [ntdll.dll+0x5af28]


---------------  P R O C E S S  ---------------

Threads class SMR info:
_java_thread_list=0x0000026c54445f20, length=18, elements={
0x0000026c70978e50, 0x0000026c7c28a1d0, 0x0000026c7c28ad90, 0x0000026c7c2a79e0,
0x0000026c7c2a82b0, 0x0000026c7c2aae80, 0x0000026c7c2ad850, 0x0000026c7c2ae5f0,
0x0000026c7c2af4b0, 0x0000026c7c2b02c0, 0x0000026c7c48c510, 0x0000026c7c494ee0,
0x0000026c7cc6c040, 0x0000026c7ccf2220, 0x0000026c7ccde580, 0x0000026c7ccdcfd0,
0x0000026c7de96890, 0x0000026c7e535ca0
}

Java Threads: ( => current thread )
  0x0000026c70978e50 JavaThread "Test worker" [_thread_in_native, id=16576, stack(0x000000c950800000,0x000000c950900000)]
  0x0000026c7c28a1d0 JavaThread "Reference Handler" daemon [_thread_blocked, id=14536, stack(0x000000c950f00000,0x000000c951000000)]
  0x0000026c7c28ad90 JavaThread "Finalizer" daemon [_thread_blocked, id=10116, stack(0x000000c951000000,0x000000c951100000)]
  0x0000026c7c2a79e0 JavaThread "Signal Dispatcher" daemon [_thread_blocked, id=15924, stack(0x000000c951100000,0x000000c951200000)]
  0x0000026c7c2a82b0 JavaThread "Attach Listener" daemon [_thread_blocked, id=9704, stack(0x000000c951200000,0x000000c951300000)]
  0x0000026c7c2aae80 JavaThread "Service Thread" daemon [_thread_blocked, id=2136, stack(0x000000c951300000,0x000000c951400000)]
  0x0000026c7c2ad850 JavaThread "Monitor Deflation Thread" daemon [_thread_blocked, id=11944, stack(0x000000c951400000,0x000000c951500000)]
=>0x0000026c7c2ae5f0 JavaThread "C2 CompilerThread0" daemon [_thread_in_native, id=1632, stack(0x000000c951500000,0x000000c951600000)]
  0x0000026c7c2af4b0 JavaThread "C1 CompilerThread0" daemon [_thread_blocked, id=9836, stack(0x000000c951600000,0x000000c951700000)]
  0x0000026c7c2b02c0 JavaThread "Sweeper thread" daemon [_thread_blocked, id=8900, stack(0x000000c951700000,0x000000c951800000)]
  0x0000026c7c48c510 JavaThread "Notification Thread" daemon [_thread_blocked, id=15048, stack(0x000000c951800000,0x000000c951900000)]
  0x0000026c7c494ee0 JavaThread "Common-Cleaner" daemon [_thread_blocked, id=15056, stack(0x000000c951a00000,0x000000c951b00000)]
  0x0000026c7cc6c040 JavaThread "/127.0.0.1:52347 to /127.0.0.1:52346 workers" [_thread_blocked, id=12908, stack(0x000000c951c00000,0x000000c951d00000)]
  0x0000026c7ccf2220 JavaThread "C2 CompilerThread1" daemon [_thread_in_native, id=3440, stack(0x000000c951d00000,0x000000c951e00000)]
  0x0000026c7ccde580 JavaThread "/127.0.0.1:52347 to /127.0.0.1:52346 workers Thread 2" [_thread_blocked, id=3332, stack(0x000000c951e00000,0x000000c951f00000)]
  0x0000026c7ccdcfd0 JavaThread "/127.0.0.1:52347 to /127.0.0.1:52346 workers Thread 3" [_thread_in_native, id=4668, stack(0x000000c951f00000,0x000000c952000000)]
  0x0000026c7de96890 JavaThread "C2 CompilerThread2" daemon [_thread_in_native, id=6860, stack(0x000000c952900000,0x000000c952a00000)]
  0x0000026c7e535ca0 JavaThread "mysql-cj-abandoned-connection-cleanup" daemon [_thread_blocked, id=10408, stack(0x000000c952a00000,0x000000c952b00000)]

Other Threads:
  0x0000026c7c284b70 VMThread "VM Thread" [stack: 0x000000c950e00000,0x000000c950f00000] [id=13496]
  0x0000026c7c494c50 WatcherThread [stack: 0x000000c951900000,0x000000c951a00000] [id=15348]
  0x0000026c709ae690 GCTaskThread "GC Thread#0" [stack: 0x000000c950900000,0x000000c950a00000] [id=9904]
  0x0000026c7ccdac80 GCTaskThread "GC Thread#1" [stack: 0x000000c952000000,0x000000c952100000] [id=14896]
  0x0000026c7c4a9ab0 GCTaskThread "GC Thread#2" [stack: 0x000000c952100000,0x000000c952200000] [id=4156]
  0x0000026c7d9b45b0 GCTaskThread "GC Thread#3" [stack: 0x000000c952200000,0x000000c952300000] [id=12072]
  0x0000026c7d9b4c80 GCTaskThread "GC Thread#4" [stack: 0x000000c952300000,0x000000c952400000] [id=14924]
  0x0000026c7cd0ff90 GCTaskThread "GC Thread#5" [stack: 0x000000c952400000,0x000000c952500000] [id=4796]
  0x0000026c7cd0e990 GCTaskThread "GC Thread#6" [stack: 0x000000c952500000,0x000000c952600000] [id=11396]
  0x0000026c7cd0ec50 GCTaskThread "GC Thread#7" [stack: 0x000000c952600000,0x000000c952700000] [id=8128]
  0x0000026c709b25d0 ConcurrentGCThread "G1 Main Marker" [stack: 0x000000c950a00000,0x000000c950b00000] [id=7920]
  0x0000026c709b2fe0 ConcurrentGCThread "G1 Conc#0" [stack: 0x000000c950b00000,0x000000c950c00000] [id=2000]
  0x0000026c7cd0f1d0 ConcurrentGCThread "G1 Conc#1" [stack: 0x000000c952b00000,0x000000c952c00000] [id=8660]
  0x0000026c70a2d9a0 ConcurrentGCThread "G1 Refine#0" [stack: 0x000000c950c00000,0x000000c950d00000] [id=4636]
  0x0000026c7cf20cc0 ConcurrentGCThread "G1 Refine#1" [stack: 0x000000c952700000,0x000000c952800000] [id=8264]
  0x0000026c7cf20fb0 ConcurrentGCThread "G1 Refine#2" [stack: 0x000000c952800000,0x000000c952900000] [id=7304]
  0x0000026c7c1454b0 ConcurrentGCThread "G1 Service" [stack: 0x000000c950d00000,0x000000c950e00000] [id=12128]

Threads with active compile tasks:
C2 CompilerThread0     4474 4727   !   4       org.springframework.core.annotation.AnnotationsScanner::processMethodHierarchy (276 bytes)
C2 CompilerThread1     4474 4791   !   4       org.springframework.util.ReflectionUtils::doWithMethods (186 bytes)
C2 CompilerThread2     4474 4871       4       org.springframework.core.annotation.AnnotationsScanner::getBaseTypeMethods (123 bytes)

VM state: not at safepoint (normal execution)

VM Mutex/Monitor currently owned by a thread: None

Heap address: 0x00000000e0000000, size: 512 MB, Compressed Oops mode: 32-bit

CDS archive(s) mapped at: [0x0000026c0f000000-0x0000026c0fbd0000-0x0000026c0fbd0000), size 12386304, SharedBaseAddress: 0x0000026c0f000000, ArchiveRelocationMode: 1.
Compressed class space mapped at: 0x0000026c10000000-0x0000026c50000000, reserved size: 1073741824
Narrow klass base: 0x0000026c0f000000, Narrow klass shift: 0, Narrow klass range: 0x100000000

GC Precious Log:
 CPUs: 8 total, 8 available
 Memory: 16183M
 Large Page Support: Disabled
 NUMA Support: Disabled
 Compressed Oops: Enabled (32-bit)
 Heap Region Size: 1M
 Heap Min Capacity: 8M
 Heap Initial Capacity: 254M
 Heap Max Capacity: 512M
 Pre-touch: Disabled
 Parallel Workers: 8
 Concurrent Workers: 2
 Concurrent Refinement Workers: 8
 Periodic GC: Disabled

Heap:
 garbage-first heap   total 55296K, used 30939K [0x00000000e0000000, 0x0000000100000000)
  region size 1024K, 11 young (11264K), 2 survivors (2048K)
 Metaspace       used 42844K, committed 43392K, reserved 1114112K
  class space    used 5678K, committed 5952K, reserved 1048576K

Heap Regions: E=young(eden), S=young(survivor), O=old, HS=humongous(starts), HC=humongous(continues), CS=collection set, F=free, OA=open archive, CA=closed archive, TAMS=top-at-mark-start (previous, next)
|   0|0x00000000e0000000, 0x00000000e0100000, 0x00000000e0100000|100%| O|  |TAMS 0x00000000e0100000, 0x00000000e0000000| Untracked 
|   1|0x00000000e0100000, 0x00000000e0200000, 0x00000000e0200000|100%| O|  |TAMS 0x00000000e0200000, 0x00000000e0100000| Untracked 
|   2|0x00000000e0200000, 0x00000000e0300000, 0x00000000e0300000|100%| O|  |TAMS 0x00000000e0300000, 0x00000000e0200000| Untracked 
|   3|0x00000000e0300000, 0x00000000e0400000, 0x00000000e0400000|100%| O|  |TAMS 0x00000000e0400000, 0x00000000e0300000| Untracked 
|   4|0x00000000e0400000, 0x00000000e0500000, 0x00000000e0500000|100%| O|  |TAMS 0x00000000e0500000, 0x00000000e0400000| Untracked 
|   5|0x00000000e0500000, 0x00000000e0600000, 0x00000000e0600000|100%| O|  |TAMS 0x00000000e0600000, 0x00000000e0500000| Untracked 
|   6|0x00000000e0600000, 0x00000000e0700000, 0x00000000e0700000|100%| O|  |TAMS 0x00000000e0700000, 0x00000000e0600000| Untracked 
|   7|0x00000000e0700000, 0x00000000e0800000, 0x00000000e0800000|100%| O|  |TAMS 0x00000000e0800000, 0x00000000e0700000| Untracked 
|   8|0x00000000e0800000, 0x00000000e0900000, 0x00000000e0900000|100%| O|  |TAMS 0x00000000e0900000, 0x00000000e0800000| Untracked 
|   9|0x00000000e0900000, 0x00000000e0a00000, 0x00000000e0a00000|100%| O|  |TAMS 0x00000000e0a00000, 0x00000000e0900000| Untracked 
|  10|0x00000000e0a00000, 0x00000000e0b00000, 0x00000000e0b00000|100%| O|  |TAMS 0x00000000e0b00000, 0x00000000e0a00000| Untracked 
|  11|0x00000000e0b00000, 0x00000000e0c00000, 0x00000000e0c00000|100%| O|  |TAMS 0x00000000e0c00000, 0x00000000e0b00000| Untracked 
|  12|0x00000000e0c00000, 0x00000000e0d00000, 0x00000000e0d00000|100%| O|  |TAMS 0x00000000e0d00000, 0x00000000e0c00000| Untracked 
|  13|0x00000000e0d00000, 0x00000000e0e00000, 0x00000000e0e00000|100%| O|  |TAMS 0x00000000e0e00000, 0x00000000e0d00000| Untracked 
|  14|0x00000000e0e00000, 0x00000000e0e00000, 0x00000000e0f00000|  0%| F|  |TAMS 0x00000000e0e00000, 0x00000000e0e00000| Untracked 
|  15|0x00000000e0f00000, 0x00000000e1000000, 0x00000000e1000000|100%| O|  |TAMS 0x00000000e0f00000, 0x00000000e0f00000| Untracked 
|  16|0x00000000e1000000, 0x00000000e1100000, 0x00000000e1100000|100%| O|  |TAMS 0x00000000e1000000, 0x00000000e1000000| Untracked 
|  17|0x00000000e1100000, 0x00000000e1200000, 0x00000000e1200000|100%| O|  |TAMS 0x00000000e1100000, 0x00000000e1100000| Untracked 
|  18|0x00000000e1200000, 0x00000000e1300000, 0x00000000e1300000|100%| O|  |TAMS 0x00000000e1200000, 0x00000000e1200000| Untracked 
|  19|0x00000000e1300000, 0x00000000e133c200, 0x00000000e1400000| 23%| O|  |TAMS 0x00000000e1300000, 0x00000000e1300000| Untracked 
|  20|0x00000000e1400000, 0x00000000e1400000, 0x00000000e1500000|  0%| F|  |TAMS 0x00000000e1400000, 0x00000000e1400000| Untracked 
|  21|0x00000000e1500000, 0x00000000e1600000, 0x00000000e1600000|100%| O|  |TAMS 0x00000000e1600000, 0x00000000e1500000| Untracked 
|  22|0x00000000e1600000, 0x00000000e1700000, 0x00000000e1700000|100%| O|  |TAMS 0x00000000e1700000, 0x00000000e1600000| Untracked 
|  23|0x00000000e1700000, 0x00000000e1700000, 0x00000000e1800000|  0%| F|  |TAMS 0x00000000e1700000, 0x00000000e1700000| Untracked 
|  24|0x00000000e1800000, 0x00000000e1800000, 0x00000000e1900000|  0%| F|  |TAMS 0x00000000e1800000, 0x00000000e1800000| Untracked 
|  25|0x00000000e1900000, 0x00000000e1900000, 0x00000000e1a00000|  0%| F|  |TAMS 0x00000000e1900000, 0x00000000e1900000| Untracked 
|  26|0x00000000e1a00000, 0x00000000e1a00000, 0x00000000e1b00000|  0%| F|  |TAMS 0x00000000e1a00000, 0x00000000e1a00000| Untracked 
|  27|0x00000000e1b00000, 0x00000000e1b00000, 0x00000000e1c00000|  0%| F|  |TAMS 0x00000000e1b00000, 0x00000000e1b00000| Untracked 
|  28|0x00000000e1c00000, 0x00000000e1c00000, 0x00000000e1d00000|  0%| F|  |TAMS 0x00000000e1c00000, 0x00000000e1c00000| Untracked 
|  29|0x00000000e1d00000, 0x00000000e1d00000, 0x00000000e1e00000|  0%| F|  |TAMS 0x00000000e1d00000, 0x00000000e1d00000| Untracked 
|  30|0x00000000e1e00000, 0x00000000e1e00000, 0x00000000e1f00000|  0%| F|  |TAMS 0x00000000e1e00000, 0x00000000e1e00000| Untracked 
|  31|0x00000000e1f00000, 0x00000000e1ffac10, 0x00000000e2000000| 97%| S|CS|TAMS 0x00000000e1f00000, 0x00000000e1f00000| Complete 
|  32|0x00000000e2000000, 0x00000000e2100000, 0x00000000e2100000|100%| S|CS|TAMS 0x00000000e2000000, 0x00000000e2000000| Complete 
|  33|0x00000000e2100000, 0x00000000e2100000, 0x00000000e2200000|  0%| F|  |TAMS 0x00000000e2100000, 0x00000000e2100000| Untracked 
|  34|0x00000000e2200000, 0x00000000e2200000, 0x00000000e2300000|  0%| F|  |TAMS 0x00000000e2200000, 0x00000000e2200000| Untracked 
|  35|0x00000000e2300000, 0x00000000e2300000, 0x00000000e2400000|  0%| F|  |TAMS 0x00000000e2300000, 0x00000000e2300000| Untracked 
|  36|0x00000000e2400000, 0x00000000e2400000, 0x00000000e2500000|  0%| F|  |TAMS 0x00000000e2400000, 0x00000000e2400000| Untracked 
|  37|0x00000000e2500000, 0x00000000e2500000, 0x00000000e2600000|  0%| F|  |TAMS 0x00000000e2500000, 0x00000000e2500000| Untracked 
|  38|0x00000000e2600000, 0x00000000e2600000, 0x00000000e2700000|  0%| F|  |TAMS 0x00000000e2600000, 0x00000000e2600000| Untracked 
|  39|0x00000000e2700000, 0x00000000e2700000, 0x00000000e2800000|  0%| F|  |TAMS 0x00000000e2700000, 0x00000000e2700000| Untracked 
|  40|0x00000000e2800000, 0x00000000e2800000, 0x00000000e2900000|  0%| F|  |TAMS 0x00000000e2800000, 0x00000000e2800000| Untracked 
|  41|0x00000000e2900000, 0x00000000e2900000, 0x00000000e2a00000|  0%| F|  |TAMS 0x00000000e2900000, 0x00000000e2900000| Untracked 
|  42|0x00000000e2a00000, 0x00000000e2a00000, 0x00000000e2b00000|  0%| F|  |TAMS 0x00000000e2a00000, 0x00000000e2a00000| Untracked 
|  43|0x00000000e2b00000, 0x00000000e2b00000, 0x00000000e2c00000|  0%| F|  |TAMS 0x00000000e2b00000, 0x00000000e2b00000| Untracked 
|  44|0x00000000e2c00000, 0x00000000e2c00000, 0x00000000e2d00000|  0%| F|  |TAMS 0x00000000e2c00000, 0x00000000e2c00000| Untracked 
|  45|0x00000000e2d00000, 0x00000000e2e00000, 0x00000000e2e00000|100%| E|  |TAMS 0x00000000e2d00000, 0x00000000e2d00000| Complete 
|  46|0x00000000e2e00000, 0x00000000e2f00000, 0x00000000e2f00000|100%| E|CS|TAMS 0x00000000e2e00000, 0x00000000e2e00000| Complete 
| 236|0x00000000eec00000, 0x00000000eed00000, 0x00000000eed00000|100%| E|CS|TAMS 0x00000000eec00000, 0x00000000eec00000| Complete 
| 237|0x00000000eed00000, 0x00000000eee00000, 0x00000000eee00000|100%| E|CS|TAMS 0x00000000eed00000, 0x00000000eed00000| Complete 
| 238|0x00000000eee00000, 0x00000000eef00000, 0x00000000eef00000|100%| E|CS|TAMS 0x00000000eee00000, 0x00000000eee00000| Complete 
| 239|0x00000000eef00000, 0x00000000ef000000, 0x00000000ef000000|100%| E|CS|TAMS 0x00000000eef00000, 0x00000000eef00000| Complete 
| 240|0x00000000ef000000, 0x00000000ef100000, 0x00000000ef100000|100%| E|CS|TAMS 0x00000000ef000000, 0x00000000ef000000| Complete 
| 241|0x00000000ef100000, 0x00000000ef200000, 0x00000000ef200000|100%| E|CS|TAMS 0x00000000ef100000, 0x00000000ef100000| Complete 
| 253|0x00000000efd00000, 0x00000000efe00000, 0x00000000efe00000|100%| E|CS|TAMS 0x00000000efd00000, 0x00000000efd00000| Complete 

Card table byte_map: [0x0000026c78660000,0x0000026c78760000] _byte_map_base: 0x0000026c77f60000

Marking Bits (Prev, Next): (CMBitMap*) 0x0000026c709afd00, (CMBitMap*) 0x0000026c709afcc0
 Prev Bits: [0x0000026c79060000, 0x0000026c79860000)
 Next Bits: [0x0000026c78860000, 0x0000026c79060000)

Polling page: 0x0000026c70130000

Metaspace:

Usage:
  Non-class:     36.29 MB used.
      Class:      5.55 MB used.
       Both:     41.84 MB used.

Virtual space:
  Non-class space:       64.00 MB reserved,      36.56 MB ( 57%) committed,  1 nodes.
      Class space:        1.00 GB reserved,       5.81 MB ( <1%) committed,  1 nodes.
             Both:        1.06 GB reserved,      42.38 MB (  4%) committed. 

Chunk freelists:
   Non-Class:  10.61 MB
       Class:  10.25 MB
        Both:  20.85 MB

MaxMetaspaceSize: unlimited
CompressedClassSpaceSize: 1.00 GB
Initial GC threshold: 21.00 MB
Current GC threshold: 61.50 MB
CDS: on
MetaspaceReclaimPolicy: balanced
 - commit_granule_bytes: 65536.
 - commit_granule_words: 8192.
 - virtual_space_node_default_size: 8388608.
 - enlarge_chunks_in_place: 1.
 - new_chunks_are_fully_committed: 0.
 - uncommit_free_chunks: 1.
 - use_allocation_guard: 0.
 - handle_deallocations: 1.


Internal statistics:

num_allocs_failed_limit: 12.
num_arena_births: 676.
num_arena_deaths: 0.
num_vsnodes_births: 2.
num_vsnodes_deaths: 0.
num_space_committed: 678.
num_space_uncommitted: 0.
num_chunks_returned_to_freelist: 12.
num_chunks_taken_from_freelist: 2212.
num_chunk_merges: 0.
num_chunk_splits: 1495.
num_chunks_enlarged: 1104.
num_inconsistent_stats: 0.

CodeHeap 'non-profiled nmethods': size=120000Kb used=2833Kb max_used=2833Kb free=117166Kb
 bounds [0x0000026c07ad0000, 0x0000026c07da0000, 0x0000026c0f000000]
CodeHeap 'profiled nmethods': size=120000Kb used=10666Kb max_used=10666Kb free=109333Kb
 bounds [0x0000026c00000000, 0x0000026c00a70000, 0x0000026c07530000]
CodeHeap 'non-nmethods': size=5760Kb used=1615Kb max_used=1676Kb free=4144Kb
 bounds [0x0000026c07530000, 0x0000026c077a0000, 0x0000026c07ad0000]
 total_blobs=5601 nmethods=4936 adapters=575
 compilation: enabled
              stopped_count=0, restarted_count=0
 full_count=0

Compilation events (20 events):
Event: 4.243 Thread 0x0000026c7c2af4b0 4962       2       org.springframework.core.ResolvableType::isAssignableFrom (36 bytes)
Event: 4.243 Thread 0x0000026c7c2af4b0 nmethod 4962 0x0000026c00a68610 code [0x0000026c00a687c0, 0x0000026c00a68a28]
Event: 4.244 Thread 0x0000026c7c2af4b0 4963       2       java.util.stream.StreamSpliterators$WrappingSpliterator::tryAdvance (36 bytes)
Event: 4.245 Thread 0x0000026c7c2af4b0 nmethod 4963 0x0000026c00a68b90 code [0x0000026c00a68d60, 0x0000026c00a68ff8]
Event: 4.245 Thread 0x0000026c7c2af4b0 4964       2       java.util.stream.StreamSpliterators$AbstractWrappingSpliterator::doAdvance (106 bytes)
Event: 4.245 Thread 0x0000026c7c2af4b0 nmethod 4964 0x0000026c00a69190 code [0x0000026c00a693a0, 0x0000026c00a697e8]
Event: 4.245 Thread 0x0000026c7c2af4b0 4965       2       java.util.regex.Pattern$GroupTail::match (111 bytes)
Event: 4.246 Thread 0x0000026c7c2af4b0 nmethod 4965 0x0000026c00a69a10 code [0x0000026c00a69be0, 0x0000026c00a69ea8]
Event: 4.268 Thread 0x0000026c7c2af4b0 4967       2       jdk.internal.loader.BuiltinClassLoader$1::hasMoreElements (5 bytes)
Event: 4.268 Thread 0x0000026c7c2af4b0 nmethod 4967 0x0000026c00a6a090 code [0x0000026c00a6a220, 0x0000026c00a6a348]
Event: 4.268 Thread 0x0000026c7c2af4b0 4966       1       java.util.Collections$EmptyEnumeration::hasMoreElements (2 bytes)
Event: 4.268 Thread 0x0000026c7c2af4b0 nmethod 4966 0x0000026c07d7f510 code [0x0000026c07d7f6a0, 0x0000026c07d7f778]
Event: 4.288 Thread 0x0000026c7c2af4b0 4968       3       java.net.URI::match (56 bytes)
Event: 4.288 Thread 0x0000026c7c2af4b0 nmethod 4968 0x0000026c00a6a410 code [0x0000026c00a6a5c0, 0x0000026c00a6a8b8]
Event: 4.378 Thread 0x0000026c7de96890 nmethod 4637 0x0000026c07d7fe10 code [0x0000026c07d80800, 0x0000026c07d8c198]
Event: 4.378 Thread 0x0000026c7de96890 4898       4       java.util.Spliterators$IteratorSpliterator::tryAdvance (77 bytes)
Event: 4.385 Thread 0x0000026c7de96890 nmethod 4898 0x0000026c07d93590 code [0x0000026c07d93760, 0x0000026c07d93cb8]
Event: 4.385 Thread 0x0000026c7de96890 4945       4       java.util.TreeMap::successor (66 bytes)
Event: 4.387 Thread 0x0000026c7de96890 nmethod 4945 0x0000026c07d94190 code [0x0000026c07d94300, 0x0000026c07d943d8]
Event: 4.387 Thread 0x0000026c7de96890 4871       4       org.springframework.core.annotation.AnnotationsScanner::getBaseTypeMethods (123 bytes)

GC Heap History (20 events):
Event: 1.811 GC heap before
{Heap before GC invocations=3 (full 0):
 garbage-first heap   total 260096K, used 23986K [0x00000000e0000000, 0x0000000100000000)
  region size 1024K, 17 young (17408K), 5 survivors (5120K)
 Metaspace       used 21260K, committed 21504K, reserved 1114112K
  class space    used 2894K, committed 3008K, reserved 1048576K
}
Event: 1.814 GC heap after
{Heap after GC invocations=4 (full 0):
 garbage-first heap   total 260096K, used 13821K [0x00000000e0000000, 0x0000000100000000)
  region size 1024K, 6 young (6144K), 6 survivors (6144K)
 Metaspace       used 21260K, committed 21504K, reserved 1114112K
  class space    used 2894K, committed 3008K, reserved 1048576K
}
Event: 2.069 GC heap before
{Heap before GC invocations=5 (full 0):
 garbage-first heap   total 55296K, used 40445K [0x00000000e0000000, 0x0000000100000000)
  region size 1024K, 33 young (33792K), 6 survivors (6144K)
 Metaspace       used 26911K, committed 27200K, reserved 1114112K
  class space    used 3578K, committed 3712K, reserved 1048576K
}
Event: 2.073 GC heap after
{Heap after GC invocations=6 (full 0):
 garbage-first heap   total 55296K, used 15160K [0x00000000e0000000, 0x0000000100000000)
  region size 1024K, 7 young (7168K), 7 survivors (7168K)
 Metaspace       used 26911K, committed 27200K, reserved 1114112K
  class space    used 3578K, committed 3712K, reserved 1048576K
}
Event: 2.081 GC heap before
{Heap before GC invocations=6 (full 0):
 garbage-first heap   total 55296K, used 15160K [0x00000000e0000000, 0x0000000100000000)
  region size 1024K, 8 young (8192K), 7 survivors (7168K)
 Metaspace       used 27032K, committed 27328K, reserved 1114112K
  class space    used 3601K, committed 3712K, reserved 1048576K
}
Event: 2.085 GC heap after
{Heap after GC invocations=7 (full 0):
 garbage-first heap   total 55296K, used 15806K [0x00000000e0000000, 0x0000000100000000)
  region size 1024K, 1 young (1024K), 1 survivors (1024K)
 Metaspace       used 27032K, committed 27328K, reserved 1114112K
  class space    used 3601K, committed 3712K, reserved 1048576K
}
Event: 2.371 GC heap before
{Heap before GC invocations=7 (full 0):
 garbage-first heap   total 55296K, used 37310K [0x00000000e0000000, 0x0000000100000000)
  region size 1024K, 22 young (22528K), 1 survivors (1024K)
 Metaspace       used 29148K, committed 29504K, reserved 1114112K
  class space    used 3864K, committed 4032K, reserved 1048576K
}
Event: 2.373 GC heap after
{Heap after GC invocations=8 (full 0):
 garbage-first heap   total 55296K, used 16983K [0x00000000e0000000, 0x0000000100000000)
  region size 1024K, 3 young (3072K), 3 survivors (3072K)
 Metaspace       used 29148K, committed 29504K, reserved 1114112K
  class space    used 3864K, committed 4032K, reserved 1048576K
}
Event: 2.755 GC heap before
{Heap before GC invocations=8 (full 0):
 garbage-first heap   total 55296K, used 38487K [0x00000000e0000000, 0x0000000100000000)
  region size 1024K, 24 young (24576K), 3 survivors (3072K)
 Metaspace       used 32218K, committed 32640K, reserved 1114112K
  class space    used 4278K, committed 4480K, reserved 1048576K
}
Event: 2.757 GC heap after
{Heap after GC invocations=9 (full 0):
 garbage-first heap   total 55296K, used 18128K [0x00000000e0000000, 0x0000000100000000)
  region size 1024K, 2 young (2048K), 2 survivors (2048K)
 Metaspace       used 32218K, committed 32640K, reserved 1114112K
  class space    used 4278K, committed 4480K, reserved 1048576K
}
Event: 3.084 GC heap before
{Heap before GC invocations=9 (full 0):
 garbage-first heap   total 55296K, used 34512K [0x00000000e0000000, 0x0000000100000000)
  region size 1024K, 19 young (19456K), 2 survivors (2048K)
 Metaspace       used 35705K, committed 36096K, reserved 1114112K
  class space    used 4736K, committed 4928K, reserved 1048576K
}
Event: 3.086 GC heap after
{Heap after GC invocations=10 (full 0):
 garbage-first heap   total 55296K, used 19664K [0x00000000e0000000, 0x0000000100000000)
  region size 1024K, 3 young (3072K), 3 survivors (3072K)
 Metaspace       used 35705K, committed 36096K, reserved 1114112K
  class space    used 4736K, committed 4928K, reserved 1048576K
}
Event: 3.251 GC heap before
{Heap before GC invocations=11 (full 0):
 garbage-first heap   total 55296K, used 40144K [0x00000000e0000000, 0x0000000100000000)
  region size 1024K, 24 young (24576K), 3 survivors (3072K)
 Metaspace       used 37348K, committed 37696K, reserved 1114112K
  class space    used 4947K, committed 5120K, reserved 1048576K
}
Event: 3.254 GC heap after
{Heap after GC invocations=12 (full 0):
 garbage-first heap   total 55296K, used 20294K [0x00000000e0000000, 0x0000000100000000)
  region size 1024K, 1 young (1024K), 1 survivors (1024K)
 Metaspace       used 37348K, committed 37696K, reserved 1114112K
  class space    used 4947K, committed 5120K, reserved 1048576K
}
Event: 3.600 GC heap before
{Heap before GC invocations=13 (full 0):
 garbage-first heap   total 55296K, used 41798K [0x00000000e0000000, 0x0000000100000000)
  region size 1024K, 22 young (22528K), 1 survivors (1024K)
 Metaspace       used 38955K, committed 39360K, reserved 1114112K
  class space    used 5145K, committed 5312K, reserved 1048576K
}
Event: 3.602 GC heap after
{Heap after GC invocations=14 (full 0):
 garbage-first heap   total 55296K, used 21073K [0x00000000e0000000, 0x0000000100000000)
  region size 1024K, 2 young (2048K), 2 survivors (2048K)
 Metaspace       used 38955K, committed 39360K, reserved 1114112K
  class space    used 5145K, committed 5312K, reserved 1048576K
}
Event: 3.627 GC heap before
{Heap before GC invocations=14 (full 0):
 garbage-first heap   total 55296K, used 22097K [0x00000000e0000000, 0x0000000100000000)
  region size 1024K, 3 young (3072K), 2 survivors (2048K)
 Metaspace       used 38998K, committed 39360K, reserved 1114112K
  class space    used 5150K, committed 5312K, reserved 1048576K
}
Event: 3.630 GC heap after
{Heap after GC invocations=15 (full 0):
 garbage-first heap   total 55296K, used 21044K [0x00000000e0000000, 0x0000000100000000)
  region size 1024K, 1 young (1024K), 1 survivors (1024K)
 Metaspace       used 38998K, committed 39360K, reserved 1114112K
  class space    used 5150K, committed 5312K, reserved 1048576K
}
Event: 4.072 GC heap before
{Heap before GC invocations=15 (full 0):
 garbage-first heap   total 55296K, used 41524K [0x00000000e0000000, 0x0000000100000000)
  region size 1024K, 21 young (21504K), 1 survivors (1024K)
 Metaspace       used 41559K, committed 42048K, reserved 1114112K
  class space    used 5493K, committed 5760K, reserved 1048576K
}
Event: 4.075 GC heap after
{Heap after GC invocations=16 (full 0):
 garbage-first heap   total 55296K, used 22747K [0x00000000e0000000, 0x0000000100000000)
  region size 1024K, 2 young (2048K), 2 survivors (2048K)
 Metaspace       used 41559K, committed 42048K, reserved 1114112K
  class space    used 5493K, committed 5760K, reserved 1048576K
}

Deoptimization events (20 events):
Event: 4.194 Thread 0x0000026c70978e50 Uncommon trap: trap_request=0xffffff45 fr.pc=0x0000026c07bbb6e0 relative=0x0000000000000060
Event: 4.194 Thread 0x0000026c70978e50 Uncommon trap: reason=unstable_if action=reinterpret pc=0x0000026c07bbb6e0 method=org.springframework.util.ConcurrentReferenceHashMap$Segment.clear()V @ 7 c2
Event: 4.194 Thread 0x0000026c70978e50 DEOPT PACKING pc=0x0000026c07bbb6e0 sp=0x000000c9508fb3f0
Event: 4.194 Thread 0x0000026c70978e50 DEOPT UNPACKING pc=0x0000026c07585ba3 sp=0x000000c9508fb380 mode 2
Event: 4.201 Thread 0x0000026c70978e50 Uncommon trap: trap_request=0xffffff45 fr.pc=0x0000026c07d1f090 relative=0x00000000000000f0
Event: 4.201 Thread 0x0000026c70978e50 Uncommon trap: reason=unstable_if action=reinterpret pc=0x0000026c07d1f090 method=java.util.ArrayList.indexOfRange(Ljava/lang/Object;II)I @ 7 c2
Event: 4.201 Thread 0x0000026c70978e50 DEOPT PACKING pc=0x0000026c07d1f090 sp=0x000000c9508fb180
Event: 4.201 Thread 0x0000026c70978e50 DEOPT UNPACKING pc=0x0000026c07585ba3 sp=0x000000c9508fb100 mode 2
Event: 4.288 Thread 0x0000026c70978e50 Uncommon trap: trap_request=0xffffff45 fr.pc=0x0000026c07bca178 relative=0x0000000000000078
Event: 4.288 Thread 0x0000026c70978e50 Uncommon trap: reason=unstable_if action=reinterpret pc=0x0000026c07bca178 method=java.net.URI.match(CJJ)Z @ 19 c2
Event: 4.288 Thread 0x0000026c70978e50 DEOPT PACKING pc=0x0000026c07bca178 sp=0x000000c9508f8a50
Event: 4.288 Thread 0x0000026c70978e50 DEOPT UNPACKING pc=0x0000026c07585ba3 sp=0x000000c9508f89d8 mode 2
Event: 4.290 Thread 0x0000026c70978e50 Uncommon trap: trap_request=0xffffffde fr.pc=0x0000026c07bea854 relative=0x0000000000001b14
Event: 4.290 Thread 0x0000026c70978e50 Uncommon trap: reason=class_check action=maybe_recompile pc=0x0000026c07bea854 method=java.util.zip.InflaterInputStream.read([BII)I @ 100 c2
Event: 4.290 Thread 0x0000026c70978e50 DEOPT PACKING pc=0x0000026c07bea854 sp=0x000000c9508f8ac0
Event: 4.290 Thread 0x0000026c70978e50 DEOPT UNPACKING pc=0x0000026c07585ba3 sp=0x000000c9508f8b10 mode 2
Event: 4.290 Thread 0x0000026c70978e50 Uncommon trap: trap_request=0xffffffde fr.pc=0x0000026c07bea854 relative=0x0000000000001b14
Event: 4.290 Thread 0x0000026c70978e50 Uncommon trap: reason=class_check action=maybe_recompile pc=0x0000026c07bea854 method=java.util.zip.InflaterInputStream.read([BII)I @ 100 c2
Event: 4.290 Thread 0x0000026c70978e50 DEOPT PACKING pc=0x0000026c07bea854 sp=0x000000c9508f8ac0
Event: 4.290 Thread 0x0000026c70978e50 DEOPT UNPACKING pc=0x0000026c07585ba3 sp=0x000000c9508f8b10 mode 2

Classes unloaded (0 events):
No events

Classes redefined (0 events):
No events

Internal exceptions (20 events):
Event: 4.054 Thread 0x0000026c70978e50 Exception <a 'java/lang/NoSuchMethodError'{0x00000000e21254d0}: 'java.lang.Object java.lang.invoke.DirectMethodHandle$Holder.invokeStaticInit(java.lang.Object, java.lang.Object, java.lang.Object, java.lang.Object, java.lang.Object)'> (0x00000000e21254d0) 
thrown [s\open\src\hotspot\share\interpreter\linkResolver.cpp, line 759]
Event: 4.055 Thread 0x0000026c70978e50 Exception <a 'java/lang/IncompatibleClassChangeError'{0x00000000e2129a88}: Found class java.lang.Object, but interface was expected> (0x00000000e2129a88) 
thrown [s\open\src\hotspot\share\interpreter\linkResolver.cpp, line 826]
Event: 4.055 Thread 0x0000026c70978e50 Exception <a 'java/lang/NoSuchMethodError'{0x00000000e212b488}: 'java.lang.Object java.lang.invoke.DirectMethodHandle$Holder.invokeStaticInit(java.lang.Object, java.lang.Object, java.lang.Object, java.lang.Object)'> (0x00000000e212b488) 
thrown [s\open\src\hotspot\share\interpreter\linkResolver.cpp, line 759]
Event: 4.059 Thread 0x0000026c70978e50 Exception <a 'java/lang/IncompatibleClassChangeError'{0x00000000e21597e0}: Found class java.lang.Object, but interface was expected> (0x00000000e21597e0) 
thrown [s\open\src\hotspot\share\interpreter\linkResolver.cpp, line 826]
Event: 4.060 Thread 0x0000026c70978e50 Exception <a 'java/lang/NoSuchMethodError'{0x00000000e215b150}: 'java.lang.Object java.lang.invoke.DirectMethodHandle$Holder.invokeStatic(java.lang.Object, java.lang.Object, int, java.lang.Object)'> (0x00000000e215b150) 
thrown [s\open\src\hotspot\share\interpreter\linkResolver.cpp, line 759]
Event: 4.067 Thread 0x0000026c70978e50 Exception <a 'java/lang/NoSuchMethodError'{0x00000000e21b3f40}: 'java.lang.Object java.lang.invoke.Invokers$Holder.invokeExact_MT(java.lang.Object, java.lang.Object, java.lang.Object)'> (0x00000000e21b3f40) 
thrown [s\open\src\hotspot\share\interpreter\linkResolver.cpp, line 759]
Event: 4.070 Thread 0x0000026c70978e50 Exception <a 'java/lang/ClassNotFoundException'{0x00000000e21d8450}: nz/net/ultraq/thymeleaf/layoutdialect/LayoutDialectBeanInfo> (0x00000000e21d8450) 
thrown [s\open\src\hotspot\share\classfile\systemDictionary.cpp, line 256]
Event: 4.070 Thread 0x0000026c70978e50 Exception <a 'java/lang/ClassNotFoundException'{0x00000000e21e0490}: org/thymeleaf/dialect/AbstractProcessorDialectBeanInfo> (0x00000000e21e0490) 
thrown [s\open\src\hotspot\share\classfile\systemDictionary.cpp, line 256]
Event: 4.071 Thread 0x0000026c70978e50 Exception <a 'java/lang/ClassNotFoundException'{0x00000000e21e8288}: org/thymeleaf/dialect/AbstractDialectBeanInfo> (0x00000000e21e8288) 
thrown [s\open\src\hotspot\share\classfile\systemDictionary.cpp, line 256]
Event: 4.071 Thread 0x0000026c70978e50 Exception <a 'java/lang/ClassNotFoundException'{0x00000000e21f0148}: org/thymeleaf/dialect/AbstractDialectCustomizer> (0x00000000e21f0148) 
thrown [s\open\src\hotspot\share\classfile\systemDictionary.cpp, line 256]
Event: 4.072 Thread 0x0000026c70978e50 Exception <a 'java/lang/ClassNotFoundException'{0x00000000e21fa778}: org/thymeleaf/dialect/AbstractProcessorDialectCustomizer> (0x00000000e21fa778) 
thrown [s\open\src\hotspot\share\classfile\systemDictionary.cpp, line 256]
Event: 4.075 Thread 0x0000026c70978e50 Exception <a 'java/lang/ClassNotFoundException'{0x00000000efd064c0}: nz/net/ultraq/thymeleaf/layoutdialect/LayoutDialectCustomizer> (0x00000000efd064c0) 
thrown [s\open\src\hotspot\share\classfile\systemDictionary.cpp, line 256]
Event: 4.168 Thread 0x0000026c70978e50 Exception <a 'java/lang/IncompatibleClassChangeError'{0x00000000eee91908}: Found class java.lang.Object, but interface was expected> (0x00000000eee91908) 
thrown [s\open\src\hotspot\share\interpreter\linkResolver.cpp, line 826]
Event: 4.198 Thread 0x0000026c70978e50 Exception <a 'java/lang/NoSuchMethodError'{0x00000000eeda54a8}: 'java.lang.Object java.lang.invoke.DirectMethodHandle$Holder.newInvokeSpecial(java.lang.Object, java.lang.Object, int, java.lang.Object, java.lang.Object)'> (0x00000000eeda54a8) 
thrown [s\open\src\hotspot\share\interpreter\linkResolver.cpp, line 759]
Event: 4.199 Thread 0x0000026c70978e50 Exception <a 'java/lang/NoSuchMethodError'{0x00000000eedb4a58}: 'java.lang.Object java.lang.invoke.DirectMethodHandle$Holder.newInvokeSpecial(java.lang.Object, java.lang.Object, java.lang.Object, int)'> (0x00000000eedb4a58) 
thrown [s\open\src\hotspot\share\interpreter\linkResolver.cpp, line 759]
Event: 4.199 Thread 0x0000026c70978e50 Exception <a 'java/lang/NoSuchMethodError'{0x00000000eedb9020}: 'java.lang.Object java.lang.invoke.DirectMethodHandle$Holder.invokeSpecial(java.lang.Object, java.lang.Object, java.lang.Object, java.lang.Object, int)'> (0x00000000eedb9020) 
thrown [s\open\src\hotspot\share\interpreter\linkResolver.cpp, line 759]
Event: 4.199 Thread 0x0000026c70978e50 Exception <a 'java/lang/NoSuchMethodError'{0x00000000eedbcc78}: 'java.lang.Object java.lang.invoke.Invokers$Holder.linkToTargetMethod(java.lang.Object, java.lang.Object, int, java.lang.Object)'> (0x00000000eedbcc78) 
thrown [s\open\src\hotspot\share\interpreter\linkResolver.cpp, line 759]
Event: 4.285 Thread 0x0000026c70978e50 Exception <a 'java/lang/reflect/InvocationTargetException'{0x00000000e2db9870}> (0x00000000e2db9870) 
thrown [s\open\src\hotspot\share\runtime\reflection.cpp, line 1121]
Event: 4.298 Thread 0x0000026c70978e50 Exception <a 'java/lang/NoSuchMethodError'{0x00000000e2de07d8}: 'void java.lang.invoke.DirectMethodHandle$Holder.invokeStatic(java.lang.Object, long)'> (0x00000000e2de07d8) 
thrown [s\open\src\hotspot\share\interpreter\linkResolver.cpp, line 759]
Event: 4.298 Thread 0x0000026c70978e50 Exception <a 'java/lang/NoSuchMethodError'{0x00000000e2de6198}: 'java.lang.Object java.lang.invoke.DirectMethodHandle$Holder.newInvokeSpecial(java.lang.Object, long)'> (0x00000000e2de6198) 
thrown [s\open\src\hotspot\share\interpreter\linkResolver.cpp, line 759]

VM Operations (20 events):
Event: 3.600 Executing VM operation: G1CollectForAllocation
Event: 3.602 Executing VM operation: G1CollectForAllocation done
Event: 3.627 Executing VM operation: G1CollectForAllocation
Event: 3.630 Executing VM operation: G1CollectForAllocation done
Event: 3.698 Executing VM operation: HandshakeAllThreads
Event: 3.698 Executing VM operation: HandshakeAllThreads done
Event: 3.736 Executing VM operation: HandshakeAllThreads
Event: 3.736 Executing VM operation: HandshakeAllThreads done
Event: 3.857 Executing VM operation: HandshakeAllThreads
Event: 3.857 Executing VM operation: HandshakeAllThreads done
Event: 3.917 Executing VM operation: HandshakeAllThreads
Event: 3.917 Executing VM operation: HandshakeAllThreads done
Event: 4.025 Executing VM operation: HandshakeAllThreads
Event: 4.025 Executing VM operation: HandshakeAllThreads done
Event: 4.049 Executing VM operation: ICBufferFull
Event: 4.049 Executing VM operation: ICBufferFull done
Event: 4.072 Executing VM operation: G1CollectForAllocation
Event: 4.075 Executing VM operation: G1CollectForAllocation done
Event: 4.299 Executing VM operation: HandshakeAllThreads
Event: 4.300 Executing VM operation: HandshakeAllThreads done

Events (20 events):
Event: 4.284 loading class java/lang/instrument/Instrumentation
Event: 4.284 loading class java/lang/instrument/Instrumentation done
Event: 4.288 loading class java/util/jar/JarInputStream
Event: 4.289 loading class java/util/zip/ZipInputStream
Event: 4.289 loading class java/util/zip/ZipInputStream done
Event: 4.289 loading class java/util/jar/JarInputStream done
Event: 4.289 loading class java/io/PushbackInputStream
Event: 4.289 loading class java/io/PushbackInputStream done
Event: 4.290 loading class sun/security/util/ManifestEntryVerifier
Event: 4.290 loading class sun/security/util/ManifestEntryVerifier done
Event: 4.292 loading class java/lang/ProcessBuilder
Event: 4.292 loading class java/lang/ProcessBuilder done
Event: 4.292 loading class java/lang/ProcessImpl
Event: 4.293 loading class java/lang/ProcessImpl done
Event: 4.299 loading class java/lang/ProcessImpl$2
Event: 4.299 loading class java/lang/ProcessImpl$2 done
Event: 4.299 loading class java/lang/Process$PipeInputStream
Event: 4.299 loading class java/lang/Process$PipeInputStream done
Event: 4.300 loading class jdk/internal/event/ProcessStartEvent
Event: 4.300 loading class jdk/internal/event/ProcessStartEvent done


Dynamic libraries:
0x00007ff6efd00000 - 0x00007ff6efd10000 	C:\Program Files\Java\jdk-17\bin\java.exe
0x00007ffe1ceb0000 - 0x00007ffe1d0c7000 	C:\WINDOWS\SYSTEM32\ntdll.dll
0x00007ffe1b750000 - 0x00007ffe1b814000 	C:\WINDOWS\System32\KERNEL32.DLL
0x00007ffe1a1e0000 - 0x00007ffe1a58d000 	C:\WINDOWS\System32\KERNELBASE.dll
0x00007ffe1a630000 - 0x00007ffe1a741000 	C:\WINDOWS\System32\ucrtbase.dll
0x00007ffe16b80000 - 0x00007ffe16b9b000 	C:\Program Files\Java\jdk-17\bin\VCRUNTIME140.dll
0x00007ffda11d0000 - 0x00007ffda11e9000 	C:\Program Files\Java\jdk-17\bin\jli.dll
0x00007ffe1bd30000 - 0x00007ffe1bde2000 	C:\WINDOWS\System32\ADVAPI32.dll
0x00007ffe1b840000 - 0x00007ffe1b8e7000 	C:\WINDOWS\System32\msvcrt.dll
0x00007ffe1b6a0000 - 0x00007ffe1b749000 	C:\WINDOWS\System32\sechost.dll
0x00007ffe1aa60000 - 0x00007ffe1aa88000 	C:\WINDOWS\System32\bcrypt.dll
0x00007ffe1b570000 - 0x00007ffe1b684000 	C:\WINDOWS\System32\RPCRT4.dll
0x00007ffe1bb80000 - 0x00007ffe1bd2e000 	C:\WINDOWS\System32\USER32.dll
0x00007ffe1aa90000 - 0x00007ffe1aab6000 	C:\WINDOWS\System32\win32u.dll
0x00007ffdf4540000 - 0x00007ffdf47d3000 	C:\WINDOWS\WinSxS\amd64_microsoft.windows.common-controls_6595b64144ccf1df_6.0.22621.3672_none_2713b9d173822955\COMCTL32.dll
0x00007ffe1cba0000 - 0x00007ffe1cbc9000 	C:\WINDOWS\System32\GDI32.dll
0x00007ffe1a750000 - 0x00007ffe1a869000 	C:\WINDOWS\System32\gdi32full.dll
0x00007ffe1a590000 - 0x00007ffe1a62a000 	C:\WINDOWS\System32\msvcp_win.dll
0x00007ffe15f70000 - 0x00007ffe15f7a000 	C:\WINDOWS\SYSTEM32\VERSION.dll
0x00007ffe1b9c0000 - 0x00007ffe1b9f1000 	C:\WINDOWS\System32\IMM32.DLL
0x00007ffd9eff0000 - 0x00007ffd9effc000 	C:\Program Files\Java\jdk-17\bin\vcruntime140_1.dll
0x00007ffd9dc30000 - 0x00007ffd9dcbe000 	C:\Program Files\Java\jdk-17\bin\msvcp140.dll
0x00007ffd83d20000 - 0x00007ffd84900000 	C:\Program Files\Java\jdk-17\bin\server\jvm.dll
0x00007ffe1bb00000 - 0x00007ffe1bb08000 	C:\WINDOWS\System32\PSAPI.DLL
0x00007ffdfb810000 - 0x00007ffdfb819000 	C:\WINDOWS\SYSTEM32\WSOCK32.dll
0x00007ffe10610000 - 0x00007ffe10644000 	C:\WINDOWS\SYSTEM32\WINMM.dll
0x00007ffe1b450000 - 0x00007ffe1b4c1000 	C:\WINDOWS\System32\WS2_32.dll
0x00007ffe19210000 - 0x00007ffe19228000 	C:\WINDOWS\SYSTEM32\kernel.appcore.dll
0x00007ffd9ee90000 - 0x00007ffd9ee9a000 	C:\Program Files\Java\jdk-17\bin\jimage.dll
0x00007ffe17940000 - 0x00007ffe17b72000 	C:\WINDOWS\SYSTEM32\DBGHELP.DLL
0x00007ffe1bea0000 - 0x00007ffe1c228000 	C:\WINDOWS\System32\combase.dll
0x00007ffe1cbd0000 - 0x00007ffe1cca7000 	C:\WINDOWS\System32\OLEAUT32.dll
0x00007ffe16b40000 - 0x00007ffe16b72000 	C:\WINDOWS\SYSTEM32\dbgcore.DLL
0x00007ffe1a9e0000 - 0x00007ffe1aa5b000 	C:\WINDOWS\System32\bcryptPrimitives.dll
0x00007ffd9dc00000 - 0x00007ffd9dc25000 	C:\Program Files\Java\jdk-17\bin\java.dll
0x00007ffd99590000 - 0x00007ffd99667000 	C:\Program Files\Java\jdk-17\bin\jsvml.dll
0x00007ffe1abf0000 - 0x00007ffe1b44f000 	C:\WINDOWS\System32\SHELL32.dll
0x00007ffe18130000 - 0x00007ffe18a2c000 	C:\WINDOWS\SYSTEM32\windows.storage.dll
0x00007ffe17ff0000 - 0x00007ffe1812f000 	C:\WINDOWS\SYSTEM32\wintypes.dll
0x00007ffe1caa0000 - 0x00007ffe1cb94000 	C:\WINDOWS\System32\SHCORE.dll
0x00007ffe1c3e0000 - 0x00007ffe1c43e000 	C:\WINDOWS\System32\shlwapi.dll
0x00007ffe1a110000 - 0x00007ffe1a131000 	C:\WINDOWS\SYSTEM32\profapi.dll
0x00007ffd9d9b0000 - 0x00007ffd9d9c9000 	C:\Program Files\Java\jdk-17\bin\net.dll
0x00007ffe0c570000 - 0x00007ffe0c6a6000 	C:\WINDOWS\SYSTEM32\WINHTTP.dll
0x00007ffe19680000 - 0x00007ffe196e9000 	C:\WINDOWS\system32\mswsock.dll
0x00007ffd9b2b0000 - 0x00007ffd9b2c6000 	C:\Program Files\Java\jdk-17\bin\nio.dll
0x00007ffd9b290000 - 0x00007ffd9b2a8000 	C:\Program Files\Java\jdk-17\bin\zip.dll
0x00007ffde2090000 - 0x00007ffde20a0000 	C:\Program Files\Java\jdk-17\bin\verify.dll
0x00007ffd9d9a0000 - 0x00007ffd9d9ae000 	C:\Program Files\Java\jdk-17\bin\sunmscapi.dll
0x00007ffe1a870000 - 0x00007ffe1a9d7000 	C:\WINDOWS\System32\CRYPT32.dll
0x00007ffe19b90000 - 0x00007ffe19bbe000 	C:\WINDOWS\SYSTEM32\ncrypt.dll
0x00007ffe19b50000 - 0x00007ffe19b87000 	C:\WINDOWS\SYSTEM32\NTASN1.dll
0x00007ffde9050000 - 0x00007ffde9058000 	C:\WINDOWS\system32\wshunix.dll
0x00007ffe19950000 - 0x00007ffe1996b000 	C:\WINDOWS\SYSTEM32\CRYPTSP.dll
0x00007ffe19170000 - 0x00007ffe191a5000 	C:\WINDOWS\system32\rsaenh.dll
0x00007ffe197f0000 - 0x00007ffe19818000 	C:\WINDOWS\SYSTEM32\USERENV.dll
0x00007ffe19970000 - 0x00007ffe1997c000 	C:\WINDOWS\SYSTEM32\CRYPTBASE.dll
0x00007ffe18c90000 - 0x00007ffe18cbd000 	C:\WINDOWS\SYSTEM32\IPHLPAPI.DLL
0x00007ffe1bb10000 - 0x00007ffe1bb19000 	C:\WINDOWS\System32\NSI.dll
0x00007ffe111c0000 - 0x00007ffe111d9000 	C:\WINDOWS\SYSTEM32\dhcpcsvc6.DLL
0x00007ffe111a0000 - 0x00007ffe111bf000 	C:\WINDOWS\SYSTEM32\dhcpcsvc.DLL
0x00007ffe18d00000 - 0x00007ffe18df8000 	C:\WINDOWS\SYSTEM32\DNSAPI.dll
0x00007ffd9ee80000 - 0x00007ffd9ee8a000 	C:\Program Files\Java\jdk-17\bin\management.dll
0x00007ffd9daa0000 - 0x00007ffd9daab000 	C:\Program Files\Java\jdk-17\bin\management_ext.dll

dbghelp: loaded successfully - version: 4.0.5 - missing functions: none
symbol engine: initialized successfully - sym options: 0x614 - pdb path: .;C:\Program Files\Java\jdk-17\bin;C:\WINDOWS\SYSTEM32;C:\WINDOWS\WinSxS\amd64_microsoft.windows.common-controls_6595b64144ccf1df_6.0.22621.3672_none_2713b9d173822955;C:\Program Files\Java\jdk-17\bin\server

VM Arguments:
jvm_args: -Dorg.gradle.internal.worker.tmpdir=C:\Users\user\Desktop\new-folder\KDT_DBE1_Toy_Project2\shop29\build\tmp\test\work -Xmx512m -Dfile.encoding=UTF-8 -Duser.country=KR -Duser.language=ko -Duser.variant -ea 
java_command: worker.org.gradle.process.internal.worker.GradleWorkerMain 'Gradle Test Executor 31'
java_class_path (initial): C:\Program Files\gradle-7.6.4\caches\8.8\workerMain\gradle-worker.jar;C:\Users\user\Desktop\new-folder\KDT_DBE1_Toy_Project2\shop29\build\classes\java\test;C:\Users\user\Desktop\new-folder\KDT_DBE1_Toy_Project2\shop29\build\classes\java\main;C:\Users\user\Desktop\new-folder\KDT_DBE1_Toy_Project2\shop29\build\resources\main;C:\Program Files\gradle-7.6.4\caches\modules-2\files-2.1\nz.net.ultraq.thymeleaf\thymeleaf-layout-dialect\3.3.0\275da01788302e514c0549a4db5fa6b29ef84ba6\thymeleaf-layout-dialect-3.3.0.jar;C:\Program Files\gradle-7.6.4\caches\modules-2\files-2.1\org.mybatis.spring.boot\mybatis-spring-boot-starter\3.0.3\19528356bf8bad2be5f8bf796dfc30bcc4996054\mybatis-spring-boot-starter-3.0.3.jar;C:\Program Files\gradle-7.6.4\caches\modules-2\files-2.1\org.springframework.boot\spring-boot-starter-jdbc\3.3.2\544775d745288972598ab2e872e5a4816b6d9b39\spring-boot-starter-jdbc-3.3.2.jar;C:\Program Files\gradle-7.6.4\caches\modules-2\files-2.1\org.springframework.boot\spring-boot-starter-thymeleaf\3.3.2\cdcc62e2bb84c080a474281cf09c28cdfd423955\spring-boot-starter-thymeleaf-3.3.2.jar;C:\Program Files\gradle-7.6.4\caches\modules-2\files-2.1\org.springframework.boot\spring-boot-starter-validation\3.3.2\81ee06b318ed35c2a3f4882a0f7b9946a39e1b39\spring-boot-starter-validation-3.3.2.jar;C:\Program Files\gradle-7.6.4\caches\modules-2\files-2.1\org.springframework.boot\spring-boot-starter-web\3.3.2\720418538668a8742d0ae24097811d5250cf5c32\spring-boot-starter-web-3.3.2.jar;C:\Program Files\gradle-7.6.4\caches\modules-2\files-2.1\com.mysql\mysql-connector-j\8.3.0\1cc7fa5d61f4bbc113531a4ba6d85d41cf3d57e1\mysql-connector-j-8.3.0.jar;C:\Program Files\gradle-7.6.4\caches\modules-2\files-2.1\org.mybatis.spring.boot\mybatis-spring-boot-starter-test\3.0.3\b1ad9be6dce278ad0587e473342b0396881de49c\mybatis-spring-boot-starter-test-3.0.3.jar;C:\Program Files\gradle-7.6.4\caches\modules-2\files-2.1\org.springframework.boot\spring-boot-starter-test\3.3.2\7b4eb23bcd4
Launcher Type: SUN_STANDARD

[Global flags]
     intx CICompilerCount                          = 4                                         {product} {ergonomic}
     uint ConcGCThreads                            = 2                                         {product} {ergonomic}
     uint G1ConcRefinementThreads                  = 8                                         {product} {ergonomic}
   size_t G1HeapRegionSize                         = 1048576                                   {product} {ergonomic}
    uintx GCDrainStackTargetSize                   = 64                                        {product} {ergonomic}
   size_t InitialHeapSize                          = 266338304                                 {product} {ergonomic}
   size_t MarkStackSize                            = 4194304                                   {product} {ergonomic}
   size_t MaxHeapSize                              = 536870912                                 {product} {command line}
   size_t MaxNewSize                               = 321912832                                 {product} {ergonomic}
   size_t MinHeapDeltaBytes                        = 1048576                                   {product} {ergonomic}
   size_t MinHeapSize                              = 8388608                                   {product} {ergonomic}
    uintx NonNMethodCodeHeapSize                   = 5839372                                {pd product} {ergonomic}
    uintx NonProfiledCodeHeapSize                  = 122909434                              {pd product} {ergonomic}
    uintx ProfiledCodeHeapSize                     = 122909434                              {pd product} {ergonomic}
    uintx ReservedCodeCacheSize                    = 251658240                              {pd product} {ergonomic}
     bool SegmentedCodeCache                       = true                                      {product} {ergonomic}
   size_t SoftMaxHeapSize                          = 536870912                              {manageable} {ergonomic}
     bool UseCompressedClassPointers               = true                           {product lp64_product} {ergonomic}
     bool UseCompressedOops                        = true                           {product lp64_product} {ergonomic}
     bool UseG1GC                                  = true                                      {product} {ergonomic}
     bool UseLargePagesIndividualAllocation        = false                                  {pd product} {ergonomic}

Logging:
Log output configuration:
 #0: stdout all=warning uptime,level,tags
 #1: stderr all=off uptime,level,tags

Environment Variables:
JAVA_HOME=C:\Program Files\Java\jdk-17
PATH=C:\Program Files\Java\jdk-17\bin;C:\app\user\product\21c\dbhomeXE\bin;C:\Program Files\Common Files\Oracle\Java\javapath;C:\Program Files\Java\jdk-17\bin\;C:\WINDOWS\system32;C:\WINDOWS;C:\WINDOWS\System32\Wbem;C:\WINDOWS\System32\WindowsPowerShell\v1.0\;C:\WINDOWS\System32\OpenSSH\;C:\Program Files\Git\cmd;C:\Program Files\gradle-7.6.4\bin;C:\Program Files\Microsoft VS Code\bin;C:\Users\user\AppData\Local\Programs\Python\Launcher\;C:\Program Files\MySQL\MySQL Shell 8.0\bin\;C:\Users\user\AppData\Local\Microsoft\WindowsApps;;C:\Program Files\JetBrains\IntelliJ IDEA 2024.1.2\bin;;C:\Users\user\AppData\Local\afreeca
USERNAME=user
OS=Windows_NT
PROCESSOR_IDENTIFIER=Intel64 Family 6 Model 140 Stepping 1, GenuineIntel



---------------  S Y S T E M  ---------------

OS:
 Windows 11 , 64 bit Build 22621 (10.0.22621.3672)
OS uptime: 0 days 7:44 hours

CPU: total 8 (initial active 8) (4 cores per cpu, 2 threads per core) family 6 model 140 stepping 1 microcode 0x6e, cx8, cmov, fxsr, ht, mmx, 3dnowpref, sse, sse2, sse3, ssse3, sse4.1, sse4.2, popcnt, lzcnt, tsc, tscinvbit, avx, avx2, aes, erms, clmul, bmi1, bmi2, adx, avx512f, avx512dq, avx512cd, avx512bw, avx512vl, sha, fma, vzeroupper, avx512_vpopcntdq, avx512_vpclmulqdq, avx512_vaes, avx512_vnni, clflush, clflushopt, clwb, avx512_vbmi2, avx512_vbmi

Memory: 4k page, system-wide physical 16183M (3453M free)
TotalPageFile size 19183M (AvailPageFile size 5M)
current process WorkingSet (physical memory assigned to process): 240M, peak: 244M
current process commit charge ("private bytes"): 279M, peak: 411M

vm_info: Java HotSpot(TM) 64-Bit Server VM (17.0.11+7-LTS-207) for windows-amd64 JRE (17.0.11+7-LTS-207), built on Mar 11 2024 19:01:50 by "mach5one" with MS VC++ 17.6 (VS2022)

END.
