#
# There is insufficient memory for the Java Runtime Environment to continue.
# Native memory allocation (mmap) failed to map 266338304 bytes for G1 virtual space
# Possible reasons:
#   The system is out of physical RAM or swap space
#   The process is running with CompressedOops enabled, and the Java Heap may be blocking the growth of the native heap
# Possible solutions:
#   Reduce memory load on the system
#   Increase physical memory or swap space
#   Check if swap backing store is full
#   Decrease Java heap size (-Xmx/-Xms)
#   Decrease number of Java threads
#   Decrease Java thread stack sizes (-Xss)
#   Set larger code cache with -XX:ReservedCodeCacheSize=
#   JVM is running with Unscaled Compressed Oops mode in which the Java heap is
#     placed in the first 4GB address space. The Java Heap base address is the
#     maximum limit for the native heap growth. Please use -XX:HeapBaseMinAddress
#     to set the Java Heap base and to place the Java Heap above 4GB virtual address.
# This output file may be truncated or incomplete.
#
#  Out of Memory Error (os_windows.cpp:3548), pid=17424, tid=19600
#
# JRE version:  (17.0.11+7) (build )
# Java VM: Java HotSpot(TM) 64-Bit Server VM (17.0.11+7-LTS-207, mixed mode, sharing, tiered, compressed oops, compressed class ptrs, g1 gc, windows-amd64)
# No core dump will be written. Minidumps are not enabled by default on client versions of Windows
#

---------------  S U M M A R Y ------------

Command Line: -Dorg.gradle.internal.worker.tmpdir=C:\Users\user\Desktop\new-folder\KDT_DBE1_Toy_Project2\shop29\build\tmp\test\work -Xmx512m -Dfile.encoding=x-windows-949 -Duser.country=KR -Duser.language=ko -Duser.variant -ea worker.org.gradle.process.internal.worker.GradleWorkerMain 'Gradle Test Executor 1'

Host: 11th Gen Intel(R) Core(TM) i5-1135G7 @ 2.40GHz, 8 cores, 15G,  Windows 11 , 64 bit Build 22621 (10.0.22621.3672)
Time: Thu Aug  8 19:01:44 2024  Windows 11 , 64 bit Build 22621 (10.0.22621.3672) elapsed time: 0.012891 seconds (0d 0h 0m 0s)

---------------  T H R E A D  ---------------

Current thread (0x00000240192df940):  JavaThread "Unknown thread" [_thread_in_vm, id=19600, stack(0x000000c2cc500000,0x000000c2cc600000)]

Stack: [0x000000c2cc500000,0x000000c2cc600000]
Native frames: (J=compiled Java code, j=interpreted, Vv=VM code, C=native code)
V  [jvm.dll+0x679cca]
V  [jvm.dll+0x7da13d]
V  [jvm.dll+0x7dba83]
V  [jvm.dll+0x7dc0f3]
V  [jvm.dll+0x2449af]
V  [jvm.dll+0x676ce9]
V  [jvm.dll+0x66b852]
V  [jvm.dll+0x3018d6]
V  [jvm.dll+0x308e76]
V  [jvm.dll+0x3596ee]
V  [jvm.dll+0x35991f]
V  [jvm.dll+0x2d89a8]
V  [jvm.dll+0x2d9914]
V  [jvm.dll+0x7ac6b1]
V  [jvm.dll+0x366f61]
V  [jvm.dll+0x78b609]
V  [jvm.dll+0x3ec22f]
V  [jvm.dll+0x3ede61]
C  [jli.dll+0x5297]
C  [ucrtbase.dll+0x29333]
C  [KERNEL32.DLL+0x1257d]
C  [ntdll.dll+0x5af28]


---------------  P R O C E S S  ---------------

Threads class SMR info:
_java_thread_list=0x00007ffc06e47a18, length=0, elements={
}

Java Threads: ( => current thread )

Other Threads:
  0x000002401930ebc0 GCTaskThread "GC Thread#0" [stack: 0x000000c2cc600000,0x000000c2cc700000] [id=14460]
  0x0000024019313b10 ConcurrentGCThread "G1 Main Marker" [stack: 0x000000c2cc700000,0x000000c2cc800000] [id=11456]
  0x0000024019315530 ConcurrentGCThread "G1 Conc#0" [stack: 0x000000c2cc800000,0x000000c2cc900000] [id=8220]

[error occurred during error reporting (printing all threads), id 0xc0000005, EXCEPTION_ACCESS_VIOLATION (0xc0000005) at pc=0x00007ffc06679497]

VM state: not at safepoint (not fully initialized)

VM Mutex/Monitor currently owned by a thread:  ([mutex/lock_event])
[0x00000240192dd090] Heap_lock - owner thread: 0x00000240192df940

Heap address: 0x00000000e0000000, size: 512 MB, Compressed Oops mode: 32-bit

CDS archive(s) mapped at: [0x0000000000000000-0x0000000000000000-0x0000000000000000), size 0, SharedBaseAddress: 0x0000000800000000, ArchiveRelocationMode: 1.
Narrow klass base: 0x0000000000000000, Narrow klass shift: 0, Narrow klass range: 0x0

GC Precious Log:
<Empty>

Heap:
 garbage-first heap   total 0K, used 0K [0x00000000e0000000, 0x0000000100000000)
  region size 1024K, 0 young (0K), 0 survivors (0K)

[error occurred during error reporting (printing heap information), id 0xc0000005, EXCEPTION_ACCESS_VIOLATION (0xc0000005) at pc=0x00007ffc06a63559]

GC Heap History (0 events):
No events

Deoptimization events (0 events):
No events

Classes unloaded (0 events):
No events

Classes redefined (0 events):
No events

Internal exceptions (0 events):
No events

VM Operations (0 events):
No events

Events (1 events):
Event: 0.007 Loaded shared library C:\Program Files\Java\jdk-17\bin\java.dll


Dynamic libraries:
0x00007ff7275b0000 - 0x00007ff7275c0000 	C:\Program Files\Java\jdk-17\bin\java.exe
0x00007ffc54530000 - 0x00007ffc54747000 	C:\WINDOWS\SYSTEM32\ntdll.dll
0x00007ffc53060000 - 0x00007ffc53124000 	C:\WINDOWS\System32\KERNEL32.DLL
0x00007ffc51a30000 - 0x00007ffc51ddd000 	C:\WINDOWS\System32\KERNELBASE.dll
0x00007ffc51f20000 - 0x00007ffc52031000 	C:\WINDOWS\System32\ucrtbase.dll
0x00007ffc467a0000 - 0x00007ffc467b9000 	C:\Program Files\Java\jdk-17\bin\jli.dll
0x00007ffc46710000 - 0x00007ffc4672b000 	C:\Program Files\Java\jdk-17\bin\VCRUNTIME140.dll
0x00007ffc53750000 - 0x00007ffc53802000 	C:\WINDOWS\System32\ADVAPI32.dll
0x00007ffc53a00000 - 0x00007ffc53aa7000 	C:\WINDOWS\System32\msvcrt.dll
0x00007ffc53b10000 - 0x00007ffc53bb9000 	C:\WINDOWS\System32\sechost.dll
0x00007ffc51860000 - 0x00007ffc51888000 	C:\WINDOWS\System32\bcrypt.dll
0x00007ffc52f40000 - 0x00007ffc53054000 	C:\WINDOWS\System32\RPCRT4.dll
0x00007ffc52d10000 - 0x00007ffc52ebe000 	C:\WINDOWS\System32\USER32.dll
0x00007ffc3cb90000 - 0x00007ffc3ce23000 	C:\WINDOWS\WinSxS\amd64_microsoft.windows.common-controls_6595b64144ccf1df_6.0.22621.3672_none_2713b9d173822955\COMCTL32.dll
0x00007ffc51ef0000 - 0x00007ffc51f16000 	C:\WINDOWS\System32\win32u.dll
0x00007ffc53d80000 - 0x00007ffc53da9000 	C:\WINDOWS\System32\GDI32.dll
0x00007ffc51910000 - 0x00007ffc51a29000 	C:\WINDOWS\System32\gdi32full.dll
0x00007ffc51de0000 - 0x00007ffc51e7a000 	C:\WINDOWS\System32\msvcp_win.dll
0x00007ffc4c3f0000 - 0x00007ffc4c3fa000 	C:\WINDOWS\SYSTEM32\VERSION.dll
0x00007ffc52350000 - 0x00007ffc52381000 	C:\WINDOWS\System32\IMM32.DLL
0x00007ffc46790000 - 0x00007ffc4679c000 	C:\Program Files\Java\jdk-17\bin\vcruntime140_1.dll
0x00007ffc195a0000 - 0x00007ffc1962e000 	C:\Program Files\Java\jdk-17\bin\msvcp140.dll
0x00007ffc06390000 - 0x00007ffc06f70000 	C:\Program Files\Java\jdk-17\bin\server\jvm.dll
0x00007ffc53830000 - 0x00007ffc53838000 	C:\WINDOWS\System32\PSAPI.DLL
0x00007ffc4be50000 - 0x00007ffc4be84000 	C:\WINDOWS\SYSTEM32\WINMM.dll
0x00007ffc2df00000 - 0x00007ffc2df09000 	C:\WINDOWS\SYSTEM32\WSOCK32.dll
0x00007ffc523d0000 - 0x00007ffc52441000 	C:\WINDOWS\System32\WS2_32.dll
0x00007ffc50890000 - 0x00007ffc508a8000 	C:\WINDOWS\SYSTEM32\kernel.appcore.dll
0x00007ffc46700000 - 0x00007ffc4670a000 	C:\Program Files\Java\jdk-17\bin\jimage.dll
0x00007ffc4efc0000 - 0x00007ffc4f1f2000 	C:\WINDOWS\SYSTEM32\DBGHELP.DLL
0x00007ffc533c0000 - 0x00007ffc53748000 	C:\WINDOWS\System32\combase.dll
0x00007ffc53130000 - 0x00007ffc53207000 	C:\WINDOWS\System32\OLEAUT32.dll
0x00007ffc36cf0000 - 0x00007ffc36d22000 	C:\WINDOWS\SYSTEM32\dbgcore.DLL
0x00007ffc51890000 - 0x00007ffc5190b000 	C:\WINDOWS\System32\bcryptPrimitives.dll
0x00007ffc465f0000 - 0x00007ffc46615000 	C:\Program Files\Java\jdk-17\bin\java.dll

dbghelp: loaded successfully - version: 4.0.5 - missing functions: none
symbol engine: initialized successfully - sym options: 0x614 - pdb path: .;C:\Program Files\Java\jdk-17\bin;C:\WINDOWS\SYSTEM32;C:\WINDOWS\WinSxS\amd64_microsoft.windows.common-controls_6595b64144ccf1df_6.0.22621.3672_none_2713b9d173822955;C:\Program Files\Java\jdk-17\bin\server

VM Arguments:
jvm_args: -Dorg.gradle.internal.worker.tmpdir=C:\Users\user\Desktop\new-folder\KDT_DBE1_Toy_Project2\shop29\build\tmp\test\work -Xmx512m -Dfile.encoding=x-windows-949 -Duser.country=KR -Duser.language=ko -Duser.variant -ea 
java_command: worker.org.gradle.process.internal.worker.GradleWorkerMain 'Gradle Test Executor 1'
java_class_path (initial): C:\\Users\\user\\.gradle\\caches\\8.8\\workerMain\\gradle-worker.jar;C:\\Users\\user\\Desktop\\new-folder\\KDT_DBE1_Toy_Project2\\shop29\\build\\classes\\java\\test;C:\\Users\\user\\Desktop\\new-folder\\KDT_DBE1_Toy_Project2\\shop29\\build\\classes\\java\\main;C:\\Users\\user\\Desktop\\new-folder\\KDT_DBE1_Toy_Project2\\shop29\\build\\resources\\main;C:\\Users\\user\\.gradle\\caches\\modules-2\\files-2.1\\org.mybatis.spring.boot\\mybatis-spring-boot-starter\\3.0.3\\19528356bf8bad2be5f8bf796dfc30bcc4996054\\mybatis-spring-boot-starter-3.0.3.jar;C:\\Users\\user\\.gradle\\caches\\modules-2\\files-2.1\\org.springframework.boot\\spring-boot-starter-jdbc\\3.3.2\\544775d745288972598ab2e872e5a4816b6d9b39\\spring-boot-starter-jdbc-3.3.2.jar;C:\\Users\\user\\.gradle\\caches\\modules-2\\files-2.1\\org.springframework.boot\\spring-boot-starter-thymeleaf\\3.3.2\\cdcc62e2bb84c080a474281cf09c28cdfd423955\\spring-boot-starter-thymeleaf-3.3.2.jar;C:\\Users\\user\\.gradle\\caches\\modules-2\\files-2.1\\org.springframework.boot\\spring-boot-starter-validation\\3.3.2\\81ee06b318ed35c2a3f4882a0f7b9946a39e1b39\\spring-boot-starter-validation-3.3.2.jar;C:\\Users\\user\\.gradle\\caches\\modules-2\\files-2.1\\org.springframework.boot\\spring-boot-starter-web\\3.3.2\\720418538668a8742d0ae24097811d5250cf5c32\\spring-boot-starter-web-3.3.2.jar;C:\\Users\\user\\.gradle\\caches\\modules-2\\files-2.1\\com.mysql\\mysql-connector-j\\8.3.0\\1cc7fa5d61f4bbc113531a4ba6d85d41cf3d57e1\\mysql-connector-j-8.3.0.jar;C:\\Users\\user\\.gradle\\caches\\modules-2\\files-2.1\\org.mybatis.spring.boot\\mybatis-spring-boot-starter-test\\3.0.3\\b1ad9be6dce278ad0587e473342b0396881de49c\\mybatis-spring-boot-starter-test-3.0.3.jar;C:\\Users\\user\\.gradle\\caches\\modules-2\\files-2.1\\org.springframework.boot\\spring-boot-starter-test\\3.3.2\\7b4eb23bcd42b088b8a03088ff8e54c194f34240\\spring-boot-starter-test-3.3.2.jar;C:\\Users\\user\\.gradle\\caches\\modules-2\\files-2.1\\org.junit.jupit
Launcher Type: SUN_STANDARD

[Global flags]
     intx CICompilerCount                          = 4                                         {product} {ergonomic}
     uint ConcGCThreads                            = 2                                         {product} {ergonomic}
     uint G1ConcRefinementThreads                  = 8                                         {product} {ergonomic}
   size_t G1HeapRegionSize                         = 1048576                                   {product} {ergonomic}
    uintx GCDrainStackTargetSize                   = 64                                        {product} {ergonomic}
   size_t InitialHeapSize                          = 266338304                                 {product} {ergonomic}
   size_t MarkStackSize                            = 4194304                                   {product} {ergonomic}
   size_t MaxHeapSize                              = 536870912                                 {product} {command line}
   size_t MinHeapDeltaBytes                        = 1048576                                   {product} {ergonomic}
   size_t MinHeapSize                              = 8388608                                   {product} {ergonomic}
    uintx NonNMethodCodeHeapSize                   = 5839372                                {pd product} {ergonomic}
    uintx NonProfiledCodeHeapSize                  = 122909434                              {pd product} {ergonomic}
    uintx ProfiledCodeHeapSize                     = 122909434                              {pd product} {ergonomic}
    uintx ReservedCodeCacheSize                    = 251658240                              {pd product} {ergonomic}
     bool SegmentedCodeCache                       = true                                      {product} {ergonomic}
   size_t SoftMaxHeapSize                          = 536870912                              {manageable} {ergonomic}
     bool UseCompressedClassPointers               = true                           {product lp64_product} {ergonomic}
     bool UseCompressedOops                        = true                           {product lp64_product} {ergonomic}
     bool UseG1GC                                  = true                                      {product} {ergonomic}
     bool UseLargePagesIndividualAllocation        = false                                  {pd product} {ergonomic}

Logging:
Log output configuration:
 #0: stdout all=warning uptime,level,tags
 #1: stderr all=off uptime,level,tags

Environment Variables:
JAVA_HOME=C:\Program Files\Java\jdk-17
CLASSPATH=C:\Users\user\Desktop\new-folder\KDT_DBE1_Toy_Project2\shop29\\gradle\wrapper\gradle-wrapper.jar
PATH=C:\Program Files\Java\jdk-17\bin;C:\app\user\product\21c\dbhomeXE\bin;C:\Program Files\Common Files\Oracle\Java\javapath;C:\Program Files\Java\jdk-17\bin\;C:\WINDOWS\system32;C:\WINDOWS;C:\WINDOWS\System32\Wbem;C:\WINDOWS\System32\WindowsPowerShell\v1.0\;C:\WINDOWS\System32\OpenSSH\;C:\Program Files\Git\cmd;C:\Program Files\gradle-7.6.4\bin;C:\Program Files\Microsoft VS Code\bin;C:\Users\user\AppData\Local\Programs\Python\Launcher\;C:\Program Files\MySQL\MySQL Shell 8.0\bin\;C:\Users\user\AppData\Local\Microsoft\WindowsApps;;C:\Program Files\JetBrains\IntelliJ IDEA 2024.1.2\bin;;C:\Users\user\AppData\Local\afreeca
USERNAME=user
OS=Windows_NT
PROCESSOR_IDENTIFIER=Intel64 Family 6 Model 140 Stepping 1, GenuineIntel



---------------  S Y S T E M  ---------------

OS:
 Windows 11 , 64 bit Build 22621 (10.0.22621.3672)
OS uptime: 1 days 9:19 hours

CPU: total 8 (initial active 8) (4 cores per cpu, 2 threads per core) family 6 model 140 stepping 1 microcode 0x6e, cx8, cmov, fxsr, ht, mmx, 3dnowpref, sse, sse2, sse3, ssse3, sse4.1, sse4.2, popcnt, lzcnt, tsc, tscinvbit, avx, avx2, aes, erms, clmul, bmi1, bmi2, adx, avx512f, avx512dq, avx512cd, avx512bw, avx512vl, sha, fma, vzeroupper, avx512_vpopcntdq, avx512_vpclmulqdq, avx512_vaes, avx512_vnni, clflush, clflushopt, clwb, avx512_vbmi2, avx512_vbmi

Memory: 4k page, system-wide physical 16183M (3157M free)
TotalPageFile size 19137M (AvailPageFile size 85M)
current process WorkingSet (physical memory assigned to process): 11M, peak: 11M
current process commit charge ("private bytes"): 59M, peak: 313M

vm_info: Java HotSpot(TM) 64-Bit Server VM (17.0.11+7-LTS-207) for windows-amd64 JRE (17.0.11+7-LTS-207), built on Mar 11 2024 19:01:50 by "mach5one" with MS VC++ 17.6 (VS2022)

END.
