#
# There is insufficient memory for the Java Runtime Environment to continue.
# Native memory allocation (malloc) failed to allocate 32744 bytes for ChunkPool::allocate
# Possible reasons:
#   The system is out of physical RAM or swap space
#   The process is running with CompressedOops enabled, and the Java Heap may be blocking the growth of the native heap
# Possible solutions:
#   Reduce memory load on the system
#   Increase physical memory or swap space
#   Check if swap backing store is full
#   Decrease Java heap size (-Xmx/-Xms)
#   Decrease number of Java threads
#   Decrease Java thread stack sizes (-Xss)
#   Set larger code cache with -XX:ReservedCodeCacheSize=
#   JVM is running with Unscaled Compressed Oops mode in which the Java heap is
#     placed in the first 4GB address space. The Java Heap base address is the
#     maximum limit for the native heap growth. Please use -XX:HeapBaseMinAddress
#     to set the Java Heap base and to place the Java Heap above 4GB virtual address.
# This output file may be truncated or incomplete.
#
#  Out of Memory Error (arena.cpp:78), pid=17096, tid=15348
#
# JRE version: Java(TM) SE Runtime Environment (17.0.11+7) (build 17.0.11+7-LTS-207)
# Java VM: Java HotSpot(TM) 64-Bit Server VM (17.0.11+7-LTS-207, mixed mode, sharing, tiered, compressed oops, compressed class ptrs, g1 gc, windows-amd64)
# No core dump will be written. Minidumps are not enabled by default on client versions of Windows
#

---------------  S U M M A R Y ------------

Command Line: -Dorg.gradle.internal.worker.tmpdir=C:\Users\user\Desktop\new-folder\KDT_DBE1_Toy_Project2\shop29\build\tmp\test\work -Xmx512m -Dfile.encoding=UTF-8 -Duser.country=KR -Duser.language=ko -Duser.variant -ea worker.org.gradle.process.internal.worker.GradleWorkerMain 'Gradle Test Executor 27'

Host: 11th Gen Intel(R) Core(TM) i5-1135G7 @ 2.40GHz, 8 cores, 15G,  Windows 11 , 64 bit Build 22621 (10.0.22621.3672)
Time: Thu Aug 15 23:50:17 2024  Windows 11 , 64 bit Build 22621 (10.0.22621.3672) elapsed time: 4.872726 seconds (0d 0h 0m 4s)

---------------  T H R E A D  ---------------

Current thread (0x000002afdfdaf830):  JavaThread "C2 CompilerThread0" daemon [_thread_in_native, id=15348, stack(0x000000e1ba100000,0x000000e1ba200000)]


Current CompileTask:
C2:   4872 4667       4       org.springframework.core.annotation.TypeMappedAnnotations::get (52 bytes)

Stack: [0x000000e1ba100000,0x000000e1ba200000]
Native frames: (J=compiled Java code, j=interpreted, Vv=VM code, C=native code)
V  [jvm.dll+0x679cca]
V  [jvm.dll+0x7da13d]
V  [jvm.dll+0x7dba83]
V  [jvm.dll+0x7dc0f3]
V  [jvm.dll+0x2449af]
V  [jvm.dll+0xaba8c]
V  [jvm.dll+0xabe1c]
V  [jvm.dll+0x11d905]
V  [jvm.dll+0x6a34f7]
V  [jvm.dll+0x1ba097]
V  [jvm.dll+0x216337]
V  [jvm.dll+0x21560f]
V  [jvm.dll+0x1a2040]
V  [jvm.dll+0x225a2b]
V  [jvm.dll+0x223bcb]
V  [jvm.dll+0x7903ec]
V  [jvm.dll+0x78a85a]
V  [jvm.dll+0x678bb5]
C  [ucrtbase.dll+0x29333]
C  [KERNEL32.DLL+0x1257d]
C  [ntdll.dll+0x5af28]


---------------  P R O C E S S  ---------------

Threads class SMR info:
_java_thread_list=0x000002afe68c7780, length=18, elements={
0x000002afc5488820, 0x000002afdfd88a00, 0x000002afdfd895c0, 0x000002afdfda8620,
0x000002afdfda95f0, 0x000002afdfdae0d0, 0x000002afdfdaea90, 0x000002afdfdaf830,
0x000002afdfdb0b00, 0x000002afdfdb1500, 0x000002afe41084e0, 0x000002afe410bcf0,
0x000002afe426a270, 0x000002afe48dcea0, 0x000002afe496ecb0, 0x000002afe496f190,
0x000002afe57f1710, 0x000002afe6783530
}

Java Threads: ( => current thread )
  0x000002afc5488820 JavaThread "Test worker" [_thread_in_native, id=15740, stack(0x000000e1b9400000,0x000000e1b9500000)]
  0x000002afdfd88a00 JavaThread "Reference Handler" daemon [_thread_blocked, id=864, stack(0x000000e1b9b00000,0x000000e1b9c00000)]
  0x000002afdfd895c0 JavaThread "Finalizer" daemon [_thread_blocked, id=4292, stack(0x000000e1b9c00000,0x000000e1b9d00000)]
  0x000002afdfda8620 JavaThread "Signal Dispatcher" daemon [_thread_blocked, id=344, stack(0x000000e1b9d00000,0x000000e1b9e00000)]
  0x000002afdfda95f0 JavaThread "Attach Listener" daemon [_thread_blocked, id=16512, stack(0x000000e1b9e00000,0x000000e1b9f00000)]
  0x000002afdfdae0d0 JavaThread "Service Thread" daemon [_thread_blocked, id=11316, stack(0x000000e1b9f00000,0x000000e1ba000000)]
  0x000002afdfdaea90 JavaThread "Monitor Deflation Thread" daemon [_thread_blocked, id=9652, stack(0x000000e1ba000000,0x000000e1ba100000)]
=>0x000002afdfdaf830 JavaThread "C2 CompilerThread0" daemon [_thread_in_native, id=15348, stack(0x000000e1ba100000,0x000000e1ba200000)]
  0x000002afdfdb0b00 JavaThread "C1 CompilerThread0" daemon [_thread_blocked, id=14672, stack(0x000000e1ba200000,0x000000e1ba300000)]
  0x000002afdfdb1500 JavaThread "Sweeper thread" daemon [_thread_blocked, id=17124, stack(0x000000e1ba300000,0x000000e1ba400000)]
  0x000002afe41084e0 JavaThread "Notification Thread" daemon [_thread_blocked, id=11268, stack(0x000000e1ba400000,0x000000e1ba500000)]
  0x000002afe410bcf0 JavaThread "Common-Cleaner" daemon [_thread_blocked, id=15212, stack(0x000000e1ba600000,0x000000e1ba700000)]
  0x000002afe426a270 JavaThread "C2 CompilerThread1" daemon [_thread_in_native, id=17244, stack(0x000000e1ba700000,0x000000e1ba800000)]
  0x000002afe48dcea0 JavaThread "/127.0.0.1:50404 to /127.0.0.1:50403 workers" [_thread_blocked, id=10856, stack(0x000000e1ba900000,0x000000e1baa00000)]
  0x000002afe496ecb0 JavaThread "/127.0.0.1:50404 to /127.0.0.1:50403 workers Thread 2" [_thread_blocked, id=16772, stack(0x000000e1baa00000,0x000000e1bab00000)]
  0x000002afe496f190 JavaThread "/127.0.0.1:50404 to /127.0.0.1:50403 workers Thread 3" [_thread_in_native, id=13548, stack(0x000000e1bab00000,0x000000e1bac00000)]
  0x000002afe57f1710 JavaThread "C2 CompilerThread2" daemon [_thread_in_native, id=12804, stack(0x000000e1bb500000,0x000000e1bb600000)]
  0x000002afe6783530 JavaThread "mysql-cj-abandoned-connection-cleanup" daemon [_thread_blocked, id=1152, stack(0x000000e1bb600000,0x000000e1bb700000)]

Other Threads:
  0x000002afdfd84f60 VMThread "VM Thread" [stack: 0x000000e1b9a00000,0x000000e1b9b00000] [id=17240]
  0x000002afe410a460 WatcherThread [stack: 0x000000e1ba500000,0x000000e1ba600000] [id=5892]
  0x000002afc54beee0 GCTaskThread "GC Thread#0" [stack: 0x000000e1b9500000,0x000000e1b9600000] [id=15924]
  0x000002afe52cc6a0 GCTaskThread "GC Thread#1" [stack: 0x000000e1bac00000,0x000000e1bad00000] [id=7508]
  0x000002afe52cc960 GCTaskThread "GC Thread#2" [stack: 0x000000e1bad00000,0x000000e1bae00000] [id=16476]
  0x000002afe50f6430 GCTaskThread "GC Thread#3" [stack: 0x000000e1bae00000,0x000000e1baf00000] [id=4792]
  0x000002afe52a8cc0 GCTaskThread "GC Thread#4" [stack: 0x000000e1baf00000,0x000000e1bb000000] [id=11524]
  0x000002afe52a8f80 GCTaskThread "GC Thread#5" [stack: 0x000000e1bb000000,0x000000e1bb100000] [id=13868]
  0x000002afe52a9240 GCTaskThread "GC Thread#6" [stack: 0x000000e1bb100000,0x000000e1bb200000] [id=8896]
  0x000002afe52a9500 GCTaskThread "GC Thread#7" [stack: 0x000000e1bb200000,0x000000e1bb300000] [id=17136]
  0x000002afc54c1e10 ConcurrentGCThread "G1 Main Marker" [stack: 0x000000e1b9600000,0x000000e1b9700000] [id=2536]
  0x000002afc54c3830 ConcurrentGCThread "G1 Conc#0" [stack: 0x000000e1b9700000,0x000000e1b9800000] [id=14708]
  0x000002afe682f550 ConcurrentGCThread "G1 Conc#1" [stack: 0x000000e1bb700000,0x000000e1bb800000] [id=7924]
  0x000002afdfc46560 ConcurrentGCThread "G1 Refine#0" [stack: 0x000000e1b9800000,0x000000e1b9900000] [id=13876]
  0x000002afe4833960 ConcurrentGCThread "G1 Refine#1" [stack: 0x000000e1bb300000,0x000000e1bb400000] [id=15548]
  0x000002afe52a9bd0 ConcurrentGCThread "G1 Refine#2" [stack: 0x000000e1bb400000,0x000000e1bb500000] [id=15472]
  0x000002afdfc47fa0 ConcurrentGCThread "G1 Service" [stack: 0x000000e1b9900000,0x000000e1b9a00000] [id=17048]

Threads with active compile tasks:
C2 CompilerThread0     4895 4667       4       org.springframework.core.annotation.TypeMappedAnnotations::get (52 bytes)
C2 CompilerThread1     4895 4929   !   4       org.springframework.util.ReflectionUtils::doWithMethods (186 bytes)
C2 CompilerThread2     4895 4672   !   4       org.springframework.core.annotation.AnnotationsScanner::processMethodHierarchy (276 bytes)

VM state: not at safepoint (normal execution)

VM Mutex/Monitor currently owned by a thread: None

Heap address: 0x00000000e0000000, size: 512 MB, Compressed Oops mode: 32-bit

CDS archive(s) mapped at: [0x000002af80000000-0x000002af80bd0000-0x000002af80bd0000), size 12386304, SharedBaseAddress: 0x000002af80000000, ArchiveRelocationMode: 1.
Compressed class space mapped at: 0x000002af81000000-0x000002afc1000000, reserved size: 1073741824
Narrow klass base: 0x000002af80000000, Narrow klass shift: 0, Narrow klass range: 0x100000000

GC Precious Log:
 CPUs: 8 total, 8 available
 Memory: 16183M
 Large Page Support: Disabled
 NUMA Support: Disabled
 Compressed Oops: Enabled (32-bit)
 Heap Region Size: 1M
 Heap Min Capacity: 8M
 Heap Initial Capacity: 254M
 Heap Max Capacity: 512M
 Pre-touch: Disabled
 Parallel Workers: 8
 Concurrent Workers: 2
 Concurrent Refinement Workers: 8
 Periodic GC: Disabled

Heap:
 garbage-first heap   total 78848K, used 47420K [0x00000000e0000000, 0x0000000100000000)
  region size 1024K, 28 young (28672K), 2 survivors (2048K)
 Metaspace       used 42894K, committed 43456K, reserved 1114112K
  class space    used 5678K, committed 5952K, reserved 1048576K

Heap Regions: E=young(eden), S=young(survivor), O=old, HS=humongous(starts), HC=humongous(continues), CS=collection set, F=free, OA=open archive, CA=closed archive, TAMS=top-at-mark-start (previous, next)
|   0|0x00000000e0000000, 0x00000000e0100000, 0x00000000e0100000|100%| O|  |TAMS 0x00000000e0100000, 0x00000000e0000000| Untracked 
|   1|0x00000000e0100000, 0x00000000e0200000, 0x00000000e0200000|100%| O|  |TAMS 0x00000000e0200000, 0x00000000e0100000| Untracked 
|   2|0x00000000e0200000, 0x00000000e0300000, 0x00000000e0300000|100%| O|  |TAMS 0x00000000e0300000, 0x00000000e0200000| Untracked 
|   3|0x00000000e0300000, 0x00000000e0400000, 0x00000000e0400000|100%| O|  |TAMS 0x00000000e0400000, 0x00000000e0300000| Untracked 
|   4|0x00000000e0400000, 0x00000000e0500000, 0x00000000e0500000|100%| O|  |TAMS 0x00000000e0500000, 0x00000000e0400000| Untracked 
|   5|0x00000000e0500000, 0x00000000e0600000, 0x00000000e0600000|100%| O|  |TAMS 0x00000000e0600000, 0x00000000e0500000| Untracked 
|   6|0x00000000e0600000, 0x00000000e0700000, 0x00000000e0700000|100%| O|  |TAMS 0x00000000e0700000, 0x00000000e0600000| Untracked 
|   7|0x00000000e0700000, 0x00000000e0800000, 0x00000000e0800000|100%| O|  |TAMS 0x00000000e0800000, 0x00000000e0700000| Untracked 
|   8|0x00000000e0800000, 0x00000000e0900000, 0x00000000e0900000|100%| O|  |TAMS 0x00000000e0900000, 0x00000000e0800000| Untracked 
|   9|0x00000000e0900000, 0x00000000e0a00000, 0x00000000e0a00000|100%| O|  |TAMS 0x00000000e0a00000, 0x00000000e0900000| Untracked 
|  10|0x00000000e0a00000, 0x00000000e0b00000, 0x00000000e0b00000|100%| O|  |TAMS 0x00000000e0b00000, 0x00000000e0a00000| Untracked 
|  11|0x00000000e0b00000, 0x00000000e0c00000, 0x00000000e0c00000|100%| O|  |TAMS 0x00000000e0c00000, 0x00000000e0b00000| Untracked 
|  12|0x00000000e0c00000, 0x00000000e0d00000, 0x00000000e0d00000|100%| O|  |TAMS 0x00000000e0d00000, 0x00000000e0c00000| Untracked 
|  13|0x00000000e0d00000, 0x00000000e0e00000, 0x00000000e0e00000|100%| O|  |TAMS 0x00000000e0e00000, 0x00000000e0d00000| Untracked 
|  14|0x00000000e0e00000, 0x00000000e0f00000, 0x00000000e0f00000|100%| O|  |TAMS 0x00000000e0f00000, 0x00000000e0e00000| Untracked 
|  15|0x00000000e0f00000, 0x00000000e1000000, 0x00000000e1000000|100%| O|  |TAMS 0x00000000e1000000, 0x00000000e0f00000| Untracked 
|  16|0x00000000e1000000, 0x00000000e1100000, 0x00000000e1100000|100%| O|  |TAMS 0x00000000e1100000, 0x00000000e1000000| Untracked 
|  17|0x00000000e1100000, 0x00000000e1200000, 0x00000000e1200000|100%| O|  |TAMS 0x00000000e1200000, 0x00000000e1100000| Untracked 
|  18|0x00000000e1200000, 0x00000000e125be00, 0x00000000e1300000| 35%| O|  |TAMS 0x00000000e125be00, 0x00000000e1200000| Untracked 
|  19|0x00000000e1300000, 0x00000000e1300000, 0x00000000e1400000|  0%| F|  |TAMS 0x00000000e1300000, 0x00000000e1300000| Untracked 
|  20|0x00000000e1400000, 0x00000000e1400000, 0x00000000e1500000|  0%| F|  |TAMS 0x00000000e1400000, 0x00000000e1400000| Untracked 
|  21|0x00000000e1500000, 0x00000000e1600000, 0x00000000e1600000|100%| O|  |TAMS 0x00000000e1600000, 0x00000000e1500000| Untracked 
|  22|0x00000000e1600000, 0x00000000e1600000, 0x00000000e1700000|  0%| F|  |TAMS 0x00000000e1600000, 0x00000000e1600000| Untracked 
|  23|0x00000000e1700000, 0x00000000e1700000, 0x00000000e1800000|  0%| F|  |TAMS 0x00000000e1700000, 0x00000000e1700000| Untracked 
|  24|0x00000000e1800000, 0x00000000e1800000, 0x00000000e1900000|  0%| F|  |TAMS 0x00000000e1800000, 0x00000000e1800000| Untracked 
|  25|0x00000000e1900000, 0x00000000e1900000, 0x00000000e1a00000|  0%| F|  |TAMS 0x00000000e1900000, 0x00000000e1900000| Untracked 
|  26|0x00000000e1a00000, 0x00000000e1a00000, 0x00000000e1b00000|  0%| F|  |TAMS 0x00000000e1a00000, 0x00000000e1a00000| Untracked 
|  27|0x00000000e1b00000, 0x00000000e1b00000, 0x00000000e1c00000|  0%| F|  |TAMS 0x00000000e1b00000, 0x00000000e1b00000| Untracked 
|  28|0x00000000e1c00000, 0x00000000e1c00000, 0x00000000e1d00000|  0%| F|  |TAMS 0x00000000e1c00000, 0x00000000e1c00000| Untracked 
|  29|0x00000000e1d00000, 0x00000000e1d00000, 0x00000000e1e00000|  0%| F|  |TAMS 0x00000000e1d00000, 0x00000000e1d00000| Untracked 
|  30|0x00000000e1e00000, 0x00000000e1e00000, 0x00000000e1f00000|  0%| F|  |TAMS 0x00000000e1e00000, 0x00000000e1e00000| Untracked 
|  31|0x00000000e1f00000, 0x00000000e1ff32a0, 0x00000000e2000000| 94%| S|CS|TAMS 0x00000000e1f00000, 0x00000000e1f00000| Complete 
|  32|0x00000000e2000000, 0x00000000e2100000, 0x00000000e2100000|100%| S|CS|TAMS 0x00000000e2000000, 0x00000000e2000000| Complete 
|  33|0x00000000e2100000, 0x00000000e2100000, 0x00000000e2200000|  0%| F|  |TAMS 0x00000000e2100000, 0x00000000e2100000| Untracked 
|  34|0x00000000e2200000, 0x00000000e2200000, 0x00000000e2300000|  0%| F|  |TAMS 0x00000000e2200000, 0x00000000e2200000| Untracked 
|  35|0x00000000e2300000, 0x00000000e2300000, 0x00000000e2400000|  0%| F|  |TAMS 0x00000000e2300000, 0x00000000e2300000| Untracked 
|  36|0x00000000e2400000, 0x00000000e2400000, 0x00000000e2500000|  0%| F|  |TAMS 0x00000000e2400000, 0x00000000e2400000| Untracked 
|  37|0x00000000e2500000, 0x00000000e2500000, 0x00000000e2600000|  0%| F|  |TAMS 0x00000000e2500000, 0x00000000e2500000| Untracked 
|  38|0x00000000e2600000, 0x00000000e2600000, 0x00000000e2700000|  0%| F|  |TAMS 0x00000000e2600000, 0x00000000e2600000| Untracked 
|  39|0x00000000e2700000, 0x00000000e2700000, 0x00000000e2800000|  0%| F|  |TAMS 0x00000000e2700000, 0x00000000e2700000| Untracked 
|  40|0x00000000e2800000, 0x00000000e2800000, 0x00000000e2900000|  0%| F|  |TAMS 0x00000000e2800000, 0x00000000e2800000| Untracked 
|  41|0x00000000e2900000, 0x00000000e2900000, 0x00000000e2a00000|  0%| F|  |TAMS 0x00000000e2900000, 0x00000000e2900000| Untracked 
|  42|0x00000000e2a00000, 0x00000000e2a00000, 0x00000000e2b00000|  0%| F|  |TAMS 0x00000000e2a00000, 0x00000000e2a00000| Untracked 
|  43|0x00000000e2b00000, 0x00000000e2b00000, 0x00000000e2c00000|  0%| F|  |TAMS 0x00000000e2b00000, 0x00000000e2b00000| Untracked 
|  44|0x00000000e2c00000, 0x00000000e2c00000, 0x00000000e2d00000|  0%| F|  |TAMS 0x00000000e2c00000, 0x00000000e2c00000| Untracked 
|  45|0x00000000e2d00000, 0x00000000e2d00000, 0x00000000e2e00000|  0%| F|  |TAMS 0x00000000e2d00000, 0x00000000e2d00000| Untracked 
|  46|0x00000000e2e00000, 0x00000000e2e00000, 0x00000000e2f00000|  0%| F|  |TAMS 0x00000000e2e00000, 0x00000000e2e00000| Untracked 
|  47|0x00000000e2f00000, 0x00000000e2f00000, 0x00000000e3000000|  0%| F|  |TAMS 0x00000000e2f00000, 0x00000000e2f00000| Untracked 
|  48|0x00000000e3000000, 0x00000000e3000000, 0x00000000e3100000|  0%| F|  |TAMS 0x00000000e3000000, 0x00000000e3000000| Untracked 
|  49|0x00000000e3100000, 0x00000000e3100000, 0x00000000e3200000|  0%| F|  |TAMS 0x00000000e3100000, 0x00000000e3100000| Untracked 
|  50|0x00000000e3200000, 0x00000000e3200000, 0x00000000e3300000|  0%| F|  |TAMS 0x00000000e3200000, 0x00000000e3200000| Untracked 
|  51|0x00000000e3300000, 0x00000000e3380690, 0x00000000e3400000| 50%| E|  |TAMS 0x00000000e3300000, 0x00000000e3300000| Complete 
|  52|0x00000000e3400000, 0x00000000e3500000, 0x00000000e3500000|100%| E|CS|TAMS 0x00000000e3400000, 0x00000000e3400000| Complete 
|  53|0x00000000e3500000, 0x00000000e3600000, 0x00000000e3600000|100%| E|CS|TAMS 0x00000000e3500000, 0x00000000e3500000| Complete 
|  54|0x00000000e3600000, 0x00000000e3700000, 0x00000000e3700000|100%| E|CS|TAMS 0x00000000e3600000, 0x00000000e3600000| Complete 
|  55|0x00000000e3700000, 0x00000000e3800000, 0x00000000e3800000|100%| E|CS|TAMS 0x00000000e3700000, 0x00000000e3700000| Complete 
|  56|0x00000000e3800000, 0x00000000e3900000, 0x00000000e3900000|100%| E|CS|TAMS 0x00000000e3800000, 0x00000000e3800000| Complete 
|  57|0x00000000e3900000, 0x00000000e3a00000, 0x00000000e3a00000|100%| E|CS|TAMS 0x00000000e3900000, 0x00000000e3900000| Complete 
|  58|0x00000000e3a00000, 0x00000000e3b00000, 0x00000000e3b00000|100%| E|CS|TAMS 0x00000000e3a00000, 0x00000000e3a00000| Complete 
|  59|0x00000000e3b00000, 0x00000000e3c00000, 0x00000000e3c00000|100%| E|CS|TAMS 0x00000000e3b00000, 0x00000000e3b00000| Complete 
|  60|0x00000000e3c00000, 0x00000000e3d00000, 0x00000000e3d00000|100%| E|CS|TAMS 0x00000000e3c00000, 0x00000000e3c00000| Complete 
|  61|0x00000000e3d00000, 0x00000000e3e00000, 0x00000000e3e00000|100%| E|CS|TAMS 0x00000000e3d00000, 0x00000000e3d00000| Complete 
|  62|0x00000000e3e00000, 0x00000000e3f00000, 0x00000000e3f00000|100%| E|CS|TAMS 0x00000000e3e00000, 0x00000000e3e00000| Complete 
|  63|0x00000000e3f00000, 0x00000000e4000000, 0x00000000e4000000|100%| E|CS|TAMS 0x00000000e3f00000, 0x00000000e3f00000| Complete 
|  64|0x00000000e4000000, 0x00000000e4100000, 0x00000000e4100000|100%| E|CS|TAMS 0x00000000e4000000, 0x00000000e4000000| Complete 
|  65|0x00000000e4100000, 0x00000000e4200000, 0x00000000e4200000|100%| E|CS|TAMS 0x00000000e4100000, 0x00000000e4100000| Complete 
|  66|0x00000000e4200000, 0x00000000e4300000, 0x00000000e4300000|100%| E|CS|TAMS 0x00000000e4200000, 0x00000000e4200000| Complete 
|  67|0x00000000e4300000, 0x00000000e4400000, 0x00000000e4400000|100%| E|CS|TAMS 0x00000000e4300000, 0x00000000e4300000| Complete 
|  68|0x00000000e4400000, 0x00000000e4500000, 0x00000000e4500000|100%| E|CS|TAMS 0x00000000e4400000, 0x00000000e4400000| Complete 
|  69|0x00000000e4500000, 0x00000000e4600000, 0x00000000e4600000|100%| E|CS|TAMS 0x00000000e4500000, 0x00000000e4500000| Complete 
|  70|0x00000000e4600000, 0x00000000e4700000, 0x00000000e4700000|100%| E|CS|TAMS 0x00000000e4600000, 0x00000000e4600000| Complete 
|  71|0x00000000e4700000, 0x00000000e4800000, 0x00000000e4800000|100%| E|CS|TAMS 0x00000000e4700000, 0x00000000e4700000| Complete 
|  72|0x00000000e4800000, 0x00000000e4900000, 0x00000000e4900000|100%| E|CS|TAMS 0x00000000e4800000, 0x00000000e4800000| Complete 
|  73|0x00000000e4900000, 0x00000000e4a00000, 0x00000000e4a00000|100%| E|CS|TAMS 0x00000000e4900000, 0x00000000e4900000| Complete 
|  74|0x00000000e4a00000, 0x00000000e4b00000, 0x00000000e4b00000|100%| E|CS|TAMS 0x00000000e4a00000, 0x00000000e4a00000| Complete 
|  75|0x00000000e4b00000, 0x00000000e4c00000, 0x00000000e4c00000|100%| E|CS|TAMS 0x00000000e4b00000, 0x00000000e4b00000| Complete 
| 253|0x00000000efd00000, 0x00000000efe00000, 0x00000000efe00000|100%| E|CS|TAMS 0x00000000efd00000, 0x00000000efd00000| Complete 

Card table byte_map: [0x000002afdc160000,0x000002afdc260000] _byte_map_base: 0x000002afdba60000

Marking Bits (Prev, Next): (CMBitMap*) 0x000002afc54bf540, (CMBitMap*) 0x000002afc54bf500
 Prev Bits: [0x000002afdcb60000, 0x000002afdd360000)
 Next Bits: [0x000002afdc360000, 0x000002afdcb60000)

Polling page: 0x000002afc33e0000

Metaspace:

Usage:
  Non-class:     36.34 MB used.
      Class:      5.55 MB used.
       Both:     41.89 MB used.

Virtual space:
  Non-class space:       64.00 MB reserved,      36.62 MB ( 57%) committed,  1 nodes.
      Class space:        1.00 GB reserved,       5.81 MB ( <1%) committed,  1 nodes.
             Both:        1.06 GB reserved,      42.44 MB (  4%) committed. 

Chunk freelists:
   Non-Class:  11.26 MB
       Class:  10.01 MB
        Both:  21.28 MB

MaxMetaspaceSize: unlimited
CompressedClassSpaceSize: 1.00 GB
Initial GC threshold: 21.00 MB
Current GC threshold: 65.62 MB
CDS: on
MetaspaceReclaimPolicy: balanced
 - commit_granule_bytes: 65536.
 - commit_granule_words: 8192.
 - virtual_space_node_default_size: 8388608.
 - enlarge_chunks_in_place: 1.
 - new_chunks_are_fully_committed: 0.
 - uncommit_free_chunks: 1.
 - use_allocation_guard: 0.
 - handle_deallocations: 1.


Internal statistics:

num_allocs_failed_limit: 12.
num_arena_births: 684.
num_arena_deaths: 0.
num_vsnodes_births: 2.
num_vsnodes_deaths: 0.
num_space_committed: 679.
num_space_uncommitted: 0.
num_chunks_returned_to_freelist: 12.
num_chunks_taken_from_freelist: 2205.
num_chunk_merges: 6.
num_chunk_splits: 1495.
num_chunks_enlarged: 1093.
num_inconsistent_stats: 0.

CodeHeap 'non-profiled nmethods': size=120000Kb used=2107Kb max_used=2873Kb free=117892Kb
 bounds [0x000002afd4800000, 0x000002afd4ad0000, 0x000002afdbd30000]
CodeHeap 'profiled nmethods': size=120000Kb used=8791Kb max_used=10815Kb free=111208Kb
 bounds [0x000002afccd30000, 0x000002afcd7c0000, 0x000002afd4260000]
CodeHeap 'non-nmethods': size=5760Kb used=1616Kb max_used=1682Kb free=4143Kb
 bounds [0x000002afd4260000, 0x000002afd44d0000, 0x000002afd4800000]
 total_blobs=4937 nmethods=4270 adapters=577
 compilation: enabled
              stopped_count=0, restarted_count=0
 full_count=0

Compilation events (20 events):
Event: 4.734 Thread 0x000002afdfdb0b00 5000       2       org.springframework.core.annotation.AbstractMergedAnnotation::getValue (10 bytes)
Event: 4.734 Thread 0x000002afdfdb0b00 nmethod 5000 0x000002afcd33f390 code [0x000002afcd33f540, 0x000002afcd33f728]
Event: 4.735 Thread 0x000002afdfdb0b00 5001       2       java.util.AbstractMap::hashCode (45 bytes)
Event: 4.736 Thread 0x000002afdfdb0b00 nmethod 5001 0x000002afccf83990 code [0x000002afccf83b80, 0x000002afccf83e28]
Event: 4.736 Thread 0x000002afdfdb0b00 5002       2       org.springframework.core.ResolvableType::isAssignableFrom (36 bytes)
Event: 4.736 Thread 0x000002afdfdb0b00 nmethod 5002 0x000002afcceb0d90 code [0x000002afcceb0f40, 0x000002afcceb11a8]
Event: 4.737 Thread 0x000002afdfdb0b00 5003   !   2       jdk.proxy2.$Proxy5::annotationType (29 bytes)
Event: 4.738 Thread 0x000002afdfdb0b00 nmethod 5003 0x000002afccebf090 code [0x000002afccebf240, 0x000002afccebf4b8]
Event: 4.738 Thread 0x000002afdfdb0b00 5004       2       java.util.stream.StreamSpliterators$WrappingSpliterator::tryAdvance (36 bytes)
Event: 4.738 Thread 0x000002afdfdb0b00 nmethod 5004 0x000002afccf9b090 code [0x000002afccf9b260, 0x000002afccf9b4f8]
Event: 4.738 Thread 0x000002afdfdb0b00 5005       2       java.util.stream.StreamSpliterators$AbstractWrappingSpliterator::doAdvance (106 bytes)
Event: 4.739 Thread 0x000002afdfdb0b00 nmethod 5005 0x000002afccdd2d10 code [0x000002afccdd2f20, 0x000002afccdd3368]
Event: 4.739 Thread 0x000002afdfdb0b00 5006       2       java.util.regex.Pattern$GroupTail::match (111 bytes)
Event: 4.740 Thread 0x000002afdfdb0b00 nmethod 5006 0x000002afcd271690 code [0x000002afcd271860, 0x000002afcd271b28]
Event: 4.766 Thread 0x000002afdfdb0b00 5007       1       java.util.Collections$EmptyEnumeration::hasMoreElements (2 bytes)
Event: 4.766 Thread 0x000002afdfdb0b00 nmethod 5007 0x000002afd4815310 code [0x000002afd48154a0, 0x000002afd4815578]
Event: 4.766 Thread 0x000002afdfdb0b00 5008       2       jdk.internal.loader.BuiltinClassLoader$1::hasMoreElements (5 bytes)
Event: 4.766 Thread 0x000002afdfdb0b00 nmethod 5008 0x000002afcce0e010 code [0x000002afcce0e1a0, 0x000002afcce0e2c8]
Event: 4.789 Thread 0x000002afdfdb0b00 5009       3       java.net.URI::match (56 bytes)
Event: 4.790 Thread 0x000002afdfdb0b00 nmethod 5009 0x000002afcced3790 code [0x000002afcced3940, 0x000002afcced3c38]

GC Heap History (20 events):
Event: 1.787 GC heap before
{Heap before GC invocations=2 (full 0):
 garbage-first heap   total 260096K, used 55107K [0x00000000e0000000, 0x0000000100000000)
  region size 1024K, 46 young (47104K), 2 survivors (2048K)
 Metaspace       used 18879K, committed 19136K, reserved 1114112K
  class space    used 2628K, committed 2752K, reserved 1048576K
}
Event: 1.793 GC heap after
{Heap after GC invocations=3 (full 0):
 garbage-first heap   total 260096K, used 12721K [0x00000000e0000000, 0x0000000100000000)
  region size 1024K, 5 young (5120K), 5 survivors (5120K)
 Metaspace       used 18879K, committed 19136K, reserved 1114112K
  class space    used 2628K, committed 2752K, reserved 1048576K
}
Event: 1.916 GC heap before
{Heap before GC invocations=3 (full 0):
 garbage-first heap   total 260096K, used 23985K [0x00000000e0000000, 0x0000000100000000)
  region size 1024K, 17 young (17408K), 5 survivors (5120K)
 Metaspace       used 21149K, committed 21504K, reserved 1114112K
  class space    used 2887K, committed 3072K, reserved 1048576K
}
Event: 1.920 GC heap after
{Heap after GC invocations=4 (full 0):
 garbage-first heap   total 260096K, used 13760K [0x00000000e0000000, 0x0000000100000000)
  region size 1024K, 6 young (6144K), 6 survivors (6144K)
 Metaspace       used 21149K, committed 21504K, reserved 1114112K
  class space    used 2887K, committed 3072K, reserved 1048576K
}
Event: 2.243 GC heap before
{Heap before GC invocations=5 (full 0):
 garbage-first heap   total 58368K, used 43456K [0x00000000e0000000, 0x0000000100000000)
  region size 1024K, 36 young (36864K), 6 survivors (6144K)
 Metaspace       used 27348K, committed 27712K, reserved 1114112K
  class space    used 3647K, committed 3840K, reserved 1048576K
}
Event: 2.250 GC heap after
{Heap after GC invocations=6 (full 0):
 garbage-first heap   total 58368K, used 15591K [0x00000000e0000000, 0x0000000100000000)
  region size 1024K, 7 young (7168K), 7 survivors (7168K)
 Metaspace       used 27348K, committed 27712K, reserved 1114112K
  class space    used 3647K, committed 3840K, reserved 1048576K
}
Event: 2.262 GC heap before
{Heap before GC invocations=6 (full 0):
 garbage-first heap   total 58368K, used 16615K [0x00000000e0000000, 0x0000000100000000)
  region size 1024K, 8 young (8192K), 7 survivors (7168K)
 Metaspace       used 27481K, committed 27840K, reserved 1114112K
  class space    used 3668K, committed 3840K, reserved 1048576K
}
Event: 2.270 GC heap after
{Heap after GC invocations=7 (full 0):
 garbage-first heap   total 58368K, used 15957K [0x00000000e0000000, 0x0000000100000000)
  region size 1024K, 1 young (1024K), 1 survivors (1024K)
 Metaspace       used 27481K, committed 27840K, reserved 1114112K
  class space    used 3668K, committed 3840K, reserved 1048576K
}
Event: 2.654 GC heap before
{Heap before GC invocations=7 (full 0):
 garbage-first heap   total 58368K, used 40533K [0x00000000e0000000, 0x0000000100000000)
  region size 1024K, 25 young (25600K), 1 survivors (1024K)
 Metaspace       used 29884K, committed 30272K, reserved 1114112K
  class space    used 3954K, committed 4160K, reserved 1048576K
}
Event: 2.657 GC heap after
{Heap after GC invocations=8 (full 0):
 garbage-first heap   total 58368K, used 17423K [0x00000000e0000000, 0x0000000100000000)
  region size 1024K, 3 young (3072K), 3 survivors (3072K)
 Metaspace       used 29884K, committed 30272K, reserved 1114112K
  class space    used 3954K, committed 4160K, reserved 1048576K
}
Event: 3.154 GC heap before
{Heap before GC invocations=8 (full 0):
 garbage-first heap   total 58368K, used 40975K [0x00000000e0000000, 0x0000000100000000)
  region size 1024K, 26 young (26624K), 3 survivors (3072K)
 Metaspace       used 33235K, committed 33600K, reserved 1114112K
  class space    used 4438K, committed 4608K, reserved 1048576K
}
Event: 3.157 GC heap after
{Heap after GC invocations=9 (full 0):
 garbage-first heap   total 58368K, used 19363K [0x00000000e0000000, 0x0000000100000000)
  region size 1024K, 2 young (2048K), 2 survivors (2048K)
 Metaspace       used 33235K, committed 33600K, reserved 1114112K
  class space    used 4438K, committed 4608K, reserved 1048576K
}
Event: 3.326 GC heap before
{Heap before GC invocations=9 (full 0):
 garbage-first heap   total 58368K, used 28579K [0x00000000e0000000, 0x0000000100000000)
  region size 1024K, 12 young (12288K), 2 survivors (2048K)
 Metaspace       used 35694K, committed 36096K, reserved 1114112K
  class space    used 4732K, committed 4928K, reserved 1048576K
}
Event: 3.328 GC heap after
{Heap after GC invocations=10 (full 0):
 garbage-first heap   total 58368K, used 19996K [0x00000000e0000000, 0x0000000100000000)
  region size 1024K, 3 young (3072K), 3 survivors (3072K)
 Metaspace       used 35694K, committed 36096K, reserved 1114112K
  class space    used 4732K, committed 4928K, reserved 1048576K
}
Event: 3.471 GC heap before
{Heap before GC invocations=11 (full 0):
 garbage-first heap   total 58368K, used 42524K [0x00000000e0000000, 0x0000000100000000)
  region size 1024K, 26 young (26624K), 3 survivors (3072K)
 Metaspace       used 37409K, committed 37888K, reserved 1114112K
  class space    used 4949K, committed 5184K, reserved 1048576K
}
Event: 3.473 GC heap after
{Heap after GC invocations=12 (full 0):
 garbage-first heap   total 58368K, used 20362K [0x00000000e0000000, 0x0000000100000000)
  region size 1024K, 2 young (2048K), 2 survivors (2048K)
 Metaspace       used 37409K, committed 37888K, reserved 1114112K
  class space    used 4949K, committed 5184K, reserved 1048576K
}
Event: 3.474 GC heap before
{Heap before GC invocations=12 (full 0):
 garbage-first heap   total 58368K, used 20362K [0x00000000e0000000, 0x0000000100000000)
  region size 1024K, 3 young (3072K), 2 survivors (2048K)
 Metaspace       used 37410K, committed 37888K, reserved 1114112K
  class space    used 4949K, committed 5184K, reserved 1048576K
}
Event: 3.476 GC heap after
{Heap after GC invocations=13 (full 0):
 garbage-first heap   total 58368K, used 20389K [0x00000000e0000000, 0x0000000100000000)
  region size 1024K, 1 young (1024K), 1 survivors (1024K)
 Metaspace       used 37410K, committed 37888K, reserved 1114112K
  class space    used 4949K, committed 5184K, reserved 1048576K
}
Event: 3.834 GC heap before
{Heap before GC invocations=13 (full 0):
 garbage-first heap   total 58368K, used 42917K [0x00000000e0000000, 0x0000000100000000)
  region size 1024K, 24 young (24576K), 1 survivors (1024K)
 Metaspace       used 39694K, committed 40128K, reserved 1114112K
  class space    used 5232K, committed 5440K, reserved 1048576K
}
Event: 3.836 GC heap after
{Heap after GC invocations=14 (full 0):
 garbage-first heap   total 159744K, used 21820K [0x00000000e0000000, 0x0000000100000000)
  region size 1024K, 2 young (2048K), 2 survivors (2048K)
 Metaspace       used 39694K, committed 40128K, reserved 1114112K
  class space    used 5232K, committed 5440K, reserved 1048576K
}

Deoptimization events (20 events):
Event: 4.743 Thread 0x000002afc5488820 Uncommon trap: trap_request=0xffffffde fr.pc=0x000002afd4a96638 relative=0x0000000000000598
Event: 4.743 Thread 0x000002afc5488820 Uncommon trap: reason=class_check action=maybe_recompile pc=0x000002afd4a96638 method=org.springframework.core.annotation.AnnotationsScanner.processClassHierarchy(Ljava/lang/Object;[ILjava/lang/Class;Lorg/springframework/core/annotation/AnnotationsProcess
Event: 4.743 Thread 0x000002afc5488820 DEOPT PACKING pc=0x000002afd4a96638 sp=0x000000e1b94fc2e0
Event: 4.743 Thread 0x000002afc5488820 DEOPT UNPACKING pc=0x000002afd42b5ba3 sp=0x000000e1b94fc2d0 mode 2
Event: 4.744 Thread 0x000002afc5488820 Uncommon trap: trap_request=0xffffffde fr.pc=0x000002afd4a96638 relative=0x0000000000000598
Event: 4.744 Thread 0x000002afc5488820 Uncommon trap: reason=class_check action=maybe_recompile pc=0x000002afd4a96638 method=org.springframework.core.annotation.AnnotationsScanner.processClassHierarchy(Ljava/lang/Object;[ILjava/lang/Class;Lorg/springframework/core/annotation/AnnotationsProcess
Event: 4.744 Thread 0x000002afc5488820 DEOPT PACKING pc=0x000002afd4a96638 sp=0x000000e1b94fc240
Event: 4.744 Thread 0x000002afc5488820 DEOPT UNPACKING pc=0x000002afd42b5ba3 sp=0x000000e1b94fc230 mode 2
Event: 4.789 Thread 0x000002afc5488820 Uncommon trap: trap_request=0xffffff45 fr.pc=0x000002afd48e02f8 relative=0x0000000000000078
Event: 4.789 Thread 0x000002afc5488820 Uncommon trap: reason=unstable_if action=reinterpret pc=0x000002afd48e02f8 method=java.net.URI.match(CJJ)Z @ 19 c2
Event: 4.789 Thread 0x000002afc5488820 DEOPT PACKING pc=0x000002afd48e02f8 sp=0x000000e1b94f8da0
Event: 4.789 Thread 0x000002afc5488820 DEOPT UNPACKING pc=0x000002afd42b5ba3 sp=0x000000e1b94f8d28 mode 2
Event: 4.791 Thread 0x000002afc5488820 Uncommon trap: trap_request=0xffffffde fr.pc=0x000002afd490deb8 relative=0x0000000000001418
Event: 4.791 Thread 0x000002afc5488820 Uncommon trap: reason=class_check action=maybe_recompile pc=0x000002afd490deb8 method=java.util.zip.InflaterInputStream.read([BII)I @ 100 c2
Event: 4.791 Thread 0x000002afc5488820 DEOPT PACKING pc=0x000002afd490deb8 sp=0x000000e1b94f8e10
Event: 4.791 Thread 0x000002afc5488820 DEOPT UNPACKING pc=0x000002afd42b5ba3 sp=0x000000e1b94f8e60 mode 2
Event: 4.791 Thread 0x000002afc5488820 Uncommon trap: trap_request=0xffffffde fr.pc=0x000002afd490deb8 relative=0x0000000000001418
Event: 4.791 Thread 0x000002afc5488820 Uncommon trap: reason=class_check action=maybe_recompile pc=0x000002afd490deb8 method=java.util.zip.InflaterInputStream.read([BII)I @ 100 c2
Event: 4.791 Thread 0x000002afc5488820 DEOPT PACKING pc=0x000002afd490deb8 sp=0x000000e1b94f8e10
Event: 4.791 Thread 0x000002afc5488820 DEOPT UNPACKING pc=0x000002afd42b5ba3 sp=0x000000e1b94f8e60 mode 2

Classes unloaded (0 events):
No events

Classes redefined (0 events):
No events

Internal exceptions (20 events):
Event: 4.480 Thread 0x000002afc5488820 Exception <a 'java/lang/NoSuchMethodError'{0x00000000e3d7d3b0}: 'java.lang.Object java.lang.invoke.DirectMethodHandle$Holder.invokeStaticInit(java.lang.Object, java.lang.Object, java.lang.Object, java.lang.Object, java.lang.Object)'> (0x00000000e3d7d3b0) 
thrown [s\open\src\hotspot\share\interpreter\linkResolver.cpp, line 759]
Event: 4.480 Thread 0x000002afc5488820 Exception <a 'java/lang/IncompatibleClassChangeError'{0x00000000e3d81ba8}: Found class java.lang.Object, but interface was expected> (0x00000000e3d81ba8) 
thrown [s\open\src\hotspot\share\interpreter\linkResolver.cpp, line 826]
Event: 4.480 Thread 0x000002afc5488820 Exception <a 'java/lang/NoSuchMethodError'{0x00000000e3d835a8}: 'java.lang.Object java.lang.invoke.DirectMethodHandle$Holder.invokeStaticInit(java.lang.Object, java.lang.Object, java.lang.Object, java.lang.Object)'> (0x00000000e3d835a8) 
thrown [s\open\src\hotspot\share\interpreter\linkResolver.cpp, line 759]
Event: 4.488 Thread 0x000002afc5488820 Exception <a 'java/lang/IncompatibleClassChangeError'{0x00000000e3db1900}: Found class java.lang.Object, but interface was expected> (0x00000000e3db1900) 
thrown [s\open\src\hotspot\share\interpreter\linkResolver.cpp, line 826]
Event: 4.488 Thread 0x000002afc5488820 Exception <a 'java/lang/NoSuchMethodError'{0x00000000e3db3270}: 'java.lang.Object java.lang.invoke.DirectMethodHandle$Holder.invokeStatic(java.lang.Object, java.lang.Object, int, java.lang.Object)'> (0x00000000e3db3270) 
thrown [s\open\src\hotspot\share\interpreter\linkResolver.cpp, line 759]
Event: 4.502 Thread 0x000002afc5488820 Exception <a 'java/lang/NoSuchMethodError'{0x00000000e3c0c200}: 'java.lang.Object java.lang.invoke.Invokers$Holder.invokeExact_MT(java.lang.Object, java.lang.Object, java.lang.Object)'> (0x00000000e3c0c200) 
thrown [s\open\src\hotspot\share\interpreter\linkResolver.cpp, line 759]
Event: 4.507 Thread 0x000002afc5488820 Exception <a 'java/lang/ClassNotFoundException'{0x00000000e3c30430}: nz/net/ultraq/thymeleaf/layoutdialect/LayoutDialectBeanInfo> (0x00000000e3c30430) 
thrown [s\open\src\hotspot\share\classfile\systemDictionary.cpp, line 256]
Event: 4.507 Thread 0x000002afc5488820 Exception <a 'java/lang/ClassNotFoundException'{0x00000000e3c38470}: org/thymeleaf/dialect/AbstractProcessorDialectBeanInfo> (0x00000000e3c38470) 
thrown [s\open\src\hotspot\share\classfile\systemDictionary.cpp, line 256]
Event: 4.508 Thread 0x000002afc5488820 Exception <a 'java/lang/ClassNotFoundException'{0x00000000e3c40268}: org/thymeleaf/dialect/AbstractDialectBeanInfo> (0x00000000e3c40268) 
thrown [s\open\src\hotspot\share\classfile\systemDictionary.cpp, line 256]
Event: 4.508 Thread 0x000002afc5488820 Exception <a 'java/lang/ClassNotFoundException'{0x00000000e3c48128}: org/thymeleaf/dialect/AbstractDialectCustomizer> (0x00000000e3c48128) 
thrown [s\open\src\hotspot\share\classfile\systemDictionary.cpp, line 256]
Event: 4.509 Thread 0x000002afc5488820 Exception <a 'java/lang/ClassNotFoundException'{0x00000000e3c52758}: org/thymeleaf/dialect/AbstractProcessorDialectCustomizer> (0x00000000e3c52758) 
thrown [s\open\src\hotspot\share\classfile\systemDictionary.cpp, line 256]
Event: 4.510 Thread 0x000002afc5488820 Exception <a 'java/lang/ClassNotFoundException'{0x00000000e3c5dfd0}: nz/net/ultraq/thymeleaf/layoutdialect/LayoutDialectCustomizer> (0x00000000e3c5dfd0) 
thrown [s\open\src\hotspot\share\classfile\systemDictionary.cpp, line 256]
Event: 4.639 Thread 0x000002afc5488820 Exception <a 'java/lang/IncompatibleClassChangeError'{0x00000000e38dc898}: Found class java.lang.Object, but interface was expected> (0x00000000e38dc898) 
thrown [s\open\src\hotspot\share\interpreter\linkResolver.cpp, line 826]
Event: 4.677 Thread 0x000002afc5488820 Exception <a 'java/lang/NoSuchMethodError'{0x00000000e37efc38}: 'java.lang.Object java.lang.invoke.DirectMethodHandle$Holder.newInvokeSpecial(java.lang.Object, java.lang.Object, int, java.lang.Object, java.lang.Object)'> (0x00000000e37efc38) 
thrown [s\open\src\hotspot\share\interpreter\linkResolver.cpp, line 759]
Event: 4.679 Thread 0x000002afc5488820 Exception <a 'java/lang/NoSuchMethodError'{0x00000000e37ff1e8}: 'java.lang.Object java.lang.invoke.DirectMethodHandle$Holder.newInvokeSpecial(java.lang.Object, java.lang.Object, java.lang.Object, int)'> (0x00000000e37ff1e8) 
thrown [s\open\src\hotspot\share\interpreter\linkResolver.cpp, line 759]
Event: 4.679 Thread 0x000002afc5488820 Exception <a 'java/lang/NoSuchMethodError'{0x00000000e3604050}: 'java.lang.Object java.lang.invoke.DirectMethodHandle$Holder.invokeSpecial(java.lang.Object, java.lang.Object, java.lang.Object, java.lang.Object, int)'> (0x00000000e3604050) 
thrown [s\open\src\hotspot\share\interpreter\linkResolver.cpp, line 759]
Event: 4.680 Thread 0x000002afc5488820 Exception <a 'java/lang/NoSuchMethodError'{0x00000000e3607ca8}: 'java.lang.Object java.lang.invoke.Invokers$Holder.linkToTargetMethod(java.lang.Object, java.lang.Object, int, java.lang.Object)'> (0x00000000e3607ca8) 
thrown [s\open\src\hotspot\share\interpreter\linkResolver.cpp, line 759]
Event: 4.784 Thread 0x000002afc5488820 Exception <a 'java/lang/reflect/InvocationTargetException'{0x00000000e3338ae0}> (0x00000000e3338ae0) 
thrown [s\open\src\hotspot\share\runtime\reflection.cpp, line 1121]
Event: 4.801 Thread 0x000002afc5488820 Exception <a 'java/lang/NoSuchMethodError'{0x00000000e335e450}: 'void java.lang.invoke.DirectMethodHandle$Holder.invokeStatic(java.lang.Object, long)'> (0x00000000e335e450) 
thrown [s\open\src\hotspot\share\interpreter\linkResolver.cpp, line 759]
Event: 4.802 Thread 0x000002afc5488820 Exception <a 'java/lang/NoSuchMethodError'{0x00000000e3363e10}: 'java.lang.Object java.lang.invoke.DirectMethodHandle$Holder.newInvokeSpecial(java.lang.Object, long)'> (0x00000000e3363e10) 
thrown [s\open\src\hotspot\share\interpreter\linkResolver.cpp, line 759]

VM Operations (20 events):
Event: 3.838 Executing VM operation: HandshakeAllThreads
Event: 3.838 Executing VM operation: HandshakeAllThreads done
Event: 3.858 Executing VM operation: G1Concurrent
Event: 3.861 Executing VM operation: G1Concurrent done
Event: 3.869 Executing VM operation: G1Concurrent
Event: 3.869 Executing VM operation: G1Concurrent done
Event: 4.035 Executing VM operation: HandshakeAllThreads
Event: 4.035 Executing VM operation: HandshakeAllThreads done
Event: 4.406 Executing VM operation: HandshakeAllThreads
Event: 4.406 Executing VM operation: HandshakeAllThreads done
Event: 4.605 Executing VM operation: HandshakeAllThreads
Event: 4.606 Executing VM operation: HandshakeAllThreads done
Event: 4.608 Executing VM operation: ICBufferFull
Event: 4.608 Executing VM operation: ICBufferFull done
Event: 4.616 Executing VM operation: HandshakeAllThreads
Event: 4.616 Executing VM operation: HandshakeAllThreads done
Event: 4.671 Executing VM operation: HandshakeAllThreads
Event: 4.671 Executing VM operation: HandshakeAllThreads done
Event: 4.804 Executing VM operation: HandshakeAllThreads
Event: 4.804 Executing VM operation: HandshakeAllThreads done

Events (20 events):
Event: 4.783 loading class java/lang/instrument/Instrumentation
Event: 4.784 loading class java/lang/instrument/Instrumentation done
Event: 4.790 loading class java/util/jar/JarInputStream
Event: 4.790 loading class java/util/zip/ZipInputStream
Event: 4.790 loading class java/util/zip/ZipInputStream done
Event: 4.790 loading class java/util/jar/JarInputStream done
Event: 4.791 loading class java/io/PushbackInputStream
Event: 4.791 loading class java/io/PushbackInputStream done
Event: 4.792 loading class sun/security/util/ManifestEntryVerifier
Event: 4.792 loading class sun/security/util/ManifestEntryVerifier done
Event: 4.793 loading class java/lang/ProcessBuilder
Event: 4.794 loading class java/lang/ProcessBuilder done
Event: 4.795 loading class java/lang/ProcessImpl
Event: 4.796 loading class java/lang/ProcessImpl done
Event: 4.803 loading class java/lang/ProcessImpl$2
Event: 4.803 loading class java/lang/ProcessImpl$2 done
Event: 4.803 loading class java/lang/Process$PipeInputStream
Event: 4.804 loading class java/lang/Process$PipeInputStream done
Event: 4.805 loading class jdk/internal/event/ProcessStartEvent
Event: 4.805 loading class jdk/internal/event/ProcessStartEvent done


Dynamic libraries:
0x00007ff6efd00000 - 0x00007ff6efd10000 	C:\Program Files\Java\jdk-17\bin\java.exe
0x00007ffe1ceb0000 - 0x00007ffe1d0c7000 	C:\WINDOWS\SYSTEM32\ntdll.dll
0x00007ffe1b750000 - 0x00007ffe1b814000 	C:\WINDOWS\System32\KERNEL32.DLL
0x00007ffe1a1e0000 - 0x00007ffe1a58d000 	C:\WINDOWS\System32\KERNELBASE.dll
0x00007ffe1a630000 - 0x00007ffe1a741000 	C:\WINDOWS\System32\ucrtbase.dll
0x00007ffda11d0000 - 0x00007ffda11e9000 	C:\Program Files\Java\jdk-17\bin\jli.dll
0x00007ffe16b80000 - 0x00007ffe16b9b000 	C:\Program Files\Java\jdk-17\bin\VCRUNTIME140.dll
0x00007ffe1bd30000 - 0x00007ffe1bde2000 	C:\WINDOWS\System32\ADVAPI32.dll
0x00007ffe1b840000 - 0x00007ffe1b8e7000 	C:\WINDOWS\System32\msvcrt.dll
0x00007ffe1b6a0000 - 0x00007ffe1b749000 	C:\WINDOWS\System32\sechost.dll
0x00007ffe1aa60000 - 0x00007ffe1aa88000 	C:\WINDOWS\System32\bcrypt.dll
0x00007ffe1b570000 - 0x00007ffe1b684000 	C:\WINDOWS\System32\RPCRT4.dll
0x00007ffe1bb80000 - 0x00007ffe1bd2e000 	C:\WINDOWS\System32\USER32.dll
0x00007ffe1aa90000 - 0x00007ffe1aab6000 	C:\WINDOWS\System32\win32u.dll
0x00007ffe1cba0000 - 0x00007ffe1cbc9000 	C:\WINDOWS\System32\GDI32.dll
0x00007ffdf4540000 - 0x00007ffdf47d3000 	C:\WINDOWS\WinSxS\amd64_microsoft.windows.common-controls_6595b64144ccf1df_6.0.22621.3672_none_2713b9d173822955\COMCTL32.dll
0x00007ffe1a750000 - 0x00007ffe1a869000 	C:\WINDOWS\System32\gdi32full.dll
0x00007ffe1a590000 - 0x00007ffe1a62a000 	C:\WINDOWS\System32\msvcp_win.dll
0x00007ffe15f70000 - 0x00007ffe15f7a000 	C:\WINDOWS\SYSTEM32\VERSION.dll
0x00007ffe1b9c0000 - 0x00007ffe1b9f1000 	C:\WINDOWS\System32\IMM32.DLL
0x00007ffd9eff0000 - 0x00007ffd9effc000 	C:\Program Files\Java\jdk-17\bin\vcruntime140_1.dll
0x00007ffd9dc30000 - 0x00007ffd9dcbe000 	C:\Program Files\Java\jdk-17\bin\msvcp140.dll
0x00007ffd83d20000 - 0x00007ffd84900000 	C:\Program Files\Java\jdk-17\bin\server\jvm.dll
0x00007ffe1bb00000 - 0x00007ffe1bb08000 	C:\WINDOWS\System32\PSAPI.DLL
0x00007ffe10610000 - 0x00007ffe10644000 	C:\WINDOWS\SYSTEM32\WINMM.dll
0x00007ffdfb810000 - 0x00007ffdfb819000 	C:\WINDOWS\SYSTEM32\WSOCK32.dll
0x00007ffe1b450000 - 0x00007ffe1b4c1000 	C:\WINDOWS\System32\WS2_32.dll
0x00007ffe19210000 - 0x00007ffe19228000 	C:\WINDOWS\SYSTEM32\kernel.appcore.dll
0x00007ffd9ee90000 - 0x00007ffd9ee9a000 	C:\Program Files\Java\jdk-17\bin\jimage.dll
0x00007ffe17940000 - 0x00007ffe17b72000 	C:\WINDOWS\SYSTEM32\DBGHELP.DLL
0x00007ffe1bea0000 - 0x00007ffe1c228000 	C:\WINDOWS\System32\combase.dll
0x00007ffe1cbd0000 - 0x00007ffe1cca7000 	C:\WINDOWS\System32\OLEAUT32.dll
0x00007ffe16b40000 - 0x00007ffe16b72000 	C:\WINDOWS\SYSTEM32\dbgcore.DLL
0x00007ffe1a9e0000 - 0x00007ffe1aa5b000 	C:\WINDOWS\System32\bcryptPrimitives.dll
0x00007ffd9dc00000 - 0x00007ffd9dc25000 	C:\Program Files\Java\jdk-17\bin\java.dll
0x00007ffd99590000 - 0x00007ffd99667000 	C:\Program Files\Java\jdk-17\bin\jsvml.dll
0x00007ffe1abf0000 - 0x00007ffe1b44f000 	C:\WINDOWS\System32\SHELL32.dll
0x00007ffe18130000 - 0x00007ffe18a2c000 	C:\WINDOWS\SYSTEM32\windows.storage.dll
0x00007ffe17ff0000 - 0x00007ffe1812f000 	C:\WINDOWS\SYSTEM32\wintypes.dll
0x00007ffe1caa0000 - 0x00007ffe1cb94000 	C:\WINDOWS\System32\SHCORE.dll
0x00007ffe1c3e0000 - 0x00007ffe1c43e000 	C:\WINDOWS\System32\shlwapi.dll
0x00007ffe1a110000 - 0x00007ffe1a131000 	C:\WINDOWS\SYSTEM32\profapi.dll
0x00007ffd9d9b0000 - 0x00007ffd9d9c9000 	C:\Program Files\Java\jdk-17\bin\net.dll
0x00007ffe0c570000 - 0x00007ffe0c6a6000 	C:\WINDOWS\SYSTEM32\WINHTTP.dll
0x00007ffe19680000 - 0x00007ffe196e9000 	C:\WINDOWS\system32\mswsock.dll
0x00007ffd9b2b0000 - 0x00007ffd9b2c6000 	C:\Program Files\Java\jdk-17\bin\nio.dll
0x00007ffd9b290000 - 0x00007ffd9b2a8000 	C:\Program Files\Java\jdk-17\bin\zip.dll
0x00007ffde2090000 - 0x00007ffde20a0000 	C:\Program Files\Java\jdk-17\bin\verify.dll
0x00007ffd9d9a0000 - 0x00007ffd9d9ae000 	C:\Program Files\Java\jdk-17\bin\sunmscapi.dll
0x00007ffe1a870000 - 0x00007ffe1a9d7000 	C:\WINDOWS\System32\CRYPT32.dll
0x00007ffe19b90000 - 0x00007ffe19bbe000 	C:\WINDOWS\SYSTEM32\ncrypt.dll
0x00007ffe19b50000 - 0x00007ffe19b87000 	C:\WINDOWS\SYSTEM32\NTASN1.dll
0x00007ffde9050000 - 0x00007ffde9058000 	C:\WINDOWS\system32\wshunix.dll
0x00007ffe19950000 - 0x00007ffe1996b000 	C:\WINDOWS\SYSTEM32\CRYPTSP.dll
0x00007ffe19170000 - 0x00007ffe191a5000 	C:\WINDOWS\system32\rsaenh.dll
0x00007ffe197f0000 - 0x00007ffe19818000 	C:\WINDOWS\SYSTEM32\USERENV.dll
0x00007ffe19970000 - 0x00007ffe1997c000 	C:\WINDOWS\SYSTEM32\CRYPTBASE.dll
0x00007ffe18c90000 - 0x00007ffe18cbd000 	C:\WINDOWS\SYSTEM32\IPHLPAPI.DLL
0x00007ffe1bb10000 - 0x00007ffe1bb19000 	C:\WINDOWS\System32\NSI.dll
0x00007ffe111c0000 - 0x00007ffe111d9000 	C:\WINDOWS\SYSTEM32\dhcpcsvc6.DLL
0x00007ffe111a0000 - 0x00007ffe111bf000 	C:\WINDOWS\SYSTEM32\dhcpcsvc.DLL
0x00007ffe18d00000 - 0x00007ffe18df8000 	C:\WINDOWS\SYSTEM32\DNSAPI.dll
0x00007ffd9ee80000 - 0x00007ffd9ee8a000 	C:\Program Files\Java\jdk-17\bin\management.dll
0x00007ffd9daa0000 - 0x00007ffd9daab000 	C:\Program Files\Java\jdk-17\bin\management_ext.dll

dbghelp: loaded successfully - version: 4.0.5 - missing functions: none
symbol engine: initialized successfully - sym options: 0x614 - pdb path: .;C:\Program Files\Java\jdk-17\bin;C:\WINDOWS\SYSTEM32;C:\WINDOWS\WinSxS\amd64_microsoft.windows.common-controls_6595b64144ccf1df_6.0.22621.3672_none_2713b9d173822955;C:\Program Files\Java\jdk-17\bin\server

VM Arguments:
jvm_args: -Dorg.gradle.internal.worker.tmpdir=C:\Users\user\Desktop\new-folder\KDT_DBE1_Toy_Project2\shop29\build\tmp\test\work -Xmx512m -Dfile.encoding=UTF-8 -Duser.country=KR -Duser.language=ko -Duser.variant -ea 
java_command: worker.org.gradle.process.internal.worker.GradleWorkerMain 'Gradle Test Executor 27'
java_class_path (initial): C:\Program Files\gradle-7.6.4\caches\8.8\workerMain\gradle-worker.jar;C:\Users\user\Desktop\new-folder\KDT_DBE1_Toy_Project2\shop29\build\classes\java\test;C:\Users\user\Desktop\new-folder\KDT_DBE1_Toy_Project2\shop29\build\classes\java\main;C:\Users\user\Desktop\new-folder\KDT_DBE1_Toy_Project2\shop29\build\resources\main;C:\Program Files\gradle-7.6.4\caches\modules-2\files-2.1\nz.net.ultraq.thymeleaf\thymeleaf-layout-dialect\3.3.0\275da01788302e514c0549a4db5fa6b29ef84ba6\thymeleaf-layout-dialect-3.3.0.jar;C:\Program Files\gradle-7.6.4\caches\modules-2\files-2.1\org.mybatis.spring.boot\mybatis-spring-boot-starter\3.0.3\19528356bf8bad2be5f8bf796dfc30bcc4996054\mybatis-spring-boot-starter-3.0.3.jar;C:\Program Files\gradle-7.6.4\caches\modules-2\files-2.1\org.springframework.boot\spring-boot-starter-jdbc\3.3.2\544775d745288972598ab2e872e5a4816b6d9b39\spring-boot-starter-jdbc-3.3.2.jar;C:\Program Files\gradle-7.6.4\caches\modules-2\files-2.1\org.springframework.boot\spring-boot-starter-thymeleaf\3.3.2\cdcc62e2bb84c080a474281cf09c28cdfd423955\spring-boot-starter-thymeleaf-3.3.2.jar;C:\Program Files\gradle-7.6.4\caches\modules-2\files-2.1\org.springframework.boot\spring-boot-starter-validation\3.3.2\81ee06b318ed35c2a3f4882a0f7b9946a39e1b39\spring-boot-starter-validation-3.3.2.jar;C:\Program Files\gradle-7.6.4\caches\modules-2\files-2.1\org.springframework.boot\spring-boot-starter-web\3.3.2\720418538668a8742d0ae24097811d5250cf5c32\spring-boot-starter-web-3.3.2.jar;C:\Program Files\gradle-7.6.4\caches\modules-2\files-2.1\com.mysql\mysql-connector-j\8.3.0\1cc7fa5d61f4bbc113531a4ba6d85d41cf3d57e1\mysql-connector-j-8.3.0.jar;C:\Program Files\gradle-7.6.4\caches\modules-2\files-2.1\org.mybatis.spring.boot\mybatis-spring-boot-starter-test\3.0.3\b1ad9be6dce278ad0587e473342b0396881de49c\mybatis-spring-boot-starter-test-3.0.3.jar;C:\Program Files\gradle-7.6.4\caches\modules-2\files-2.1\org.springframework.boot\spring-boot-starter-test\3.3.2\7b4eb23bcd4
Launcher Type: SUN_STANDARD

[Global flags]
     intx CICompilerCount                          = 4                                         {product} {ergonomic}
     uint ConcGCThreads                            = 2                                         {product} {ergonomic}
     uint G1ConcRefinementThreads                  = 8                                         {product} {ergonomic}
   size_t G1HeapRegionSize                         = 1048576                                   {product} {ergonomic}
    uintx GCDrainStackTargetSize                   = 64                                        {product} {ergonomic}
   size_t InitialHeapSize                          = 266338304                                 {product} {ergonomic}
   size_t MarkStackSize                            = 4194304                                   {product} {ergonomic}
   size_t MaxHeapSize                              = 536870912                                 {product} {command line}
   size_t MaxNewSize                               = 321912832                                 {product} {ergonomic}
   size_t MinHeapDeltaBytes                        = 1048576                                   {product} {ergonomic}
   size_t MinHeapSize                              = 8388608                                   {product} {ergonomic}
    uintx NonNMethodCodeHeapSize                   = 5839372                                {pd product} {ergonomic}
    uintx NonProfiledCodeHeapSize                  = 122909434                              {pd product} {ergonomic}
    uintx ProfiledCodeHeapSize                     = 122909434                              {pd product} {ergonomic}
    uintx ReservedCodeCacheSize                    = 251658240                              {pd product} {ergonomic}
     bool SegmentedCodeCache                       = true                                      {product} {ergonomic}
   size_t SoftMaxHeapSize                          = 536870912                              {manageable} {ergonomic}
     bool UseCompressedClassPointers               = true                           {product lp64_product} {ergonomic}
     bool UseCompressedOops                        = true                           {product lp64_product} {ergonomic}
     bool UseG1GC                                  = true                                      {product} {ergonomic}
     bool UseLargePagesIndividualAllocation        = false                                  {pd product} {ergonomic}

Logging:
Log output configuration:
 #0: stdout all=warning uptime,level,tags
 #1: stderr all=off uptime,level,tags

Environment Variables:
JAVA_HOME=C:\Program Files\Java\jdk-17
PATH=C:\Program Files\Java\jdk-17\bin;C:\app\user\product\21c\dbhomeXE\bin;C:\Program Files\Common Files\Oracle\Java\javapath;C:\Program Files\Java\jdk-17\bin\;C:\WINDOWS\system32;C:\WINDOWS;C:\WINDOWS\System32\Wbem;C:\WINDOWS\System32\WindowsPowerShell\v1.0\;C:\WINDOWS\System32\OpenSSH\;C:\Program Files\Git\cmd;C:\Program Files\gradle-7.6.4\bin;C:\Program Files\Microsoft VS Code\bin;C:\Users\user\AppData\Local\Programs\Python\Launcher\;C:\Program Files\MySQL\MySQL Shell 8.0\bin\;C:\Users\user\AppData\Local\Microsoft\WindowsApps;;C:\Program Files\JetBrains\IntelliJ IDEA 2024.1.2\bin;;C:\Users\user\AppData\Local\afreeca
USERNAME=user
OS=Windows_NT
PROCESSOR_IDENTIFIER=Intel64 Family 6 Model 140 Stepping 1, GenuineIntel



---------------  S Y S T E M  ---------------

OS:
 Windows 11 , 64 bit Build 22621 (10.0.22621.3672)
OS uptime: 0 days 7:28 hours

CPU: total 8 (initial active 8) (4 cores per cpu, 2 threads per core) family 6 model 140 stepping 1 microcode 0x6e, cx8, cmov, fxsr, ht, mmx, 3dnowpref, sse, sse2, sse3, ssse3, sse4.1, sse4.2, popcnt, lzcnt, tsc, tscinvbit, avx, avx2, aes, erms, clmul, bmi1, bmi2, adx, avx512f, avx512dq, avx512cd, avx512bw, avx512vl, sha, fma, vzeroupper, avx512_vpopcntdq, avx512_vpclmulqdq, avx512_vaes, avx512_vnni, clflush, clflushopt, clwb, avx512_vbmi2, avx512_vbmi

Memory: 4k page, system-wide physical 16183M (3207M free)
TotalPageFile size 19183M (AvailPageFile size 4M)
current process WorkingSet (physical memory assigned to process): 264M, peak: 268M
current process commit charge ("private bytes"): 308M, peak: 405M

vm_info: Java HotSpot(TM) 64-Bit Server VM (17.0.11+7-LTS-207) for windows-amd64 JRE (17.0.11+7-LTS-207), built on Mar 11 2024 19:01:50 by "mach5one" with MS VC++ 17.6 (VS2022)

END.
